2020-09-05 13:34:06,727 [INFO:main] {<module>:16} [SYSTEM]:Created flask app.
2020-09-05 13:34:06,729 [INFO:main] {<module>:18} [SYSTEM]:Registered image_processing_api blueprint 
2020-09-05 13:34:06,729 [INFO:main] {<module>:20} [SYSTEM]:Registered user_api blueprint 
2020-09-05 13:34:06,733 [INFO:main] {<module>:22} [SYSTEM]:Registered model_management_api blueprint 
2020-09-05 13:34:06,734 [INFO:main] {<module>:24} [SYSTEM]:Registered log_management_api blueprint 
2020-09-05 13:34:07,567 [INFO:main] {<module>:16} [SYSTEM]:Created flask app.
2020-09-05 13:34:07,567 [INFO:main] {<module>:18} [SYSTEM]:Registered image_processing_api blueprint 
2020-09-05 13:34:07,569 [INFO:main] {<module>:20} [SYSTEM]:Registered user_api blueprint 
2020-09-05 13:34:07,572 [INFO:main] {<module>:22} [SYSTEM]:Registered model_management_api blueprint 
2020-09-05 13:34:07,574 [INFO:main] {<module>:24} [SYSTEM]:Registered log_management_api blueprint 
2020-09-05 13:38:20,792 [INFO:model_management_api] {get_all_model:261} [SYSTEM]:[None] Use get all ML model API.
2020-09-05 13:38:20,792 [INFO:MLManager_obj] {__init__:76} [SYSTEM]:Connecting to database
2020-09-05 13:38:20,846 [INFO:MLManager_obj] {__init__:78} [SYSTEM]:Connected to database
2020-09-05 13:38:20,846 [INFO:model_management_api] {get_all_model:263} [SYSTEM]:[None] Created MLManagement object.
2020-09-05 13:38:20,847 [INFO:model_management_api] {get_all_model:264} [SYSTEM]:[None] Call get_all_model function.
2020-09-05 13:38:20,847 [INFO:MLManager_obj] {get_all_model:122} [SYSTEM]:[None] Getting all ML models.
2020-09-05 13:38:20,873 [INFO:MLManager_obj] {get_all_model:144} [SYSTEM]:[None] Got all ML models.
2020-09-05 13:38:20,875 [INFO:model_management_api] {get_all_model:267} [SYSTEM]:[None] Deleted MLManagement object.
2020-09-05 13:38:20,876 [INFO:model_management_api] {get_all_model:281} [SYSTEM]:[None] Response data from get_all_model API
2020-09-05 13:38:25,165 [INFO:model_management_api] {get_all_model:269} [SYSTEM]:[None] Use get all ML model API.
2020-09-05 13:38:25,166 [INFO:model_management_api] {get_all_unit:294} [SYSTEM]:[Athiruj] Use get all units API.
2020-09-05 13:38:25,171 [INFO:model_management_api] {get_all_model:271} [SYSTEM]:[None] Created RefManagement object.
2020-09-05 13:38:25,171 [INFO:model_management_api] {get_all_unit:296} [SYSTEM]:[Athiruj] Created RefManagement object.
2020-09-05 13:38:25,172 [INFO:model_management_api] {get_all_model:272} [SYSTEM]:[None] Call get_all_model function.
2020-09-05 13:38:25,172 [INFO:model_management_api] {get_all_unit:297} [SYSTEM]:[Athiruj] Call get_all_model function.
2020-09-05 13:38:25,195 [INFO:model_management_api] {get_all_unit:304} [SYSTEM]:[Athiruj] Deleted RefManagement object.
2020-09-05 13:38:25,195 [INFO:model_management_api] {get_all_unit:306} [SYSTEM]:[Athiruj] Response data from get_all_model API
2020-09-05 13:38:25,198 [INFO:model_management_api] {get_all_model:279} [SYSTEM]:[None] Deleted RefManagement object.
2020-09-05 13:38:25,199 [INFO:model_management_api] {get_all_model:281} [SYSTEM]:[None] Response data from get_all_model API
2020-09-05 13:38:43,047 [INFO:model_management_api] {get_all_model:261} [SYSTEM]:[None] Use get all ML model API.
2020-09-05 13:38:43,048 [INFO:MLManager_obj] {__init__:76} [SYSTEM]:Connecting to database
2020-09-05 13:38:43,052 [INFO:MLManager_obj] {__init__:78} [SYSTEM]:Connected to database
2020-09-05 13:38:43,053 [INFO:model_management_api] {get_all_model:263} [SYSTEM]:[None] Created MLManagement object.
2020-09-05 13:38:43,054 [INFO:model_management_api] {get_all_model:264} [SYSTEM]:[None] Call get_all_model function.
2020-09-05 13:38:43,054 [INFO:MLManager_obj] {get_all_model:122} [SYSTEM]:[None] Getting all ML models.
2020-09-05 13:38:43,079 [INFO:MLManager_obj] {get_all_model:144} [SYSTEM]:[None] Got all ML models.
2020-09-05 13:38:43,094 [INFO:model_management_api] {get_all_model:267} [SYSTEM]:[None] Deleted MLManagement object.
2020-09-05 13:38:43,095 [INFO:model_management_api] {get_all_model:281} [SYSTEM]:[None] Response data from get_all_model API
2020-09-05 13:38:51,445 [INFO:model_management_api] {get_all_model:261} [SYSTEM]:[None] Use get all ML model API.
2020-09-05 13:38:51,446 [INFO:MLManager_obj] {__init__:76} [SYSTEM]:Connecting to database
2020-09-05 13:38:51,448 [INFO:MLManager_obj] {__init__:78} [SYSTEM]:Connected to database
2020-09-05 13:38:51,450 [INFO:model_management_api] {get_all_model:263} [SYSTEM]:[None] Created MLManagement object.
2020-09-05 13:38:51,452 [INFO:model_management_api] {get_all_model:264} [SYSTEM]:[None] Call get_all_model function.
2020-09-05 13:38:51,453 [INFO:MLManager_obj] {get_all_model:122} [SYSTEM]:[None] Getting all ML models.
2020-09-05 13:38:51,479 [INFO:MLManager_obj] {get_all_model:144} [SYSTEM]:[None] Got all ML models.
2020-09-05 13:38:51,495 [INFO:model_management_api] {get_all_model:267} [SYSTEM]:[None] Deleted MLManagement object.
2020-09-05 13:38:51,495 [INFO:model_management_api] {get_all_model:281} [SYSTEM]:[None] Response data from get_all_model API
2020-09-05 13:38:52,968 [INFO:model_management_api] {get_all_model:269} [SYSTEM]:[None] Use get all ML model API.
2020-09-05 13:38:52,978 [INFO:model_management_api] {get_all_model:271} [SYSTEM]:[None] Created RefManagement object.
2020-09-05 13:38:52,979 [INFO:model_management_api] {get_all_model:272} [SYSTEM]:[None] Call get_all_model function.
2020-09-05 13:38:53,020 [INFO:model_management_api] {get_all_model:279} [SYSTEM]:[None] Deleted RefManagement object.
2020-09-05 13:38:53,020 [INFO:model_management_api] {get_all_model:281} [SYSTEM]:[None] Response data from get_all_model API
2020-09-05 13:38:53,268 [INFO:model_management_api] {get_all_unit:294} [SYSTEM]:[Athiruj] Use get all units API.
2020-09-05 13:38:53,274 [INFO:model_management_api] {get_all_unit:296} [SYSTEM]:[Athiruj] Created RefManagement object.
2020-09-05 13:38:53,275 [INFO:model_management_api] {get_all_unit:297} [SYSTEM]:[Athiruj] Call get_all_model function.
2020-09-05 13:38:53,295 [INFO:model_management_api] {get_all_unit:304} [SYSTEM]:[Athiruj] Deleted RefManagement object.
2020-09-05 13:38:53,318 [INFO:model_management_api] {get_all_unit:306} [SYSTEM]:[Athiruj] Response data from get_all_model API
2020-09-05 13:38:54,528 [INFO:LogManager] {__init__:11} [SYSTEM]:Set log variable
2020-09-05 13:38:54,529 [INFO:LogManager] {__init__:22} [SYSTEM]:parent : C:\Users\First-AP\Desktop\Homework\4th Year\CSI_project\Docker\Flask\app
2020-09-05 13:38:54,529 [INFO:LogManager] {get_today_log:50} [SYSTEM]:[Athiruj_admin] Prepair date data to query.
2020-09-05 13:38:54,540 [INFO:LogManager] {get_today_log:66} [SYSTEM]:[Athiruj_admin] Read log 2020-09-05.log .
2020-09-05 13:38:54,542 [INFO:LogManager] {get_today_log:86} [SYSTEM]:[Athiruj_admin] Close log file.
2020-09-05 13:38:54,543 [INFO:LogManager] {get_today_log:87} [SYSTEM]:[Athiruj_admin] Got all today logs.
2020-09-06 14:23:29,572 [INFO:LogManager] {__init__:11} [SYSTEM]:Set log variable
2020-09-06 14:23:29,583 [INFO:LogManager] {__init__:22} [SYSTEM]:parent : C:\Users\First-AP\Desktop\Homework\4th Year\CSI_project\Docker\Flask\app
2020-09-06 14:23:29,718 [INFO:LogManager] {get_today_log:50} [SYSTEM]:[Athiruj_admin] Prepair date data to query.
2020-09-06 14:23:29,721 [WARNING:LogManager] {get_today_log:96} [SYSTEM]:local variable 'file_read' referenced before assignment.
