2020-09-13 22:32:16,513 [INFO:main] {<module>:29} [SYSTEM]:Created flask app.
2020-09-13 22:32:16,515 [INFO:main] {<module>:31} [SYSTEM]:Registered image_processing_api blueprint 
2020-09-13 22:32:16,517 [INFO:main] {<module>:33} [SYSTEM]:Registered user_api blueprint 
2020-09-13 22:32:16,528 [INFO:main] {<module>:35} [SYSTEM]:Registered model_management_api blueprint 
2020-09-13 22:32:16,530 [INFO:main] {<module>:37} [SYSTEM]:Registered log_management_api blueprint 
2020-09-13 22:32:17,474 [INFO:main] {<module>:29} [SYSTEM]:Created flask app.
2020-09-13 22:32:17,476 [INFO:main] {<module>:31} [SYSTEM]:Registered image_processing_api blueprint 
2020-09-13 22:32:17,484 [INFO:main] {<module>:33} [SYSTEM]:Registered user_api blueprint 
2020-09-13 22:32:17,487 [INFO:main] {<module>:35} [SYSTEM]:Registered model_management_api blueprint 
2020-09-13 22:32:17,495 [INFO:main] {<module>:37} [SYSTEM]:Registered log_management_api blueprint 
2020-09-13 22:32:23,861 [INFO:LogManager] {__init__:13} [SYSTEM]:Set log variable
2020-09-13 22:32:23,862 [INFO:user_management] {add_log:215} [USER]:[admin] Enter page /upload
2020-09-13 22:32:32,968 [INFO:LogManager] {__init__:13} [SYSTEM]:Set log variable
2020-09-13 22:32:32,969 [INFO:user_management] {add_log:215} [USER]:[admin] Choosen image file.
2020-09-13 22:32:34,329 [INFO:LogManager] {__init__:13} [SYSTEM]:Set log variable
2020-09-13 22:32:34,330 [INFO:user_management] {add_log:215} [USER]:[admin] Selected measurement unit.
2020-09-13 22:32:34,908 [INFO:LogManager] {__init__:13} [SYSTEM]:Set log variable
2020-09-13 22:32:34,909 [INFO:user_management] {add_log:215} [USER]:[admin] Click upload image button.
2020-09-13 22:32:35,181 [INFO:image_processing_api] {upload_image:59} [SYSTEM]:[admin] Prepair image data to be measure.
2020-09-13 22:32:35,181 [INFO:image_processing_api] {upload_image:70} [SYSTEM]:[admin] Processing image...
2020-09-13 22:32:35,309 [INFO:image_processing_api] {upload_image:77} [SYSTEM]:[admin] Got measurement result
2020-09-13 22:32:35,361 [ERROR:image_processing_api] {upload_image:106} [SYSTEM]:OpenCV(4.3.0) C:\projects\opencv-python\opencv\modules\dnn\src\darknet\darknet_importer.cpp:214: error: (-212:Parsing error) Failed to parse NetParameter file: /app/db_file/ml_model/6b02100ac03e43428337f9daaad8d329.weights in function 'cv::dnn::dnn4_v20200310::readNetFromDarknet'
.
2020-09-13 22:32:38,638 [INFO:LogManager] {__init__:13} [SYSTEM]:Set log variable
2020-09-13 22:32:38,646 [INFO:user_management] {add_log:215} [USER]:[admin] Enter page /log
2020-09-13 22:32:38,938 [INFO:LogManager] {__init__:13} [SYSTEM]:Set log variable
2020-09-13 22:32:38,938 [INFO:LogManager] {get_min_max_date:181} [SYSTEM]:[admin] Prepair date data to query.
2020-09-13 22:32:38,941 [INFO:LogManager] {__init__:13} [SYSTEM]:Set log variable
2020-09-13 22:32:38,943 [INFO:LogManager] {get_min_max_date:198} [SYSTEM]:[admin] Close log file.
2020-09-13 22:32:38,948 [INFO:LogManager] {get_today_log:53} [SYSTEM]:[admin] Prepair date data to query.
2020-09-13 22:32:38,949 [INFO:LogManager] {get_min_max_date:199} [SYSTEM]:[admin] Got min and max date.
2020-09-13 22:32:38,964 [INFO:LogManager] {get_today_log:69} [SYSTEM]:[admin] Read log 2020-09-13.log .
2020-09-13 22:32:38,969 [INFO:LogManager] {get_today_log:89} [SYSTEM]:[admin] Close log file.
2020-09-13 22:32:38,969 [INFO:LogManager] {get_today_log:90} [SYSTEM]:[admin] Got all today logs.
2020-09-13 22:32:52,983 [INFO:LogManager] {__init__:13} [SYSTEM]:Set log variable
2020-09-13 22:32:52,984 [INFO:user_management] {add_log:215} [USER]:[admin] Enter page /ml_management
2020-09-13 22:32:53,036 [INFO:model_management_api] {get_all_model:281} [SYSTEM]:[admin] Use get all ML model API.
2020-09-13 22:32:53,037 [INFO:MLManager_obj] {__init__:76} [SYSTEM]:Connecting to database
2020-09-13 22:32:53,094 [INFO:MLManager_obj] {__init__:78} [SYSTEM]:Connected to database
2020-09-13 22:32:53,095 [INFO:model_management_api] {get_all_model:283} [SYSTEM]:[admin] Created MLManagement object.
2020-09-13 22:32:53,095 [INFO:model_management_api] {get_all_model:284} [SYSTEM]:[admin] Call get_all_model function.
2020-09-13 22:32:53,096 [INFO:MLManager_obj] {get_all_model:122} [SYSTEM]:[admin] Getting all ML models.
2020-09-13 22:32:53,126 [INFO:MLManager_obj] {get_all_model:144} [SYSTEM]:[admin] Got all ML models.
2020-09-13 22:32:53,129 [INFO:model_management_api] {get_all_model:287} [SYSTEM]:[admin] Deleted MLManagement object.
2020-09-13 22:32:53,131 [INFO:model_management_api] {get_all_model:301} [SYSTEM]:[admin] Response data from get_all_model API
2020-09-13 22:32:54,359 [INFO:LogManager] {__init__:13} [SYSTEM]:Set log variable
2020-09-13 22:32:54,360 [INFO:user_management] {add_log:215} [USER]:[admin] Enter page /ref_management
2020-09-13 22:32:54,661 [INFO:model_management_api] {get_all_model:289} [SYSTEM]:[admin] Use get all ML model API.
2020-09-13 22:32:54,674 [INFO:model_management_api] {get_all_model:291} [SYSTEM]:[admin] Created RefManagement object.
2020-09-13 22:32:54,674 [INFO:model_management_api] {get_all_model:292} [SYSTEM]:[admin] Call get_all_model function.
2020-09-13 22:32:54,712 [INFO:model_management_api] {get_all_model:299} [SYSTEM]:[admin] Deleted RefManagement object.
2020-09-13 22:32:54,713 [INFO:model_management_api] {get_all_model:301} [SYSTEM]:[admin] Response data from get_all_model API
2020-09-13 22:32:54,966 [INFO:model_management_api] {get_all_unit:316} [SYSTEM]:[admin] Use get all units API.
2020-09-13 22:32:54,977 [INFO:model_management_api] {get_all_unit:318} [SYSTEM]:[admin] Created RefManagement object.
2020-09-13 22:32:54,978 [INFO:model_management_api] {get_all_unit:319} [SYSTEM]:[admin] Call get_all_model function.
2020-09-13 22:32:55,012 [INFO:model_management_api] {get_all_unit:326} [SYSTEM]:[admin] Deleted RefManagement object.
2020-09-13 22:32:55,013 [INFO:model_management_api] {get_all_unit:328} [SYSTEM]:[admin] Response data from get_all_model API
2020-09-13 22:33:03,346 [INFO:LogManager] {__init__:13} [SYSTEM]:Set log variable
2020-09-13 22:33:03,348 [INFO:user_management] {add_log:215} [USER]:[admin] Enter page /ml_management
2020-09-13 22:33:03,403 [INFO:model_management_api] {get_all_model:281} [SYSTEM]:[admin] Use get all ML model API.
2020-09-13 22:33:03,404 [INFO:MLManager_obj] {__init__:76} [SYSTEM]:Connecting to database
2020-09-13 22:33:03,407 [INFO:MLManager_obj] {__init__:78} [SYSTEM]:Connected to database
2020-09-13 22:33:03,408 [INFO:model_management_api] {get_all_model:283} [SYSTEM]:[admin] Created MLManagement object.
2020-09-13 22:33:03,408 [INFO:model_management_api] {get_all_model:284} [SYSTEM]:[admin] Call get_all_model function.
2020-09-13 22:33:03,409 [INFO:MLManager_obj] {get_all_model:122} [SYSTEM]:[admin] Getting all ML models.
2020-09-13 22:33:03,426 [INFO:MLManager_obj] {get_all_model:144} [SYSTEM]:[admin] Got all ML models.
2020-09-13 22:33:03,429 [INFO:model_management_api] {get_all_model:287} [SYSTEM]:[admin] Deleted MLManagement object.
2020-09-13 22:33:03,430 [INFO:model_management_api] {get_all_model:301} [SYSTEM]:[admin] Response data from get_all_model API
2020-09-13 22:33:13,773 [INFO:LogManager] {__init__:13} [SYSTEM]:Set log variable
2020-09-13 22:33:13,774 [INFO:user_management] {add_log:215} [USER]:[admin] Open add reference modal.
2020-09-13 22:33:33,781 [INFO:LogManager] {__init__:13} [SYSTEM]:Set log variable
2020-09-13 22:33:33,781 [INFO:user_management] {add_log:215} [USER]:[admin] Click submit on add machine learning model modal.
2020-09-13 22:33:33,835 [INFO:MLManager_obj] {__init__:76} [SYSTEM]:Connecting to database
2020-09-13 22:33:33,837 [INFO:MLManager_obj] {__init__:78} [SYSTEM]:Connected to database
2020-09-13 22:33:33,922 [INFO:LogManager] {__init__:13} [SYSTEM]:Set log variable
2020-09-13 22:33:33,923 [INFO:user_management] {add_log:215} [USER]:[admin] Close add machine learning modal.
2020-09-13 22:33:36,900 [INFO:LogManager] {__init__:13} [SYSTEM]:Set log variable
2020-09-13 22:33:36,901 [INFO:user_management] {add_log:215} [USER]:[admin] Enter page /ref_management
2020-09-13 22:33:37,506 [INFO:model_management_api] {get_all_model:289} [SYSTEM]:[admin] Use get all ML model API.
2020-09-13 22:33:37,510 [INFO:model_management_api] {get_all_unit:316} [SYSTEM]:[admin] Use get all units API.
2020-09-13 22:33:37,520 [INFO:model_management_api] {get_all_model:291} [SYSTEM]:[admin] Created RefManagement object.
2020-09-13 22:33:37,521 [INFO:model_management_api] {get_all_model:292} [SYSTEM]:[admin] Call get_all_model function.
2020-09-13 22:33:37,539 [INFO:model_management_api] {get_all_unit:318} [SYSTEM]:[admin] Created RefManagement object.
2020-09-13 22:33:37,540 [INFO:model_management_api] {get_all_unit:319} [SYSTEM]:[admin] Call get_all_model function.
2020-09-13 22:33:37,560 [INFO:model_management_api] {get_all_model:299} [SYSTEM]:[admin] Deleted RefManagement object.
2020-09-13 22:33:37,571 [INFO:model_management_api] {get_all_model:301} [SYSTEM]:[admin] Response data from get_all_model API
2020-09-13 22:33:37,574 [INFO:model_management_api] {get_all_unit:326} [SYSTEM]:[admin] Deleted RefManagement object.
2020-09-13 22:33:37,575 [INFO:model_management_api] {get_all_unit:328} [SYSTEM]:[admin] Response data from get_all_model API
2020-09-13 22:33:38,113 [INFO:LogManager] {__init__:13} [SYSTEM]:Set log variable
2020-09-13 22:33:38,114 [INFO:user_management] {add_log:215} [USER]:[admin] Open add reference modal.
2020-09-13 22:33:39,652 [INFO:model_management_api] {add_model:63} [SYSTEM]:[admin] Use add ML model API.
2020-09-13 22:33:39,653 [INFO:MLManager_obj] {__init__:76} [SYSTEM]:Connecting to database
2020-09-13 22:33:39,655 [INFO:MLManager_obj] {__init__:78} [SYSTEM]:Connected to database
2020-09-13 22:33:39,656 [INFO:model_management_api] {add_model:69} [SYSTEM]:[admin] Created MLManagement object.
2020-09-13 22:33:39,664 [INFO:model_management_api] {add_model:70} [SYSTEM]:[admin] Call add_model function.
2020-09-13 22:33:39,665 [INFO:MLManager_obj] {add_model:179} [SYSTEM]:[admin] Prepair ML model data to be save.
2020-09-13 22:33:39,682 [INFO:MLManager_obj] {add_model:204} [SYSTEM]:[admin] Saved a ML model file to storage.
2020-09-13 22:33:39,971 [INFO:MLManager_obj] {add_model:221} [SYSTEM]:[admin] Added a ML model details to database.
2020-09-13 22:33:39,973 [INFO:model_management_api] {add_model:82} [SYSTEM]:[admin] Response data from delete_model API
2020-09-13 22:33:40,342 [INFO:model_management_api] {get_all_model:281} [SYSTEM]:[admin] Use get all ML model API.
2020-09-13 22:33:40,343 [INFO:MLManager_obj] {__init__:76} [SYSTEM]:Connecting to database
2020-09-13 22:33:40,345 [INFO:MLManager_obj] {__init__:78} [SYSTEM]:Connected to database
2020-09-13 22:33:40,354 [INFO:model_management_api] {get_all_model:283} [SYSTEM]:[admin] Created MLManagement object.
2020-09-13 22:33:40,354 [INFO:model_management_api] {get_all_model:284} [SYSTEM]:[admin] Call get_all_model function.
2020-09-13 22:33:40,355 [INFO:MLManager_obj] {get_all_model:122} [SYSTEM]:[admin] Getting all ML models.
2020-09-13 22:33:40,385 [INFO:MLManager_obj] {get_all_model:144} [SYSTEM]:[admin] Got all ML models.
2020-09-13 22:33:40,394 [INFO:model_management_api] {get_all_model:287} [SYSTEM]:[admin] Deleted MLManagement object.
2020-09-13 22:33:40,408 [INFO:model_management_api] {get_all_model:301} [SYSTEM]:[admin] Response data from get_all_model API
2020-09-13 22:34:07,165 [INFO:LogManager] {__init__:13} [SYSTEM]:Set log variable
2020-09-13 22:34:07,172 [INFO:user_management] {add_log:215} [USER]:[admin] Click submit on add reference model modal.
2020-09-13 22:34:07,850 [INFO:LogManager] {__init__:13} [SYSTEM]:Set log variable
2020-09-13 22:34:07,851 [INFO:user_management] {add_log:215} [USER]:[admin] Close add reference modal.
2020-09-13 22:34:12,563 [INFO:model_management_api] {add_model:86} [SYSTEM]:[admin] Use add Ref model API.
2020-09-13 22:34:12,566 [INFO:model_management_api] {add_model:94} [SYSTEM]:[admin] Created MLManagement object.
2020-09-13 22:34:12,575 [INFO:model_management_api] {add_model:95} [SYSTEM]:[admin] Call add_model function.
2020-09-13 22:34:12,927 [INFO:model_management_api] {add_model:104} [SYSTEM]:[admin] Response data from delete_model API
2020-09-13 22:34:13,304 [INFO:model_management_api] {get_all_model:289} [SYSTEM]:[admin] Use get all ML model API.
2020-09-13 22:34:13,316 [INFO:model_management_api] {get_all_model:291} [SYSTEM]:[admin] Created RefManagement object.
2020-09-13 22:34:13,317 [INFO:model_management_api] {get_all_model:292} [SYSTEM]:[admin] Call get_all_model function.
2020-09-13 22:34:13,362 [INFO:model_management_api] {get_all_model:299} [SYSTEM]:[admin] Deleted RefManagement object.
2020-09-13 22:34:13,363 [INFO:model_management_api] {get_all_model:301} [SYSTEM]:[admin] Response data from get_all_model API
2020-09-13 22:34:42,670 [INFO:LogManager] {__init__:13} [SYSTEM]:Set log variable
2020-09-13 22:34:42,671 [INFO:user_management] {add_log:215} [USER]:[admin] Click switch active reference model button.
2020-09-13 22:34:43,692 [INFO:model_management_api] {change_active_model:201} [SYSTEM]:[admin] Use change active Ref model API.
2020-09-13 22:34:43,706 [INFO:model_management_api] {change_active_model:203} [SYSTEM]:[admin] Created RefManagement object.
2020-09-13 22:34:43,707 [INFO:model_management_api] {change_active_model:204} [SYSTEM]:[admin] Call change_active_model function.
2020-09-13 22:34:43,749 [INFO:model_management_api] {change_active_model:213} [SYSTEM]:[admin] Deleted RefManagement object.
2020-09-13 22:34:43,750 [INFO:model_management_api] {change_active_model:214} [SYSTEM]:[admin] Response data from change_active_model API
2020-09-13 22:34:44,076 [INFO:model_management_api] {get_all_model:289} [SYSTEM]:[admin] Use get all ML model API.
2020-09-13 22:34:44,088 [INFO:model_management_api] {get_all_model:291} [SYSTEM]:[admin] Created RefManagement object.
2020-09-13 22:34:44,088 [INFO:model_management_api] {get_all_model:292} [SYSTEM]:[admin] Call get_all_model function.
2020-09-13 22:34:44,129 [INFO:model_management_api] {get_all_model:299} [SYSTEM]:[admin] Deleted RefManagement object.
2020-09-13 22:34:44,129 [INFO:model_management_api] {get_all_model:301} [SYSTEM]:[admin] Response data from get_all_model API
2020-09-13 22:34:44,711 [INFO:LogManager] {__init__:13} [SYSTEM]:Set log variable
2020-09-13 22:34:44,712 [INFO:user_management] {add_log:215} [USER]:[admin] Enter page /ml_management
2020-09-13 22:34:45,015 [INFO:model_management_api] {get_all_model:281} [SYSTEM]:[admin] Use get all ML model API.
2020-09-13 22:34:45,015 [INFO:MLManager_obj] {__init__:76} [SYSTEM]:Connecting to database
2020-09-13 22:34:45,018 [INFO:MLManager_obj] {__init__:78} [SYSTEM]:Connected to database
2020-09-13 22:34:45,018 [INFO:model_management_api] {get_all_model:283} [SYSTEM]:[admin] Created MLManagement object.
2020-09-13 22:34:45,018 [INFO:model_management_api] {get_all_model:284} [SYSTEM]:[admin] Call get_all_model function.
2020-09-13 22:34:45,018 [INFO:MLManager_obj] {get_all_model:122} [SYSTEM]:[admin] Getting all ML models.
2020-09-13 22:34:45,058 [INFO:MLManager_obj] {get_all_model:144} [SYSTEM]:[admin] Got all ML models.
2020-09-13 22:34:45,061 [INFO:model_management_api] {get_all_model:287} [SYSTEM]:[admin] Deleted MLManagement object.
2020-09-13 22:34:45,062 [INFO:model_management_api] {get_all_model:301} [SYSTEM]:[admin] Response data from get_all_model API
2020-09-13 22:34:46,938 [INFO:LogManager] {__init__:13} [SYSTEM]:Set log variable
2020-09-13 22:34:46,939 [INFO:user_management] {add_log:215} [USER]:[admin] Click switch active machine learning model button.
2020-09-13 22:34:47,253 [INFO:model_management_api] {change_active_model:185} [SYSTEM]:[admin] Use change active ML model API.
2020-09-13 22:34:47,254 [INFO:MLManager_obj] {__init__:76} [SYSTEM]:Connecting to database
2020-09-13 22:34:47,257 [INFO:MLManager_obj] {__init__:78} [SYSTEM]:Connected to database
2020-09-13 22:34:47,264 [INFO:model_management_api] {change_active_model:187} [SYSTEM]:[admin] Created MLManagement object.
2020-09-13 22:34:47,265 [INFO:model_management_api] {change_active_model:188} [SYSTEM]:[admin] Call change_active_model function.
2020-09-13 22:34:47,266 [INFO:MLManager_obj] {change_active_model:303} [SYSTEM]:[admin] Prepair ML model data to be activate.
2020-09-13 22:34:47,311 [INFO:MLManager_obj] {change_active_model:324} [SYSTEM]:[admin] Disable an active model.
2020-09-13 22:34:47,313 [INFO:MLManager_obj] {change_active_model:330} [SYSTEM]:[admin] Activate a selected model.
2020-09-13 22:34:47,315 [INFO:model_management_api] {change_active_model:197} [SYSTEM]:[admin] Deleted MLManagement object.
2020-09-13 22:34:47,316 [INFO:model_management_api] {change_active_model:198} [SYSTEM]:[admin] Response data from change_active_model API
2020-09-13 22:34:47,650 [INFO:model_management_api] {get_all_model:281} [SYSTEM]:[admin] Use get all ML model API.
2020-09-13 22:34:47,650 [INFO:MLManager_obj] {__init__:76} [SYSTEM]:Connecting to database
2020-09-13 22:34:47,654 [INFO:MLManager_obj] {__init__:78} [SYSTEM]:Connected to database
2020-09-13 22:34:47,662 [INFO:model_management_api] {get_all_model:283} [SYSTEM]:[admin] Created MLManagement object.
2020-09-13 22:34:47,663 [INFO:model_management_api] {get_all_model:284} [SYSTEM]:[admin] Call get_all_model function.
2020-09-13 22:34:47,664 [INFO:MLManager_obj] {get_all_model:122} [SYSTEM]:[admin] Getting all ML models.
2020-09-13 22:34:47,694 [INFO:MLManager_obj] {get_all_model:144} [SYSTEM]:[admin] Got all ML models.
2020-09-13 22:34:47,700 [INFO:model_management_api] {get_all_model:287} [SYSTEM]:[admin] Deleted MLManagement object.
2020-09-13 22:34:47,712 [INFO:model_management_api] {get_all_model:301} [SYSTEM]:[admin] Response data from get_all_model API
2020-09-13 22:34:48,806 [INFO:LogManager] {__init__:13} [SYSTEM]:Set log variable
2020-09-13 22:34:48,813 [INFO:user_management] {add_log:215} [USER]:[admin] Enter page /upload
2020-09-13 22:34:55,706 [INFO:LogManager] {__init__:13} [SYSTEM]:Set log variable
2020-09-13 22:34:55,706 [INFO:user_management] {add_log:215} [USER]:[admin] Choosen image file.
2020-09-13 22:34:56,123 [INFO:LogManager] {__init__:13} [SYSTEM]:Set log variable
2020-09-13 22:34:56,125 [INFO:user_management] {add_log:215} [USER]:[admin] Selected measurement unit.
2020-09-13 22:34:57,192 [INFO:LogManager] {__init__:13} [SYSTEM]:Set log variable
2020-09-13 22:34:57,193 [INFO:user_management] {add_log:215} [USER]:[admin] Click upload image button.
2020-09-13 22:34:57,461 [INFO:image_processing_api] {upload_image:59} [SYSTEM]:[admin] Prepair image data to be measure.
2020-09-13 22:34:57,462 [INFO:image_processing_api] {upload_image:70} [SYSTEM]:[admin] Processing image...
2020-09-13 22:34:57,588 [INFO:image_processing_api] {upload_image:77} [SYSTEM]:[admin] Got measurement result
2020-09-13 22:35:01,388 [ERROR:image_measurement] {measure_obj_size:506} [SYSTEM]:name 'ref_cnt_box' is not defined.
2020-09-13 22:35:01,390 [INFO:image_processing_api] {upload_image:80} [SYSTEM]:[admin] Prepair image date to be response.
2020-09-13 22:35:01,390 [ERROR:image_processing_api] {upload_image:106} [SYSTEM]:'img'.
2020-09-13 22:35:11,274 [INFO:LogManager] {__init__:13} [SYSTEM]:Set log variable
2020-09-13 22:35:11,274 [INFO:user_management] {add_log:215} [USER]:[admin] Enter page /log
2020-09-13 22:35:11,567 [INFO:LogManager] {__init__:13} [SYSTEM]:Set log variable
2020-09-13 22:35:11,568 [INFO:LogManager] {get_min_max_date:181} [SYSTEM]:[admin] Prepair date data to query.
2020-09-13 22:35:11,569 [INFO:LogManager] {get_min_max_date:198} [SYSTEM]:[admin] Close log file.
2020-09-13 22:35:11,570 [INFO:LogManager] {get_min_max_date:199} [SYSTEM]:[admin] Got min and max date.
2020-09-13 22:35:11,579 [INFO:LogManager] {__init__:13} [SYSTEM]:Set log variable
2020-09-13 22:35:11,580 [INFO:LogManager] {get_today_log:53} [SYSTEM]:[admin] Prepair date data to query.
2020-09-13 22:35:11,609 [INFO:LogManager] {get_today_log:69} [SYSTEM]:[admin] Read log 2020-09-13.log .
2020-09-13 22:35:11,618 [INFO:LogManager] {get_today_log:89} [SYSTEM]:[admin] Close log file.
2020-09-13 22:35:11,621 [INFO:LogManager] {get_today_log:90} [SYSTEM]:[admin] Got all today logs.
2020-09-13 22:35:54,667 [INFO:main] {<module>:29} [SYSTEM]:Created flask app.
2020-09-13 22:35:54,669 [INFO:main] {<module>:31} [SYSTEM]:Registered image_processing_api blueprint 
2020-09-13 22:35:54,670 [INFO:main] {<module>:33} [SYSTEM]:Registered user_api blueprint 
2020-09-13 22:35:54,674 [INFO:main] {<module>:35} [SYSTEM]:Registered model_management_api blueprint 
2020-09-13 22:35:54,676 [INFO:main] {<module>:37} [SYSTEM]:Registered log_management_api blueprint 
2020-09-13 22:36:02,324 [INFO:main] {<module>:29} [SYSTEM]:Created flask app.
2020-09-13 22:36:02,326 [INFO:main] {<module>:31} [SYSTEM]:Registered image_processing_api blueprint 
2020-09-13 22:36:02,328 [INFO:main] {<module>:33} [SYSTEM]:Registered user_api blueprint 
2020-09-13 22:36:02,331 [INFO:main] {<module>:35} [SYSTEM]:Registered model_management_api blueprint 
2020-09-13 22:36:02,333 [INFO:main] {<module>:37} [SYSTEM]:Registered log_management_api blueprint 
2020-09-13 22:36:11,286 [INFO:main] {<module>:29} [SYSTEM]:Created flask app.
2020-09-13 22:36:11,288 [INFO:main] {<module>:31} [SYSTEM]:Registered image_processing_api blueprint 
2020-09-13 22:36:11,290 [INFO:main] {<module>:33} [SYSTEM]:Registered user_api blueprint 
2020-09-13 22:36:11,294 [INFO:main] {<module>:35} [SYSTEM]:Registered model_management_api blueprint 
2020-09-13 22:36:11,295 [INFO:main] {<module>:37} [SYSTEM]:Registered log_management_api blueprint 
2020-09-13 22:37:11,875 [INFO:LogManager] {__init__:13} [SYSTEM]:Set log variable
2020-09-13 22:37:11,875 [INFO:user_management] {add_log:215} [USER]:[admin] Enter page /upload
2020-09-13 22:37:13,989 [INFO:LogManager] {__init__:13} [SYSTEM]:Set log variable
2020-09-13 22:37:13,991 [INFO:user_management] {add_log:215} [USER]:[admin] Choosen image file.
2020-09-13 22:37:15,426 [INFO:LogManager] {__init__:13} [SYSTEM]:Set log variable
2020-09-13 22:37:15,426 [INFO:user_management] {add_log:215} [USER]:[admin] Selected measurement unit.
2020-09-13 22:37:15,676 [INFO:LogManager] {__init__:13} [SYSTEM]:Set log variable
2020-09-13 22:37:15,676 [INFO:user_management] {add_log:215} [USER]:[admin] Click upload image button.
2020-09-13 22:37:15,810 [INFO:image_processing_api] {upload_image:59} [SYSTEM]:[admin] Prepair image data to be measure.
2020-09-13 22:37:15,810 [INFO:image_processing_api] {upload_image:70} [SYSTEM]:[admin] Processing image...
2020-09-13 22:37:15,925 [INFO:image_processing_api] {upload_image:77} [SYSTEM]:[admin] Got measurement result
2020-09-13 22:37:19,620 [INFO:image_processing_api] {upload_image:80} [SYSTEM]:[admin] Prepair image date to be response.
2020-09-13 22:37:19,703 [INFO:image_processing_api] {upload_image:98} [SYSTEM]:[admin] Responsed measurement result.
2020-09-13 22:37:25,314 [INFO:LogManager] {__init__:13} [SYSTEM]:Set log variable
2020-09-13 22:37:25,315 [INFO:user_management] {add_log:215} [USER]:[admin] Change measurement unit to cm
2020-09-13 22:40:51,030 [INFO:LogManager] {__init__:13} [SYSTEM]:Set log variable
2020-09-13 22:40:51,030 [INFO:user_management] {add_log:215} [USER]:[admin] Choosen image file.
2020-09-13 22:40:51,572 [INFO:LogManager] {__init__:13} [SYSTEM]:Set log variable
2020-09-13 22:40:51,572 [INFO:user_management] {add_log:215} [USER]:[admin] Selected measurement unit.
2020-09-13 22:40:52,312 [INFO:LogManager] {__init__:13} [SYSTEM]:Set log variable
2020-09-13 22:40:52,313 [INFO:user_management] {add_log:215} [USER]:[admin] Click upload image button.
2020-09-13 22:40:52,595 [INFO:image_processing_api] {upload_image:59} [SYSTEM]:[admin] Prepair image data to be measure.
2020-09-13 22:40:52,595 [INFO:image_processing_api] {upload_image:70} [SYSTEM]:[admin] Processing image...
2020-09-13 22:40:52,767 [INFO:image_processing_api] {upload_image:77} [SYSTEM]:[admin] Got measurement result
2020-09-13 22:40:56,084 [INFO:image_processing_api] {upload_image:80} [SYSTEM]:[admin] Prepair image date to be response.
2020-09-13 22:40:56,166 [INFO:image_processing_api] {upload_image:98} [SYSTEM]:[admin] Responsed measurement result.
2020-09-13 22:41:48,680 [INFO:LogManager] {__init__:13} [SYSTEM]:Set log variable
2020-09-13 22:41:48,681 [INFO:user_management] {add_log:215} [USER]:[admin] Choosen image file.
2020-09-13 22:41:49,548 [INFO:LogManager] {__init__:13} [SYSTEM]:Set log variable
2020-09-13 22:41:49,549 [INFO:user_management] {add_log:215} [USER]:[admin] Selected measurement unit.
2020-09-13 22:41:50,172 [INFO:LogManager] {__init__:13} [SYSTEM]:Set log variable
2020-09-13 22:41:50,173 [INFO:user_management] {add_log:215} [USER]:[admin] Click upload image button.
2020-09-13 22:41:50,454 [INFO:image_processing_api] {upload_image:59} [SYSTEM]:[admin] Prepair image data to be measure.
2020-09-13 22:41:50,455 [INFO:image_processing_api] {upload_image:70} [SYSTEM]:[admin] Processing image...
2020-09-13 22:41:50,614 [INFO:image_processing_api] {upload_image:77} [SYSTEM]:[admin] Got measurement result
2020-09-13 22:41:53,855 [INFO:image_processing_api] {upload_image:80} [SYSTEM]:[admin] Prepair image date to be response.
2020-09-13 22:41:53,932 [INFO:image_processing_api] {upload_image:98} [SYSTEM]:[admin] Responsed measurement result.
2020-09-13 22:42:03,381 [INFO:LogManager] {__init__:13} [SYSTEM]:Set log variable
2020-09-13 22:42:03,381 [INFO:user_management] {add_log:215} [USER]:[admin] Choosen image file.
2020-09-13 22:42:07,169 [INFO:LogManager] {__init__:13} [SYSTEM]:Set log variable
2020-09-13 22:42:07,170 [INFO:user_management] {add_log:215} [USER]:[admin] Selected measurement unit.
2020-09-13 22:42:07,702 [INFO:LogManager] {__init__:13} [SYSTEM]:Set log variable
2020-09-13 22:42:07,703 [INFO:user_management] {add_log:215} [USER]:[admin] Click upload image button.
2020-09-13 22:42:07,986 [INFO:image_processing_api] {upload_image:59} [SYSTEM]:[admin] Prepair image data to be measure.
2020-09-13 22:42:07,987 [INFO:image_processing_api] {upload_image:70} [SYSTEM]:[admin] Processing image...
2020-09-13 22:42:08,155 [INFO:image_processing_api] {upload_image:77} [SYSTEM]:[admin] Got measurement result
2020-09-13 22:42:11,340 [INFO:image_processing_api] {upload_image:80} [SYSTEM]:[admin] Prepair image date to be response.
2020-09-13 22:42:11,417 [INFO:image_processing_api] {upload_image:98} [SYSTEM]:[admin] Responsed measurement result.
2020-09-13 22:42:22,323 [INFO:LogManager] {__init__:13} [SYSTEM]:Set log variable
2020-09-13 22:42:22,324 [INFO:user_management] {add_log:215} [USER]:[admin] Click "Upload another image" button
2020-09-13 22:42:28,493 [INFO:LogManager] {__init__:13} [SYSTEM]:Set log variable
2020-09-13 22:42:28,494 [INFO:user_management] {add_log:215} [USER]:[admin] Choosen image file.
2020-09-13 22:42:29,344 [INFO:LogManager] {__init__:13} [SYSTEM]:Set log variable
2020-09-13 22:42:29,345 [INFO:user_management] {add_log:215} [USER]:[admin] Selected measurement unit.
2020-09-13 22:42:29,870 [INFO:LogManager] {__init__:13} [SYSTEM]:Set log variable
2020-09-13 22:42:29,871 [INFO:user_management] {add_log:215} [USER]:[admin] Click upload image button.
2020-09-13 22:42:30,148 [INFO:image_processing_api] {upload_image:59} [SYSTEM]:[admin] Prepair image data to be measure.
2020-09-13 22:42:30,150 [INFO:image_processing_api] {upload_image:70} [SYSTEM]:[admin] Processing image...
2020-09-13 22:42:30,314 [INFO:image_processing_api] {upload_image:77} [SYSTEM]:[admin] Got measurement result
2020-09-13 22:42:33,481 [INFO:image_processing_api] {upload_image:80} [SYSTEM]:[admin] Prepair image date to be response.
2020-09-13 22:42:33,561 [INFO:image_processing_api] {upload_image:98} [SYSTEM]:[admin] Responsed measurement result.
2020-09-13 22:42:43,801 [INFO:LogManager] {__init__:13} [SYSTEM]:Set log variable
2020-09-13 22:42:43,802 [INFO:user_management] {add_log:215} [USER]:[admin] Click "Upload another image" button
2020-09-13 22:42:47,002 [INFO:LogManager] {__init__:13} [SYSTEM]:Set log variable
2020-09-13 22:42:47,003 [INFO:user_management] {add_log:215} [USER]:[admin] Choosen image file.
2020-09-13 22:42:49,496 [INFO:LogManager] {__init__:13} [SYSTEM]:Set log variable
2020-09-13 22:42:49,497 [INFO:user_management] {add_log:215} [USER]:[admin] Selected measurement unit.
2020-09-13 22:42:49,548 [INFO:LogManager] {__init__:13} [SYSTEM]:Set log variable
2020-09-13 22:42:49,548 [INFO:user_management] {add_log:215} [USER]:[admin] Click upload image button.
2020-09-13 22:42:49,767 [INFO:image_processing_api] {upload_image:59} [SYSTEM]:[admin] Prepair image data to be measure.
2020-09-13 22:42:49,768 [INFO:image_processing_api] {upload_image:70} [SYSTEM]:[admin] Processing image...
2020-09-13 22:42:49,944 [INFO:image_processing_api] {upload_image:77} [SYSTEM]:[admin] Got measurement result
2020-09-13 22:42:53,118 [INFO:image_processing_api] {upload_image:80} [SYSTEM]:[admin] Prepair image date to be response.
2020-09-13 22:42:53,195 [INFO:image_processing_api] {upload_image:98} [SYSTEM]:[admin] Responsed measurement result.
2020-09-13 22:44:07,149 [INFO:LogManager] {__init__:13} [SYSTEM]:Set log variable
2020-09-13 22:44:07,149 [INFO:user_management] {add_log:215} [USER]:[admin] Click "Upload another image" button
2020-09-13 22:44:27,397 [INFO:LogManager] {__init__:13} [SYSTEM]:Set log variable
2020-09-13 22:44:27,397 [INFO:user_management] {add_log:215} [USER]:[admin] Choosen image file.
2020-09-13 22:44:28,338 [INFO:LogManager] {__init__:13} [SYSTEM]:Set log variable
2020-09-13 22:44:28,338 [INFO:user_management] {add_log:215} [USER]:[admin] Selected measurement unit.
2020-09-13 22:44:28,805 [INFO:LogManager] {__init__:13} [SYSTEM]:Set log variable
2020-09-13 22:44:28,807 [INFO:user_management] {add_log:215} [USER]:[admin] Click upload image button.
2020-09-13 22:44:29,088 [INFO:image_processing_api] {upload_image:59} [SYSTEM]:[admin] Prepair image data to be measure.
2020-09-13 22:44:29,089 [INFO:image_processing_api] {upload_image:70} [SYSTEM]:[admin] Processing image...
2020-09-13 22:44:29,252 [INFO:image_processing_api] {upload_image:77} [SYSTEM]:[admin] Got measurement result
2020-09-13 22:44:32,626 [INFO:image_processing_api] {upload_image:80} [SYSTEM]:[admin] Prepair image date to be response.
2020-09-13 22:44:32,704 [INFO:image_processing_api] {upload_image:98} [SYSTEM]:[admin] Responsed measurement result.
2020-09-13 22:44:38,386 [INFO:LogManager] {__init__:13} [SYSTEM]:Set log variable
2020-09-13 22:44:38,387 [INFO:user_management] {add_log:215} [USER]:[admin] Click "Upload another image" button
2020-09-13 22:44:41,355 [INFO:LogManager] {__init__:13} [SYSTEM]:Set log variable
2020-09-13 22:44:41,356 [INFO:user_management] {add_log:215} [USER]:[admin] Choosen image file.
2020-09-13 22:44:42,768 [INFO:LogManager] {__init__:13} [SYSTEM]:Set log variable
2020-09-13 22:44:42,768 [INFO:user_management] {add_log:215} [USER]:[admin] Selected measurement unit.
2020-09-13 22:44:42,989 [INFO:LogManager] {__init__:13} [SYSTEM]:Set log variable
2020-09-13 22:44:42,991 [INFO:user_management] {add_log:215} [USER]:[admin] Click upload image button.
2020-09-13 22:44:43,049 [INFO:image_processing_api] {upload_image:59} [SYSTEM]:[admin] Prepair image data to be measure.
2020-09-13 22:44:43,049 [INFO:image_processing_api] {upload_image:70} [SYSTEM]:[admin] Processing image...
2020-09-13 22:44:43,230 [INFO:image_processing_api] {upload_image:77} [SYSTEM]:[admin] Got measurement result
2020-09-13 22:44:46,801 [INFO:image_processing_api] {upload_image:80} [SYSTEM]:[admin] Prepair image date to be response.
2020-09-13 22:44:46,885 [INFO:image_processing_api] {upload_image:98} [SYSTEM]:[admin] Responsed measurement result.
2020-09-13 22:44:58,043 [INFO:LogManager] {__init__:13} [SYSTEM]:Set log variable
2020-09-13 22:44:58,044 [INFO:user_management] {add_log:215} [USER]:[admin] Click "Upload another image" button
2020-09-13 22:45:05,071 [INFO:LogManager] {__init__:13} [SYSTEM]:Set log variable
2020-09-13 22:45:05,072 [INFO:user_management] {add_log:215} [USER]:[admin] Choosen image file.
2020-09-13 22:45:05,912 [INFO:LogManager] {__init__:13} [SYSTEM]:Set log variable
2020-09-13 22:45:05,913 [INFO:user_management] {add_log:215} [USER]:[admin] Selected measurement unit.
2020-09-13 22:45:06,389 [INFO:LogManager] {__init__:13} [SYSTEM]:Set log variable
2020-09-13 22:45:06,393 [INFO:user_management] {add_log:215} [USER]:[admin] Click upload image button.
2020-09-13 22:45:06,673 [INFO:image_processing_api] {upload_image:59} [SYSTEM]:[admin] Prepair image data to be measure.
2020-09-13 22:45:06,673 [INFO:image_processing_api] {upload_image:70} [SYSTEM]:[admin] Processing image...
2020-09-13 22:45:06,829 [INFO:image_processing_api] {upload_image:77} [SYSTEM]:[admin] Got measurement result
2020-09-13 22:45:10,000 [INFO:image_processing_api] {upload_image:80} [SYSTEM]:[admin] Prepair image date to be response.
2020-09-13 22:45:10,078 [INFO:image_processing_api] {upload_image:98} [SYSTEM]:[admin] Responsed measurement result.
2020-09-13 22:45:13,800 [INFO:LogManager] {__init__:13} [SYSTEM]:Set log variable
2020-09-13 22:45:13,800 [INFO:user_management] {add_log:215} [USER]:[admin] Click "Upload another image" button
2020-09-13 22:45:16,783 [INFO:LogManager] {__init__:13} [SYSTEM]:Set log variable
2020-09-13 22:45:16,783 [INFO:user_management] {add_log:215} [USER]:[admin] Choosen image file.
2020-09-13 22:45:18,325 [INFO:LogManager] {__init__:13} [SYSTEM]:Set log variable
2020-09-13 22:45:18,326 [INFO:user_management] {add_log:215} [USER]:[admin] Selected measurement unit.
2020-09-13 22:45:18,487 [INFO:LogManager] {__init__:13} [SYSTEM]:Set log variable
2020-09-13 22:45:18,488 [INFO:user_management] {add_log:215} [USER]:[admin] Click upload image button.
2020-09-13 22:45:18,616 [INFO:image_processing_api] {upload_image:59} [SYSTEM]:[admin] Prepair image data to be measure.
2020-09-13 22:45:18,617 [INFO:image_processing_api] {upload_image:70} [SYSTEM]:[admin] Processing image...
2020-09-13 22:45:18,793 [INFO:image_processing_api] {upload_image:77} [SYSTEM]:[admin] Got measurement result
2020-09-13 22:45:22,115 [INFO:image_processing_api] {upload_image:80} [SYSTEM]:[admin] Prepair image date to be response.
2020-09-13 22:45:22,195 [INFO:image_processing_api] {upload_image:98} [SYSTEM]:[admin] Responsed measurement result.
2020-09-13 22:45:32,250 [INFO:LogManager] {__init__:13} [SYSTEM]:Set log variable
2020-09-13 22:45:32,250 [INFO:user_management] {add_log:215} [USER]:[admin] Change measurement unit to cm
2020-09-13 22:45:44,382 [INFO:LogManager] {__init__:13} [SYSTEM]:Set log variable
2020-09-13 22:45:44,384 [INFO:user_management] {add_log:215} [USER]:[admin] Click "Upload another image" button
2020-09-13 22:45:53,779 [INFO:LogManager] {__init__:13} [SYSTEM]:Set log variable
2020-09-13 22:45:53,779 [INFO:user_management] {add_log:215} [USER]:[admin] Choosen image file.
2020-09-13 22:45:54,428 [INFO:LogManager] {__init__:13} [SYSTEM]:Set log variable
2020-09-13 22:45:54,429 [INFO:user_management] {add_log:215} [USER]:[admin] Selected measurement unit.
2020-09-13 22:45:54,907 [INFO:LogManager] {__init__:13} [SYSTEM]:Set log variable
2020-09-13 22:45:54,908 [INFO:user_management] {add_log:215} [USER]:[admin] Click upload image button.
2020-09-13 22:45:55,199 [INFO:image_processing_api] {upload_image:59} [SYSTEM]:[admin] Prepair image data to be measure.
2020-09-13 22:45:55,200 [INFO:image_processing_api] {upload_image:70} [SYSTEM]:[admin] Processing image...
2020-09-13 22:45:55,364 [INFO:image_processing_api] {upload_image:77} [SYSTEM]:[admin] Got measurement result
2020-09-13 22:45:58,708 [INFO:image_processing_api] {upload_image:80} [SYSTEM]:[admin] Prepair image date to be response.
2020-09-13 22:45:58,790 [INFO:image_processing_api] {upload_image:98} [SYSTEM]:[admin] Responsed measurement result.
2020-09-13 22:46:03,008 [INFO:LogManager] {__init__:13} [SYSTEM]:Set log variable
2020-09-13 22:46:03,009 [INFO:user_management] {add_log:215} [USER]:[admin] Click "Upload another image" button
2020-09-13 22:46:05,579 [INFO:LogManager] {__init__:13} [SYSTEM]:Set log variable
2020-09-13 22:46:05,580 [INFO:user_management] {add_log:215} [USER]:[admin] Choosen image file.
2020-09-13 22:46:07,287 [INFO:LogManager] {__init__:13} [SYSTEM]:Set log variable
2020-09-13 22:46:07,288 [INFO:user_management] {add_log:215} [USER]:[admin] Selected measurement unit.
2020-09-13 22:46:07,518 [INFO:LogManager] {__init__:13} [SYSTEM]:Set log variable
2020-09-13 22:46:07,519 [INFO:user_management] {add_log:215} [USER]:[admin] Click upload image button.
2020-09-13 22:46:07,579 [INFO:image_processing_api] {upload_image:59} [SYSTEM]:[admin] Prepair image data to be measure.
2020-09-13 22:46:07,579 [INFO:image_processing_api] {upload_image:70} [SYSTEM]:[admin] Processing image...
2020-09-13 22:46:07,748 [INFO:image_processing_api] {upload_image:77} [SYSTEM]:[admin] Got measurement result
2020-09-13 22:46:10,985 [INFO:image_processing_api] {upload_image:80} [SYSTEM]:[admin] Prepair image date to be response.
2020-09-13 22:46:11,068 [INFO:image_processing_api] {upload_image:98} [SYSTEM]:[admin] Responsed measurement result.
2020-09-13 22:46:24,874 [INFO:LogManager] {__init__:13} [SYSTEM]:Set log variable
2020-09-13 22:46:24,875 [INFO:user_management] {add_log:215} [USER]:[admin] Click "Upload another image" button
2020-09-13 22:46:30,270 [INFO:Login_api] {refresh:106} [SYSTEM]: Refreshing token.
2020-09-13 22:46:30,273 [INFO:Login_api] {refresh:111} [SYSTEM]: Response new access token.
2020-09-13 22:46:30,584 [INFO:LogManager] {__init__:13} [SYSTEM]:Set log variable
2020-09-13 22:46:30,585 [INFO:user_management] {add_log:215} [USER]:[admin] Choosen image file.
2020-09-13 22:46:30,883 [INFO:LogManager] {__init__:13} [SYSTEM]:Set log variable
2020-09-13 22:46:30,883 [INFO:user_management] {add_log:215} [USER]:[admin] Selected measurement unit.
2020-09-13 22:46:31,366 [INFO:LogManager] {__init__:13} [SYSTEM]:Set log variable
2020-09-13 22:46:31,367 [INFO:user_management] {add_log:215} [USER]:[admin] Click upload image button.
2020-09-13 22:46:31,658 [INFO:image_processing_api] {upload_image:59} [SYSTEM]:[admin] Prepair image data to be measure.
2020-09-13 22:46:31,659 [INFO:image_processing_api] {upload_image:70} [SYSTEM]:[admin] Processing image...
2020-09-13 22:46:31,834 [INFO:image_processing_api] {upload_image:77} [SYSTEM]:[admin] Got measurement result
2020-09-13 22:46:35,519 [INFO:image_processing_api] {upload_image:80} [SYSTEM]:[admin] Prepair image date to be response.
2020-09-13 22:46:35,599 [INFO:image_processing_api] {upload_image:98} [SYSTEM]:[admin] Responsed measurement result.
2020-09-13 22:46:40,521 [INFO:LogManager] {__init__:13} [SYSTEM]:Set log variable
2020-09-13 22:46:40,522 [INFO:user_management] {add_log:215} [USER]:[admin] Click "Upload another image" button
2020-09-13 22:46:42,688 [INFO:LogManager] {__init__:13} [SYSTEM]:Set log variable
2020-09-13 22:46:42,689 [INFO:user_management] {add_log:215} [USER]:[admin] Choosen image file.
2020-09-13 22:46:43,895 [INFO:LogManager] {__init__:13} [SYSTEM]:Set log variable
2020-09-13 22:46:43,896 [INFO:user_management] {add_log:215} [USER]:[admin] Selected measurement unit.
2020-09-13 22:46:44,122 [INFO:LogManager] {__init__:13} [SYSTEM]:Set log variable
2020-09-13 22:46:44,123 [INFO:user_management] {add_log:215} [USER]:[admin] Click upload image button.
2020-09-13 22:46:44,183 [INFO:image_processing_api] {upload_image:59} [SYSTEM]:[admin] Prepair image data to be measure.
2020-09-13 22:46:44,184 [INFO:image_processing_api] {upload_image:70} [SYSTEM]:[admin] Processing image...
2020-09-13 22:46:44,356 [INFO:image_processing_api] {upload_image:77} [SYSTEM]:[admin] Got measurement result
2020-09-13 22:46:47,707 [INFO:image_processing_api] {upload_image:80} [SYSTEM]:[admin] Prepair image date to be response.
2020-09-13 22:46:47,787 [INFO:image_processing_api] {upload_image:98} [SYSTEM]:[admin] Responsed measurement result.
2020-09-13 22:47:21,650 [INFO:LogManager] {__init__:13} [SYSTEM]:Set log variable
2020-09-13 22:47:21,651 [INFO:user_management] {add_log:215} [USER]:[admin] Click "Upload another image" button
2020-09-13 22:47:25,991 [INFO:LogManager] {__init__:13} [SYSTEM]:Set log variable
2020-09-13 22:47:25,992 [INFO:user_management] {add_log:215} [USER]:[admin] Choosen image file.
2020-09-13 22:47:27,815 [INFO:LogManager] {__init__:13} [SYSTEM]:Set log variable
2020-09-13 22:47:27,815 [INFO:user_management] {add_log:215} [USER]:[admin] Selected measurement unit.
2020-09-13 22:47:27,854 [INFO:LogManager] {__init__:13} [SYSTEM]:Set log variable
2020-09-13 22:47:27,855 [INFO:user_management] {add_log:215} [USER]:[admin] Click upload image button.
2020-09-13 22:47:28,148 [INFO:image_processing_api] {upload_image:59} [SYSTEM]:[admin] Prepair image data to be measure.
2020-09-13 22:47:28,149 [INFO:image_processing_api] {upload_image:70} [SYSTEM]:[admin] Processing image...
2020-09-13 22:47:28,310 [INFO:image_processing_api] {upload_image:77} [SYSTEM]:[admin] Got measurement result
2020-09-13 22:47:31,443 [INFO:image_processing_api] {upload_image:80} [SYSTEM]:[admin] Prepair image date to be response.
2020-09-13 22:47:31,524 [INFO:image_processing_api] {upload_image:98} [SYSTEM]:[admin] Responsed measurement result.
2020-09-13 22:47:45,705 [INFO:LogManager] {__init__:13} [SYSTEM]:Set log variable
2020-09-13 22:47:45,706 [INFO:user_management] {add_log:215} [USER]:[admin] Click "Upload another image" button
2020-09-13 22:47:49,799 [INFO:LogManager] {__init__:13} [SYSTEM]:Set log variable
2020-09-13 22:47:49,800 [INFO:user_management] {add_log:215} [USER]:[admin] Choosen image file.
2020-09-13 22:47:58,693 [INFO:LogManager] {__init__:13} [SYSTEM]:Set log variable
2020-09-13 22:47:58,693 [INFO:user_management] {add_log:215} [USER]:[admin] Selected measurement unit.
2020-09-13 22:47:58,747 [INFO:LogManager] {__init__:13} [SYSTEM]:Set log variable
2020-09-13 22:47:58,748 [INFO:user_management] {add_log:215} [USER]:[admin] Click upload image button.
2020-09-13 22:47:59,037 [INFO:image_processing_api] {upload_image:59} [SYSTEM]:[admin] Prepair image data to be measure.
2020-09-13 22:47:59,038 [INFO:image_processing_api] {upload_image:70} [SYSTEM]:[admin] Processing image...
2020-09-13 22:47:59,204 [INFO:image_processing_api] {upload_image:77} [SYSTEM]:[admin] Got measurement result
2020-09-13 22:48:02,548 [INFO:image_processing_api] {upload_image:80} [SYSTEM]:[admin] Prepair image date to be response.
2020-09-13 22:48:02,628 [INFO:image_processing_api] {upload_image:98} [SYSTEM]:[admin] Responsed measurement result.
2020-09-13 22:48:20,280 [INFO:LogManager] {__init__:13} [SYSTEM]:Set log variable
2020-09-13 22:48:20,282 [INFO:user_management] {add_log:215} [USER]:[admin] Click "Upload another image" button
2020-09-13 22:48:23,147 [INFO:LogManager] {__init__:13} [SYSTEM]:Set log variable
2020-09-13 22:48:23,148 [INFO:user_management] {add_log:215} [USER]:[admin] Choosen image file.
2020-09-13 22:48:24,166 [INFO:LogManager] {__init__:13} [SYSTEM]:Set log variable
2020-09-13 22:48:24,167 [INFO:user_management] {add_log:215} [USER]:[admin] Selected measurement unit.
2020-09-13 22:48:24,395 [INFO:LogManager] {__init__:13} [SYSTEM]:Set log variable
2020-09-13 22:48:24,396 [INFO:user_management] {add_log:215} [USER]:[admin] Click upload image button.
2020-09-13 22:48:24,454 [INFO:image_processing_api] {upload_image:59} [SYSTEM]:[admin] Prepair image data to be measure.
2020-09-13 22:48:24,455 [INFO:image_processing_api] {upload_image:70} [SYSTEM]:[admin] Processing image...
2020-09-13 22:48:24,616 [INFO:image_processing_api] {upload_image:77} [SYSTEM]:[admin] Got measurement result
2020-09-13 22:48:27,994 [INFO:image_processing_api] {upload_image:80} [SYSTEM]:[admin] Prepair image date to be response.
2020-09-13 22:48:28,078 [INFO:image_processing_api] {upload_image:98} [SYSTEM]:[admin] Responsed measurement result.
2020-09-13 22:48:32,603 [INFO:LogManager] {__init__:13} [SYSTEM]:Set log variable
2020-09-13 22:48:32,603 [INFO:user_management] {add_log:215} [USER]:[admin] Click "Upload another image" button
2020-09-13 22:48:37,739 [INFO:LogManager] {__init__:13} [SYSTEM]:Set log variable
2020-09-13 22:48:37,739 [INFO:user_management] {add_log:215} [USER]:[admin] Choosen image file.
2020-09-13 22:48:38,861 [INFO:LogManager] {__init__:13} [SYSTEM]:Set log variable
2020-09-13 22:48:38,862 [INFO:user_management] {add_log:215} [USER]:[admin] Selected measurement unit.
2020-09-13 22:48:39,428 [INFO:LogManager] {__init__:13} [SYSTEM]:Set log variable
2020-09-13 22:48:39,429 [INFO:user_management] {add_log:215} [USER]:[admin] Click upload image button.
2020-09-13 22:48:39,718 [INFO:image_processing_api] {upload_image:59} [SYSTEM]:[admin] Prepair image data to be measure.
2020-09-13 22:48:39,718 [INFO:image_processing_api] {upload_image:70} [SYSTEM]:[admin] Processing image...
2020-09-13 22:48:39,897 [INFO:image_processing_api] {upload_image:77} [SYSTEM]:[admin] Got measurement result
2020-09-13 22:48:43,152 [INFO:image_processing_api] {upload_image:80} [SYSTEM]:[admin] Prepair image date to be response.
2020-09-13 22:48:43,235 [INFO:image_processing_api] {upload_image:98} [SYSTEM]:[admin] Responsed measurement result.
2020-09-13 22:48:47,546 [INFO:LogManager] {__init__:13} [SYSTEM]:Set log variable
2020-09-13 22:48:47,547 [INFO:user_management] {add_log:215} [USER]:[admin] Click "Upload another image" button
2020-09-13 22:50:38,314 [INFO:LogManager] {__init__:13} [SYSTEM]:Set log variable
2020-09-13 22:50:38,314 [INFO:user_management] {add_log:215} [USER]:[admin] Click "Upload another image" button
2020-09-13 22:50:42,142 [INFO:LogManager] {__init__:13} [SYSTEM]:Set log variable
2020-09-13 22:50:42,143 [INFO:user_management] {add_log:215} [USER]:[admin] Choosen image file.
2020-09-13 22:50:43,688 [INFO:LogManager] {__init__:13} [SYSTEM]:Set log variable
2020-09-13 22:50:43,689 [INFO:user_management] {add_log:215} [USER]:[admin] Selected measurement unit.
2020-09-13 22:50:43,820 [INFO:LogManager] {__init__:13} [SYSTEM]:Set log variable
2020-09-13 22:50:43,821 [INFO:user_management] {add_log:215} [USER]:[admin] Click upload image button.
2020-09-13 22:50:44,464 [INFO:image_processing_api] {upload_image:59} [SYSTEM]:[admin] Prepair image data to be measure.
2020-09-13 22:50:44,464 [INFO:image_processing_api] {upload_image:70} [SYSTEM]:[admin] Processing image...
2020-09-13 22:50:44,635 [INFO:image_processing_api] {upload_image:77} [SYSTEM]:[admin] Got measurement result
2020-09-13 22:50:47,937 [INFO:image_processing_api] {upload_image:80} [SYSTEM]:[admin] Prepair image date to be response.
2020-09-13 22:50:48,018 [INFO:image_processing_api] {upload_image:98} [SYSTEM]:[admin] Responsed measurement result.
2020-09-13 22:50:53,383 [INFO:LogManager] {__init__:13} [SYSTEM]:Set log variable
2020-09-13 22:50:53,384 [INFO:user_management] {add_log:215} [USER]:[admin] Click "Upload another image" button
2020-09-13 22:51:57,580 [INFO:LogManager] {__init__:13} [SYSTEM]:Set log variable
2020-09-13 22:51:57,580 [INFO:user_management] {add_log:215} [USER]:[admin] Choosen image file.
2020-09-13 22:51:57,878 [INFO:LogManager] {__init__:13} [SYSTEM]:Set log variable
2020-09-13 22:51:57,878 [INFO:user_management] {add_log:215} [USER]:[admin] Selected measurement unit.
2020-09-13 22:51:58,397 [INFO:LogManager] {__init__:13} [SYSTEM]:Set log variable
2020-09-13 22:51:58,398 [INFO:user_management] {add_log:215} [USER]:[admin] Click upload image button.
2020-09-13 22:51:58,649 [INFO:image_processing_api] {upload_image:59} [SYSTEM]:[admin] Prepair image data to be measure.
2020-09-13 22:51:58,650 [INFO:image_processing_api] {upload_image:70} [SYSTEM]:[admin] Processing image...
2020-09-13 22:51:58,721 [INFO:image_processing_api] {upload_image:77} [SYSTEM]:[admin] Got measurement result
2020-09-13 22:52:02,008 [INFO:image_processing_api] {upload_image:80} [SYSTEM]:[admin] Prepair image date to be response.
2020-09-13 22:52:02,077 [INFO:image_processing_api] {upload_image:98} [SYSTEM]:[admin] Responsed measurement result.
2020-09-13 22:52:05,351 [INFO:LogManager] {__init__:13} [SYSTEM]:Set log variable
2020-09-13 22:52:05,352 [INFO:user_management] {add_log:215} [USER]:[admin] Click "Upload another image" button
2020-09-13 22:52:26,964 [INFO:LogManager] {__init__:13} [SYSTEM]:Set log variable
2020-09-13 22:52:26,965 [INFO:user_management] {add_log:215} [USER]:[admin] Choosen image file.
2020-09-13 22:52:27,506 [INFO:LogManager] {__init__:13} [SYSTEM]:Set log variable
2020-09-13 22:52:27,507 [INFO:user_management] {add_log:215} [USER]:[admin] Selected measurement unit.
2020-09-13 22:52:28,008 [INFO:LogManager] {__init__:13} [SYSTEM]:Set log variable
2020-09-13 22:52:28,009 [INFO:user_management] {add_log:215} [USER]:[admin] Click upload image button.
2020-09-13 22:52:28,263 [INFO:image_processing_api] {upload_image:59} [SYSTEM]:[admin] Prepair image data to be measure.
2020-09-13 22:52:28,264 [INFO:image_processing_api] {upload_image:70} [SYSTEM]:[admin] Processing image...
2020-09-13 22:52:28,348 [INFO:image_processing_api] {upload_image:77} [SYSTEM]:[admin] Got measurement result
2020-09-13 22:52:31,641 [INFO:image_processing_api] {upload_image:80} [SYSTEM]:[admin] Prepair image date to be response.
2020-09-13 22:52:31,711 [INFO:image_processing_api] {upload_image:98} [SYSTEM]:[admin] Responsed measurement result.
2020-09-13 22:52:42,779 [INFO:LogManager] {__init__:13} [SYSTEM]:Set log variable
2020-09-13 22:52:42,780 [INFO:user_management] {add_log:215} [USER]:[admin] Click "Upload another image" button
2020-09-13 22:52:44,012 [INFO:LogManager] {__init__:13} [SYSTEM]:Set log variable
2020-09-13 22:52:44,013 [INFO:user_management] {add_log:215} [USER]:[admin] Choosen image file.
2020-09-13 22:52:45,456 [INFO:LogManager] {__init__:13} [SYSTEM]:Set log variable
2020-09-13 22:52:45,456 [INFO:user_management] {add_log:215} [USER]:[admin] Selected measurement unit.
2020-09-13 22:52:46,337 [INFO:LogManager] {__init__:13} [SYSTEM]:Set log variable
2020-09-13 22:52:46,338 [INFO:user_management] {add_log:215} [USER]:[admin] Selected measurement unit.
2020-09-13 22:52:46,780 [INFO:LogManager] {__init__:13} [SYSTEM]:Set log variable
2020-09-13 22:52:46,781 [INFO:user_management] {add_log:215} [USER]:[admin] Click upload image button.
2020-09-13 22:52:47,036 [INFO:image_processing_api] {upload_image:59} [SYSTEM]:[admin] Prepair image data to be measure.
2020-09-13 22:52:47,036 [INFO:image_processing_api] {upload_image:70} [SYSTEM]:[admin] Processing image...
2020-09-13 22:52:47,103 [INFO:image_processing_api] {upload_image:77} [SYSTEM]:[admin] Got measurement result
2020-09-13 22:52:50,508 [WARNING:image_measurement] {measure_obj_size:254} [SYSTEM]:Object not detected
2020-09-13 22:52:50,510 [INFO:image_processing_api] {upload_image:80} [SYSTEM]:[admin] Prepair image date to be response.
2020-09-13 22:52:59,013 [INFO:LogManager] {__init__:13} [SYSTEM]:Set log variable
2020-09-13 22:52:59,013 [INFO:user_management] {add_log:215} [USER]:[admin] Click "Upload another image" button
2020-09-13 22:53:02,372 [INFO:LogManager] {__init__:13} [SYSTEM]:Set log variable
2020-09-13 22:53:02,373 [INFO:user_management] {add_log:215} [USER]:[admin] Choosen image file.
2020-09-13 22:53:03,623 [INFO:LogManager] {__init__:13} [SYSTEM]:Set log variable
2020-09-13 22:53:03,624 [INFO:user_management] {add_log:215} [USER]:[admin] Selected measurement unit.
2020-09-13 22:53:03,875 [INFO:LogManager] {__init__:13} [SYSTEM]:Set log variable
2020-09-13 22:53:03,876 [INFO:user_management] {add_log:215} [USER]:[admin] Click upload image button.
2020-09-13 22:53:03,948 [INFO:image_processing_api] {upload_image:59} [SYSTEM]:[admin] Prepair image data to be measure.
2020-09-13 22:53:03,949 [INFO:image_processing_api] {upload_image:70} [SYSTEM]:[admin] Processing image...
2020-09-13 22:53:04,020 [INFO:image_processing_api] {upload_image:77} [SYSTEM]:[admin] Got measurement result
2020-09-13 22:53:07,159 [INFO:image_processing_api] {upload_image:80} [SYSTEM]:[admin] Prepair image date to be response.
2020-09-13 22:53:07,230 [INFO:image_processing_api] {upload_image:98} [SYSTEM]:[admin] Responsed measurement result.
2020-09-13 22:53:27,023 [INFO:LogManager] {__init__:13} [SYSTEM]:Set log variable
2020-09-13 22:53:27,024 [INFO:user_management] {add_log:215} [USER]:[admin] Click "Upload another image" button
2020-09-13 22:53:28,219 [INFO:LogManager] {__init__:13} [SYSTEM]:Set log variable
2020-09-13 22:53:28,220 [INFO:user_management] {add_log:215} [USER]:[admin] Choosen image file.
2020-09-13 22:53:29,466 [INFO:LogManager] {__init__:13} [SYSTEM]:Set log variable
2020-09-13 22:53:29,467 [INFO:user_management] {add_log:215} [USER]:[admin] Selected measurement unit.
2020-09-13 22:53:29,652 [INFO:LogManager] {__init__:13} [SYSTEM]:Set log variable
2020-09-13 22:53:29,653 [INFO:user_management] {add_log:215} [USER]:[admin] Click upload image button.
2020-09-13 22:53:29,726 [INFO:image_processing_api] {upload_image:59} [SYSTEM]:[admin] Prepair image data to be measure.
2020-09-13 22:53:29,726 [INFO:image_processing_api] {upload_image:70} [SYSTEM]:[admin] Processing image...
2020-09-13 22:53:29,827 [INFO:image_processing_api] {upload_image:77} [SYSTEM]:[admin] Got measurement result
2020-09-13 22:53:33,274 [INFO:image_processing_api] {upload_image:80} [SYSTEM]:[admin] Prepair image date to be response.
2020-09-13 22:53:33,357 [INFO:image_processing_api] {upload_image:98} [SYSTEM]:[admin] Responsed measurement result.
2020-09-13 22:53:46,657 [INFO:LogManager] {__init__:13} [SYSTEM]:Set log variable
2020-09-13 22:53:46,658 [INFO:user_management] {add_log:215} [USER]:[admin] Click "Upload another image" button
2020-09-13 22:53:54,747 [INFO:LogManager] {__init__:13} [SYSTEM]:Set log variable
2020-09-13 22:53:54,748 [INFO:user_management] {add_log:215} [USER]:[admin] Choosen image file.
2020-09-13 22:53:55,555 [INFO:LogManager] {__init__:13} [SYSTEM]:Set log variable
2020-09-13 22:53:55,556 [INFO:user_management] {add_log:215} [USER]:[admin] Selected measurement unit.
2020-09-13 22:53:56,074 [INFO:LogManager] {__init__:13} [SYSTEM]:Set log variable
2020-09-13 22:53:56,076 [INFO:user_management] {add_log:215} [USER]:[admin] Click upload image button.
2020-09-13 22:53:56,330 [INFO:image_processing_api] {upload_image:59} [SYSTEM]:[admin] Prepair image data to be measure.
2020-09-13 22:53:56,330 [INFO:image_processing_api] {upload_image:70} [SYSTEM]:[admin] Processing image...
2020-09-13 22:53:56,412 [INFO:image_processing_api] {upload_image:77} [SYSTEM]:[admin] Got measurement result
2020-09-13 22:53:59,891 [INFO:image_processing_api] {upload_image:80} [SYSTEM]:[admin] Prepair image date to be response.
2020-09-13 22:53:59,957 [INFO:image_processing_api] {upload_image:98} [SYSTEM]:[admin] Responsed measurement result.
2020-09-13 22:54:03,297 [INFO:LogManager] {__init__:13} [SYSTEM]:Set log variable
2020-09-13 22:54:03,298 [INFO:user_management] {add_log:215} [USER]:[admin] Click "Upload another image" button
2020-09-13 22:54:11,561 [INFO:LogManager] {__init__:13} [SYSTEM]:Set log variable
2020-09-13 22:54:11,562 [INFO:user_management] {add_log:215} [USER]:[admin] Choosen image file.
2020-09-13 22:54:12,103 [INFO:LogManager] {__init__:13} [SYSTEM]:Set log variable
2020-09-13 22:54:12,104 [INFO:user_management] {add_log:215} [USER]:[admin] Selected measurement unit.
2020-09-13 22:54:12,769 [INFO:LogManager] {__init__:13} [SYSTEM]:Set log variable
2020-09-13 22:54:12,770 [INFO:user_management] {add_log:215} [USER]:[admin] Click upload image button.
2020-09-13 22:54:13,025 [INFO:image_processing_api] {upload_image:59} [SYSTEM]:[admin] Prepair image data to be measure.
2020-09-13 22:54:13,026 [INFO:image_processing_api] {upload_image:70} [SYSTEM]:[admin] Processing image...
2020-09-13 22:54:13,109 [INFO:image_processing_api] {upload_image:77} [SYSTEM]:[admin] Got measurement result
2020-09-13 22:54:16,398 [INFO:image_processing_api] {upload_image:80} [SYSTEM]:[admin] Prepair image date to be response.
2020-09-13 22:54:16,467 [INFO:image_processing_api] {upload_image:98} [SYSTEM]:[admin] Responsed measurement result.
2020-09-13 22:54:19,419 [INFO:LogManager] {__init__:13} [SYSTEM]:Set log variable
2020-09-13 22:54:19,420 [INFO:user_management] {add_log:215} [USER]:[admin] Click "Upload another image" button
2020-09-13 22:54:25,334 [INFO:LogManager] {__init__:13} [SYSTEM]:Set log variable
2020-09-13 22:54:25,334 [INFO:user_management] {add_log:215} [USER]:[admin] Choosen image file.
2020-09-13 22:54:25,937 [INFO:LogManager] {__init__:13} [SYSTEM]:Set log variable
2020-09-13 22:54:25,938 [INFO:user_management] {add_log:215} [USER]:[admin] Selected measurement unit.
2020-09-13 22:54:26,625 [INFO:LogManager] {__init__:13} [SYSTEM]:Set log variable
2020-09-13 22:54:26,627 [INFO:user_management] {add_log:215} [USER]:[admin] Click upload image button.
2020-09-13 22:54:26,878 [INFO:image_processing_api] {upload_image:59} [SYSTEM]:[admin] Prepair image data to be measure.
2020-09-13 22:54:26,879 [INFO:image_processing_api] {upload_image:70} [SYSTEM]:[admin] Processing image...
2020-09-13 22:54:26,935 [INFO:image_processing_api] {upload_image:77} [SYSTEM]:[admin] Got measurement result
2020-09-13 22:54:30,000 [INFO:image_processing_api] {upload_image:80} [SYSTEM]:[admin] Prepair image date to be response.
2020-09-13 22:54:30,062 [INFO:image_processing_api] {upload_image:98} [SYSTEM]:[admin] Responsed measurement result.
2020-09-13 22:54:33,040 [INFO:LogManager] {__init__:13} [SYSTEM]:Set log variable
2020-09-13 22:54:33,040 [INFO:user_management] {add_log:215} [USER]:[admin] Click "Upload another image" button
2020-09-13 22:54:40,019 [INFO:LogManager] {__init__:13} [SYSTEM]:Set log variable
2020-09-13 22:54:40,020 [INFO:user_management] {add_log:215} [USER]:[admin] Choosen image file.
2020-09-13 22:54:40,679 [INFO:LogManager] {__init__:13} [SYSTEM]:Set log variable
2020-09-13 22:54:40,680 [INFO:user_management] {add_log:215} [USER]:[admin] Selected measurement unit.
2020-09-13 22:54:41,142 [INFO:LogManager] {__init__:13} [SYSTEM]:Set log variable
2020-09-13 22:54:41,143 [INFO:user_management] {add_log:215} [USER]:[admin] Click upload image button.
2020-09-13 22:54:41,399 [INFO:image_processing_api] {upload_image:59} [SYSTEM]:[admin] Prepair image data to be measure.
2020-09-13 22:54:41,400 [INFO:image_processing_api] {upload_image:70} [SYSTEM]:[admin] Processing image...
2020-09-13 22:54:41,468 [INFO:image_processing_api] {upload_image:77} [SYSTEM]:[admin] Got measurement result
2020-09-13 22:54:44,619 [INFO:image_processing_api] {upload_image:80} [SYSTEM]:[admin] Prepair image date to be response.
2020-09-13 22:54:44,689 [INFO:image_processing_api] {upload_image:98} [SYSTEM]:[admin] Responsed measurement result.
2020-09-13 22:54:50,378 [INFO:LogManager] {__init__:13} [SYSTEM]:Set log variable
2020-09-13 22:54:50,379 [INFO:user_management] {add_log:215} [USER]:[admin] Click "Upload another image" button
2020-09-13 22:54:53,842 [INFO:LogManager] {__init__:13} [SYSTEM]:Set log variable
2020-09-13 22:54:53,843 [INFO:user_management] {add_log:215} [USER]:[admin] Choosen image file.
2020-09-13 22:54:55,796 [INFO:LogManager] {__init__:13} [SYSTEM]:Set log variable
2020-09-13 22:54:55,796 [INFO:user_management] {add_log:215} [USER]:[admin] Selected measurement unit.
2020-09-13 22:54:55,850 [INFO:LogManager] {__init__:13} [SYSTEM]:Set log variable
2020-09-13 22:54:55,851 [INFO:user_management] {add_log:215} [USER]:[admin] Click upload image button.
2020-09-13 22:54:55,973 [INFO:image_processing_api] {upload_image:59} [SYSTEM]:[admin] Prepair image data to be measure.
2020-09-13 22:54:55,974 [INFO:image_processing_api] {upload_image:70} [SYSTEM]:[admin] Processing image...
2020-09-13 22:54:56,068 [INFO:image_processing_api] {upload_image:77} [SYSTEM]:[admin] Got measurement result
2020-09-13 22:54:59,330 [INFO:image_processing_api] {upload_image:80} [SYSTEM]:[admin] Prepair image date to be response.
2020-09-13 22:54:59,403 [INFO:image_processing_api] {upload_image:98} [SYSTEM]:[admin] Responsed measurement result.
2020-09-13 22:55:03,807 [INFO:LogManager] {__init__:13} [SYSTEM]:Set log variable
2020-09-13 22:55:03,807 [INFO:user_management] {add_log:215} [USER]:[admin] Click "Upload another image" button
2020-09-13 22:55:12,757 [INFO:LogManager] {__init__:13} [SYSTEM]:Set log variable
2020-09-13 22:55:12,758 [INFO:user_management] {add_log:215} [USER]:[admin] Choosen image file.
2020-09-13 22:55:13,613 [INFO:LogManager] {__init__:13} [SYSTEM]:Set log variable
2020-09-13 22:55:13,615 [INFO:user_management] {add_log:215} [USER]:[admin] Selected measurement unit.
2020-09-13 22:55:14,147 [INFO:LogManager] {__init__:13} [SYSTEM]:Set log variable
2020-09-13 22:55:14,148 [INFO:user_management] {add_log:215} [USER]:[admin] Click upload image button.
2020-09-13 22:55:14,400 [INFO:image_processing_api] {upload_image:59} [SYSTEM]:[admin] Prepair image data to be measure.
2020-09-13 22:55:14,401 [INFO:image_processing_api] {upload_image:70} [SYSTEM]:[admin] Processing image...
2020-09-13 22:55:14,452 [INFO:image_processing_api] {upload_image:77} [SYSTEM]:[admin] Got measurement result
2020-09-13 22:55:17,656 [INFO:image_processing_api] {upload_image:80} [SYSTEM]:[admin] Prepair image date to be response.
2020-09-13 22:55:17,706 [INFO:image_processing_api] {upload_image:98} [SYSTEM]:[admin] Responsed measurement result.
2020-09-13 22:55:20,626 [INFO:LogManager] {__init__:13} [SYSTEM]:Set log variable
2020-09-13 22:55:20,627 [INFO:user_management] {add_log:215} [USER]:[admin] Click "Upload another image" button
2020-09-13 22:55:28,723 [INFO:LogManager] {__init__:13} [SYSTEM]:Set log variable
2020-09-13 22:55:28,723 [INFO:user_management] {add_log:215} [USER]:[admin] Choosen image file.
2020-09-13 22:55:29,476 [INFO:LogManager] {__init__:13} [SYSTEM]:Set log variable
2020-09-13 22:55:29,477 [INFO:user_management] {add_log:215} [USER]:[admin] Selected measurement unit.
2020-09-13 22:55:29,933 [INFO:LogManager] {__init__:13} [SYSTEM]:Set log variable
2020-09-13 22:55:29,934 [INFO:user_management] {add_log:215} [USER]:[admin] Click upload image button.
2020-09-13 22:55:30,190 [INFO:image_processing_api] {upload_image:59} [SYSTEM]:[admin] Prepair image data to be measure.
2020-09-13 22:55:30,191 [INFO:image_processing_api] {upload_image:70} [SYSTEM]:[admin] Processing image...
2020-09-13 22:55:30,275 [INFO:image_processing_api] {upload_image:77} [SYSTEM]:[admin] Got measurement result
2020-09-13 22:55:33,477 [INFO:image_processing_api] {upload_image:80} [SYSTEM]:[admin] Prepair image date to be response.
2020-09-13 22:55:33,548 [INFO:image_processing_api] {upload_image:98} [SYSTEM]:[admin] Responsed measurement result.
2020-09-13 22:55:36,781 [INFO:LogManager] {__init__:13} [SYSTEM]:Set log variable
2020-09-13 22:55:36,782 [INFO:user_management] {add_log:215} [USER]:[admin] Click "Upload another image" button
2020-09-13 22:55:44,169 [INFO:LogManager] {__init__:13} [SYSTEM]:Set log variable
2020-09-13 22:55:44,170 [INFO:user_management] {add_log:215} [USER]:[admin] Choosen image file.
2020-09-13 22:55:45,248 [INFO:LogManager] {__init__:13} [SYSTEM]:Set log variable
2020-09-13 22:55:45,249 [INFO:user_management] {add_log:215} [USER]:[admin] Selected measurement unit.
2020-09-13 22:55:45,719 [INFO:LogManager] {__init__:13} [SYSTEM]:Set log variable
2020-09-13 22:55:45,720 [INFO:user_management] {add_log:215} [USER]:[admin] Click upload image button.
2020-09-13 22:55:45,974 [INFO:image_processing_api] {upload_image:59} [SYSTEM]:[admin] Prepair image data to be measure.
2020-09-13 22:55:45,975 [INFO:image_processing_api] {upload_image:70} [SYSTEM]:[admin] Processing image...
2020-09-13 22:55:46,058 [INFO:image_processing_api] {upload_image:77} [SYSTEM]:[admin] Got measurement result
2020-09-13 22:55:49,423 [INFO:image_processing_api] {upload_image:80} [SYSTEM]:[admin] Prepair image date to be response.
2020-09-13 22:55:49,489 [INFO:image_processing_api] {upload_image:98} [SYSTEM]:[admin] Responsed measurement result.
2020-09-13 22:55:52,609 [INFO:LogManager] {__init__:13} [SYSTEM]:Set log variable
2020-09-13 22:55:52,611 [INFO:user_management] {add_log:215} [USER]:[admin] Click "Upload another image" button
2020-09-13 22:55:59,473 [INFO:LogManager] {__init__:13} [SYSTEM]:Set log variable
2020-09-13 22:55:59,474 [INFO:user_management] {add_log:215} [USER]:[admin] Choosen image file.
2020-09-13 22:56:00,190 [INFO:LogManager] {__init__:13} [SYSTEM]:Set log variable
2020-09-13 22:56:00,191 [INFO:user_management] {add_log:215} [USER]:[admin] Selected measurement unit.
2020-09-13 22:56:00,623 [INFO:LogManager] {__init__:13} [SYSTEM]:Set log variable
2020-09-13 22:56:00,624 [INFO:user_management] {add_log:215} [USER]:[admin] Click upload image button.
2020-09-13 22:56:00,878 [INFO:image_processing_api] {upload_image:59} [SYSTEM]:[admin] Prepair image data to be measure.
2020-09-13 22:56:00,879 [INFO:image_processing_api] {upload_image:70} [SYSTEM]:[admin] Processing image...
2020-09-13 22:56:00,935 [INFO:image_processing_api] {upload_image:77} [SYSTEM]:[admin] Got measurement result
2020-09-13 22:56:04,113 [INFO:image_processing_api] {upload_image:80} [SYSTEM]:[admin] Prepair image date to be response.
2020-09-13 22:56:04,174 [INFO:image_processing_api] {upload_image:98} [SYSTEM]:[admin] Responsed measurement result.
2020-09-13 22:56:11,145 [INFO:LogManager] {__init__:13} [SYSTEM]:Set log variable
2020-09-13 22:56:11,146 [INFO:user_management] {add_log:215} [USER]:[admin] Click "Upload another image" button
2020-09-13 22:57:15,171 [INFO:LogManager] {__init__:13} [SYSTEM]:Set log variable
2020-09-13 22:57:15,171 [INFO:user_management] {add_log:215} [USER]:[admin] Choosen image file.
2020-09-13 22:57:15,395 [INFO:LogManager] {__init__:13} [SYSTEM]:Set log variable
2020-09-13 22:57:15,396 [INFO:user_management] {add_log:215} [USER]:[admin] Selected measurement unit.
2020-09-13 22:57:15,891 [INFO:LogManager] {__init__:13} [SYSTEM]:Set log variable
2020-09-13 22:57:15,892 [INFO:user_management] {add_log:215} [USER]:[admin] Click upload image button.
2020-09-13 22:57:16,151 [INFO:image_processing_api] {upload_image:59} [SYSTEM]:[admin] Prepair image data to be measure.
2020-09-13 22:57:16,152 [INFO:image_processing_api] {upload_image:70} [SYSTEM]:[admin] Processing image...
2020-09-13 22:57:16,249 [INFO:image_processing_api] {upload_image:77} [SYSTEM]:[admin] Got measurement result
2020-09-13 22:57:19,597 [INFO:image_processing_api] {upload_image:80} [SYSTEM]:[admin] Prepair image date to be response.
2020-09-13 22:57:19,679 [INFO:image_processing_api] {upload_image:98} [SYSTEM]:[admin] Responsed measurement result.
2020-09-13 22:57:31,246 [INFO:LogManager] {__init__:13} [SYSTEM]:Set log variable
2020-09-13 22:57:31,247 [INFO:user_management] {add_log:215} [USER]:[admin] Click "Upload another image" button
2020-09-13 22:57:32,695 [INFO:LogManager] {__init__:13} [SYSTEM]:Set log variable
2020-09-13 22:57:32,697 [INFO:user_management] {add_log:215} [USER]:[admin] Choosen image file.
2020-09-13 22:57:34,068 [INFO:LogManager] {__init__:13} [SYSTEM]:Set log variable
2020-09-13 22:57:34,069 [INFO:user_management] {add_log:215} [USER]:[admin] Selected measurement unit.
2020-09-13 22:57:34,319 [INFO:LogManager] {__init__:13} [SYSTEM]:Set log variable
2020-09-13 22:57:34,320 [INFO:user_management] {add_log:215} [USER]:[admin] Click upload image button.
2020-09-13 22:57:34,395 [INFO:image_processing_api] {upload_image:59} [SYSTEM]:[admin] Prepair image data to be measure.
2020-09-13 22:57:34,396 [INFO:image_processing_api] {upload_image:70} [SYSTEM]:[admin] Processing image...
2020-09-13 22:57:34,478 [INFO:image_processing_api] {upload_image:77} [SYSTEM]:[admin] Got measurement result
2020-09-13 22:57:37,669 [INFO:image_processing_api] {upload_image:80} [SYSTEM]:[admin] Prepair image date to be response.
2020-09-13 22:57:37,740 [INFO:image_processing_api] {upload_image:98} [SYSTEM]:[admin] Responsed measurement result.
2020-09-13 22:57:41,345 [INFO:LogManager] {__init__:13} [SYSTEM]:Set log variable
2020-09-13 22:57:41,345 [INFO:user_management] {add_log:215} [USER]:[admin] Click "Upload another image" button
2020-09-13 22:58:18,331 [INFO:LogManager] {__init__:13} [SYSTEM]:Set log variable
2020-09-13 22:58:18,331 [INFO:user_management] {add_log:215} [USER]:[admin] Choosen image file.
2020-09-13 22:58:19,042 [INFO:LogManager] {__init__:13} [SYSTEM]:Set log variable
2020-09-13 22:58:19,043 [INFO:user_management] {add_log:215} [USER]:[admin] Selected measurement unit.
2020-09-13 22:58:19,606 [INFO:LogManager] {__init__:13} [SYSTEM]:Set log variable
2020-09-13 22:58:19,608 [INFO:user_management] {add_log:215} [USER]:[admin] Click upload image button.
2020-09-13 22:58:19,864 [INFO:image_processing_api] {upload_image:59} [SYSTEM]:[admin] Prepair image data to be measure.
2020-09-13 22:58:19,865 [INFO:image_processing_api] {upload_image:70} [SYSTEM]:[admin] Processing image...
2020-09-13 22:58:19,950 [INFO:image_processing_api] {upload_image:77} [SYSTEM]:[admin] Got measurement result
2020-09-13 22:58:23,408 [INFO:image_processing_api] {upload_image:80} [SYSTEM]:[admin] Prepair image date to be response.
2020-09-13 22:58:23,482 [INFO:image_processing_api] {upload_image:98} [SYSTEM]:[admin] Responsed measurement result.
2020-09-13 22:59:10,971 [INFO:main] {<module>:29} [SYSTEM]:Created flask app.
2020-09-13 22:59:10,973 [INFO:main] {<module>:31} [SYSTEM]:Registered image_processing_api blueprint 
2020-09-13 22:59:10,974 [INFO:main] {<module>:33} [SYSTEM]:Registered user_api blueprint 
2020-09-13 22:59:10,978 [INFO:main] {<module>:35} [SYSTEM]:Registered model_management_api blueprint 
2020-09-13 22:59:10,980 [INFO:main] {<module>:37} [SYSTEM]:Registered log_management_api blueprint 
2020-09-13 22:59:16,236 [INFO:main] {<module>:29} [SYSTEM]:Created flask app.
2020-09-13 22:59:16,238 [INFO:main] {<module>:31} [SYSTEM]:Registered image_processing_api blueprint 
2020-09-13 22:59:16,239 [INFO:main] {<module>:33} [SYSTEM]:Registered user_api blueprint 
2020-09-13 22:59:16,243 [INFO:main] {<module>:35} [SYSTEM]:Registered model_management_api blueprint 
2020-09-13 22:59:16,244 [INFO:main] {<module>:37} [SYSTEM]:Registered log_management_api blueprint 
2020-09-13 22:59:32,341 [INFO:main] {<module>:29} [SYSTEM]:Created flask app.
2020-09-13 22:59:32,343 [INFO:main] {<module>:31} [SYSTEM]:Registered image_processing_api blueprint 
2020-09-13 22:59:32,345 [INFO:main] {<module>:33} [SYSTEM]:Registered user_api blueprint 
2020-09-13 22:59:32,348 [INFO:main] {<module>:35} [SYSTEM]:Registered model_management_api blueprint 
2020-09-13 22:59:32,349 [INFO:main] {<module>:37} [SYSTEM]:Registered log_management_api blueprint 
2020-09-13 23:05:16,502 [INFO:main] {<module>:29} [SYSTEM]:Created flask app.
2020-09-13 23:05:16,504 [INFO:main] {<module>:31} [SYSTEM]:Registered image_processing_api blueprint 
2020-09-13 23:05:16,505 [INFO:main] {<module>:33} [SYSTEM]:Registered user_api blueprint 
2020-09-13 23:05:16,509 [INFO:main] {<module>:35} [SYSTEM]:Registered model_management_api blueprint 
2020-09-13 23:05:16,510 [INFO:main] {<module>:37} [SYSTEM]:Registered log_management_api blueprint 
