2020-09-24 09:57:51,106 [INFO:main] {<module>:29} [SYSTEM]:Created flask app.
2020-09-24 09:57:51,108 [INFO:main] {<module>:31} [SYSTEM]:Registered image_processing_api blueprint 
2020-09-24 09:57:51,109 [INFO:main] {<module>:33} [SYSTEM]:Registered user_api blueprint 
2020-09-24 09:57:51,127 [INFO:main] {<module>:35} [SYSTEM]:Registered model_management_api blueprint 
2020-09-24 09:57:51,128 [INFO:main] {<module>:37} [SYSTEM]:Registered log_management_api blueprint 
2020-09-24 09:57:52,085 [INFO:main] {<module>:29} [SYSTEM]:Created flask app.
2020-09-24 09:57:52,087 [INFO:main] {<module>:31} [SYSTEM]:Registered image_processing_api blueprint 
2020-09-24 09:57:52,088 [INFO:main] {<module>:33} [SYSTEM]:Registered user_api blueprint 
2020-09-24 09:57:52,092 [INFO:main] {<module>:35} [SYSTEM]:Registered model_management_api blueprint 
2020-09-24 09:57:52,094 [INFO:main] {<module>:37} [SYSTEM]:Registered log_management_api blueprint 
2020-09-24 10:37:09,779 [INFO:main] {<module>:29} [SYSTEM]:Created flask app.
2020-09-24 10:37:09,781 [INFO:main] {<module>:31} [SYSTEM]:Registered image_processing_api blueprint 
2020-09-24 10:37:09,782 [INFO:main] {<module>:33} [SYSTEM]:Registered user_api blueprint 
2020-09-24 10:37:09,785 [INFO:main] {<module>:35} [SYSTEM]:Registered model_management_api blueprint 
2020-09-24 10:37:09,787 [INFO:main] {<module>:37} [SYSTEM]:Registered log_management_api blueprint 
2020-09-24 10:37:53,916 [INFO:main] {<module>:29} [SYSTEM]:Created flask app.
2020-09-24 10:37:53,917 [INFO:main] {<module>:31} [SYSTEM]:Registered image_processing_api blueprint 
2020-09-24 10:37:53,918 [INFO:main] {<module>:33} [SYSTEM]:Registered user_api blueprint 
2020-09-24 10:37:53,921 [INFO:main] {<module>:35} [SYSTEM]:Registered model_management_api blueprint 
2020-09-24 10:37:53,923 [INFO:main] {<module>:37} [SYSTEM]:Registered log_management_api blueprint 
2020-09-24 10:37:54,828 [INFO:main] {<module>:29} [SYSTEM]:Created flask app.
2020-09-24 10:37:54,830 [INFO:main] {<module>:31} [SYSTEM]:Registered image_processing_api blueprint 
2020-09-24 10:37:54,831 [INFO:main] {<module>:33} [SYSTEM]:Registered user_api blueprint 
2020-09-24 10:37:54,834 [INFO:main] {<module>:35} [SYSTEM]:Registered model_management_api blueprint 
2020-09-24 10:37:54,836 [INFO:main] {<module>:37} [SYSTEM]:Registered log_management_api blueprint 
2020-09-24 10:39:10,498 [INFO:LogManager] {__init__:17} [SYSTEM]:Set log variable
2020-09-24 10:39:10,499 [INFO:user_management] {add_log:235} [USER]:[admin] Click "Upload another image" button
2020-09-24 10:39:14,268 [INFO:LogManager] {__init__:17} [SYSTEM]:Set log variable
2020-09-24 10:39:14,269 [INFO:user_management] {add_log:235} [USER]:[admin] Choosen image file.
2020-09-24 10:39:14,680 [INFO:LogManager] {__init__:17} [SYSTEM]:Set log variable
2020-09-24 10:39:14,681 [INFO:user_management] {add_log:235} [USER]:[admin] Selected measurement unit.
2020-09-24 10:39:15,205 [INFO:LogManager] {__init__:17} [SYSTEM]:Set log variable
2020-09-24 10:39:15,206 [INFO:user_management] {add_log:235} [USER]:[admin] Click upload image button.
2020-09-24 10:39:16,425 [INFO:image_processing_api] {upload_image:80} [SYSTEM]:[admin] Prepair image data to be measure.
2020-09-24 10:39:16,427 [INFO:image_processing_api] {upload_image:91} [SYSTEM]:[admin] Processing image...
2020-09-24 10:39:47,014 [ERROR:image_processing_api] {upload_image:127} [SYSTEM]:172.18.0.2:27017: timed out, Timeout: 30s, Topology Description: <TopologyDescription id: 5f6c1492e9f8839cb570dd91, topology_type: Single, servers: [<ServerDescription ('172.18.0.2', 27017) server_type: Unknown, rtt: None, error=NetworkTimeout('172.18.0.2:27017: timed out')>]>.
2020-09-24 10:39:47,539 [INFO:LogManager] {__init__:17} [SYSTEM]:Set log variable
2020-09-24 10:39:47,540 [INFO:user_management] {add_log:235} [USER]:[admin] Enter page /upload
2020-09-24 10:39:49,933 [INFO:LogManager] {__init__:17} [SYSTEM]:Set log variable
2020-09-24 10:39:49,933 [INFO:user_management] {add_log:235} [USER]:[admin] Enter page /ml_management
2020-09-24 10:39:50,183 [INFO:model_management_api] {get_all_model:295} [SYSTEM]:[admin] Use get all ML model API.
2020-09-24 10:39:50,184 [INFO:MLManager_obj] {__init__:76} [SYSTEM]:Connecting to database
2020-09-24 10:39:50,256 [INFO:MLManager_obj] {__init__:78} [SYSTEM]:Connected to database
2020-09-24 10:39:50,257 [INFO:model_management_api] {get_all_model:297} [SYSTEM]:[admin] Created MLManagement object.
2020-09-24 10:39:50,257 [INFO:model_management_api] {get_all_model:298} [SYSTEM]:[admin] Call get_all_model function.
2020-09-24 10:39:50,258 [INFO:MLManager_obj] {get_all_model:131} [SYSTEM]:[admin] Getting all ML models.
2020-09-24 10:39:53,085 [INFO:model_management_api] {get_all_model:295} [SYSTEM]:[admin] Use get all ML model API.
2020-09-24 10:39:53,085 [INFO:MLManager_obj] {__init__:76} [SYSTEM]:Connecting to database
2020-09-24 10:39:53,087 [INFO:LogManager] {__init__:17} [SYSTEM]:Set log variable
2020-09-24 10:39:53,088 [INFO:user_management] {add_log:235} [USER]:[admin] Enter page /ml_management
2020-09-24 10:39:53,090 [INFO:MLManager_obj] {__init__:78} [SYSTEM]:Connected to database
2020-09-24 10:39:53,091 [INFO:model_management_api] {get_all_model:297} [SYSTEM]:[admin] Created MLManagement object.
2020-09-24 10:39:53,092 [INFO:model_management_api] {get_all_model:298} [SYSTEM]:[admin] Call get_all_model function.
2020-09-24 10:39:53,092 [INFO:MLManager_obj] {get_all_model:131} [SYSTEM]:[admin] Getting all ML models.
2020-09-24 10:40:20,313 [INFO:model_management_api] {get_all_model:301} [SYSTEM]:[admin] Deleted MLManagement object.
2020-09-24 10:40:20,314 [INFO:model_management_api] {get_all_model:315} [SYSTEM]:[admin] Response data from get_all_model API
2020-09-24 10:40:23,156 [INFO:model_management_api] {get_all_model:301} [SYSTEM]:[admin] Deleted MLManagement object.
2020-09-24 10:40:23,157 [INFO:model_management_api] {get_all_model:315} [SYSTEM]:[admin] Response data from get_all_model API
2020-09-24 10:40:29,429 [INFO:main] {<module>:29} [SYSTEM]:Created flask app.
2020-09-24 10:40:29,431 [INFO:main] {<module>:31} [SYSTEM]:Registered image_processing_api blueprint 
2020-09-24 10:40:29,432 [INFO:main] {<module>:33} [SYSTEM]:Registered user_api blueprint 
2020-09-24 10:40:29,436 [INFO:main] {<module>:35} [SYSTEM]:Registered model_management_api blueprint 
2020-09-24 10:40:29,437 [INFO:main] {<module>:37} [SYSTEM]:Registered log_management_api blueprint 
2020-09-24 10:40:55,155 [INFO:LogManager] {__init__:17} [SYSTEM]:Set log variable
2020-09-24 10:40:55,156 [INFO:user_management] {add_log:235} [USER]:[admin] Enter page /ml_management
2020-09-24 10:40:55,210 [INFO:model_management_api] {get_all_model:295} [SYSTEM]:[admin] Use get all ML model API.
2020-09-24 10:40:55,211 [INFO:MLManager_obj] {__init__:76} [SYSTEM]:Connecting to database
2020-09-24 10:40:55,220 [INFO:MLManager_obj] {__init__:78} [SYSTEM]:Connected to database
2020-09-24 10:40:55,221 [INFO:model_management_api] {get_all_model:297} [SYSTEM]:[admin] Created MLManagement object.
2020-09-24 10:40:55,222 [INFO:model_management_api] {get_all_model:298} [SYSTEM]:[admin] Call get_all_model function.
2020-09-24 10:40:55,222 [INFO:MLManager_obj] {get_all_model:131} [SYSTEM]:[admin] Getting all ML models.
2020-09-24 10:40:57,180 [INFO:LogManager] {__init__:17} [SYSTEM]:Set log variable
2020-09-24 10:40:57,181 [INFO:user_management] {add_log:235} [USER]:[admin] Enter page /ml_management
2020-09-24 10:40:57,482 [INFO:model_management_api] {get_all_model:295} [SYSTEM]:[admin] Use get all ML model API.
2020-09-24 10:40:57,483 [INFO:MLManager_obj] {__init__:76} [SYSTEM]:Connecting to database
2020-09-24 10:40:57,485 [INFO:MLManager_obj] {__init__:78} [SYSTEM]:Connected to database
2020-09-24 10:40:57,486 [INFO:model_management_api] {get_all_model:297} [SYSTEM]:[admin] Created MLManagement object.
2020-09-24 10:40:57,488 [INFO:model_management_api] {get_all_model:298} [SYSTEM]:[admin] Call get_all_model function.
2020-09-24 10:40:57,488 [INFO:MLManager_obj] {get_all_model:131} [SYSTEM]:[admin] Getting all ML models.
2020-09-24 10:40:58,066 [INFO:LogManager] {__init__:17} [SYSTEM]:Set log variable
2020-09-24 10:40:58,067 [INFO:user_management] {add_log:235} [USER]:[admin] Enter page /ml_management
2020-09-24 10:40:58,068 [INFO:model_management_api] {get_all_model:295} [SYSTEM]:[admin] Use get all ML model API.
2020-09-24 10:40:58,070 [INFO:MLManager_obj] {__init__:76} [SYSTEM]:Connecting to database
2020-09-24 10:40:58,074 [INFO:MLManager_obj] {__init__:78} [SYSTEM]:Connected to database
2020-09-24 10:40:58,075 [INFO:model_management_api] {get_all_model:297} [SYSTEM]:[admin] Created MLManagement object.
2020-09-24 10:40:58,075 [INFO:model_management_api] {get_all_model:298} [SYSTEM]:[admin] Call get_all_model function.
2020-09-24 10:40:58,076 [INFO:MLManager_obj] {get_all_model:131} [SYSTEM]:[admin] Getting all ML models.
2020-09-24 10:41:14,775 [INFO:LogManager] {__init__:17} [SYSTEM]:Set log variable
2020-09-24 10:41:14,777 [INFO:model_management_api] {get_all_model:303} [SYSTEM]:[admin] Use get all ML model API.
2020-09-24 10:41:14,777 [INFO:user_management] {add_log:235} [USER]:[admin] Enter page /ref_management
2020-09-24 10:41:14,778 [INFO:model_management_api] {get_all_unit:331} [SYSTEM]:[admin] Use get all units API.
2020-09-24 10:41:14,785 [INFO:model_management_api] {get_all_model:305} [SYSTEM]:[admin] Created RefManagement object.
2020-09-24 10:41:14,786 [INFO:model_management_api] {get_all_unit:333} [SYSTEM]:[admin] Created RefManagement object.
2020-09-24 10:41:14,787 [INFO:model_management_api] {get_all_model:306} [SYSTEM]:[admin] Call get_all_model function.
2020-09-24 10:41:14,788 [INFO:model_management_api] {get_all_unit:334} [SYSTEM]:[admin] Call get_all_model function.
2020-09-24 10:41:15,140 [INFO:LogManager] {__init__:17} [SYSTEM]:Set log variable
2020-09-24 10:41:15,141 [INFO:model_management_api] {get_all_model:295} [SYSTEM]:[admin] Use get all ML model API.
2020-09-24 10:41:15,142 [INFO:user_management] {add_log:235} [USER]:[admin] Enter page /ml_management
2020-09-24 10:41:15,142 [INFO:MLManager_obj] {__init__:76} [SYSTEM]:Connecting to database
2020-09-24 10:41:15,147 [INFO:MLManager_obj] {__init__:78} [SYSTEM]:Connected to database
2020-09-24 10:41:15,147 [INFO:model_management_api] {get_all_model:297} [SYSTEM]:[admin] Created MLManagement object.
2020-09-24 10:41:15,148 [INFO:model_management_api] {get_all_model:298} [SYSTEM]:[admin] Call get_all_model function.
2020-09-24 10:41:15,148 [INFO:MLManager_obj] {get_all_model:131} [SYSTEM]:[admin] Getting all ML models.
2020-09-24 10:41:16,424 [INFO:main] {<module>:29} [SYSTEM]:Created flask app.
2020-09-24 10:41:16,425 [INFO:main] {<module>:31} [SYSTEM]:Registered image_processing_api blueprint 
2020-09-24 10:41:16,427 [INFO:main] {<module>:33} [SYSTEM]:Registered user_api blueprint 
2020-09-24 10:41:16,430 [INFO:main] {<module>:35} [SYSTEM]:Registered model_management_api blueprint 
2020-09-24 10:41:16,432 [INFO:main] {<module>:37} [SYSTEM]:Registered log_management_api blueprint 
2020-09-24 10:41:17,390 [INFO:LogManager] {__init__:17} [SYSTEM]:Set log variable
2020-09-24 10:41:17,391 [INFO:user_management] {add_log:235} [USER]:[admin] Enter page /ref_management
2020-09-24 10:41:17,392 [INFO:model_management_api] {get_all_unit:331} [SYSTEM]:[admin] Use get all units API.
2020-09-24 10:41:17,394 [INFO:model_management_api] {get_all_model:303} [SYSTEM]:[admin] Use get all ML model API.
2020-09-24 10:41:17,403 [INFO:model_management_api] {get_all_model:305} [SYSTEM]:[admin] Created RefManagement object.
2020-09-24 10:41:17,404 [INFO:model_management_api] {get_all_model:306} [SYSTEM]:[admin] Call get_all_model function.
2020-09-24 10:41:17,405 [INFO:model_management_api] {get_all_unit:333} [SYSTEM]:[admin] Created RefManagement object.
2020-09-24 10:41:17,406 [INFO:model_management_api] {get_all_unit:334} [SYSTEM]:[admin] Call get_all_model function.
2020-09-24 10:41:17,447 [INFO:model_management_api] {get_all_unit:341} [SYSTEM]:[admin] Deleted RefManagement object.
2020-09-24 10:41:17,448 [INFO:model_management_api] {get_all_unit:343} [SYSTEM]:[admin] Response data from get_all_model API
2020-09-24 10:41:17,454 [INFO:model_management_api] {get_all_model:313} [SYSTEM]:[admin] Deleted RefManagement object.
2020-09-24 10:41:17,454 [INFO:model_management_api] {get_all_model:315} [SYSTEM]:[admin] Response data from get_all_model API
2020-09-24 10:41:17,643 [INFO:LogManager] {__init__:17} [SYSTEM]:Set log variable
2020-09-24 10:41:17,645 [INFO:user_management] {add_log:235} [USER]:[admin] Enter page /ml_management
2020-09-24 10:41:17,684 [INFO:model_management_api] {get_all_model:295} [SYSTEM]:[admin] Use get all ML model API.
2020-09-24 10:41:17,696 [INFO:MLManager_obj] {__init__:76} [SYSTEM]:Connecting to database
2020-09-24 10:41:17,699 [INFO:MLManager_obj] {__init__:78} [SYSTEM]:Connected to database
2020-09-24 10:41:17,700 [INFO:model_management_api] {get_all_model:297} [SYSTEM]:[admin] Created MLManagement object.
2020-09-24 10:41:17,700 [INFO:model_management_api] {get_all_model:298} [SYSTEM]:[admin] Call get_all_model function.
2020-09-24 10:41:17,701 [INFO:MLManager_obj] {get_all_model:131} [SYSTEM]:[admin] Getting all ML models.
2020-09-24 10:41:17,750 [INFO:MLManager_obj] {get_all_model:153} [SYSTEM]:[admin] Got all ML models.
2020-09-24 10:41:17,765 [INFO:model_management_api] {get_all_model:301} [SYSTEM]:[admin] Deleted MLManagement object.
2020-09-24 10:41:17,766 [INFO:model_management_api] {get_all_model:315} [SYSTEM]:[admin] Response data from get_all_model API
2020-09-24 10:41:23,097 [INFO:LogManager] {__init__:17} [SYSTEM]:Set log variable
2020-09-24 10:41:23,097 [INFO:user_management] {add_log:235} [USER]:[admin] Click switch active machine learning model button.
2020-09-24 10:41:23,631 [INFO:model_management_api] {change_active_model:200} [SYSTEM]:[admin] Use change active ML model API.
2020-09-24 10:41:23,631 [INFO:MLManager_obj] {__init__:76} [SYSTEM]:Connecting to database
2020-09-24 10:41:23,634 [INFO:MLManager_obj] {__init__:78} [SYSTEM]:Connected to database
2020-09-24 10:41:23,636 [INFO:model_management_api] {change_active_model:202} [SYSTEM]:[admin] Created MLManagement object.
2020-09-24 10:41:23,637 [INFO:model_management_api] {change_active_model:203} [SYSTEM]:[admin] Call change_active_model function.
2020-09-24 10:41:23,637 [INFO:MLManager_obj] {change_active_model:324} [SYSTEM]:[admin] Prepair ML model data to be activate.
2020-09-24 10:41:23,668 [INFO:MLManager_obj] {change_active_model:345} [SYSTEM]:[admin] Disable an active model.
2020-09-24 10:41:23,670 [INFO:MLManager_obj] {change_active_model:351} [SYSTEM]:[admin] Activate a selected model.
2020-09-24 10:41:23,694 [INFO:model_management_api] {change_active_model:212} [SYSTEM]:[admin] Deleted MLManagement object.
2020-09-24 10:41:23,695 [INFO:model_management_api] {change_active_model:213} [SYSTEM]:[admin] Response data from change_active_model API
2020-09-24 10:41:24,012 [INFO:model_management_api] {get_all_model:295} [SYSTEM]:[admin] Use get all ML model API.
2020-09-24 10:41:24,012 [INFO:MLManager_obj] {__init__:76} [SYSTEM]:Connecting to database
2020-09-24 10:41:24,015 [INFO:MLManager_obj] {__init__:78} [SYSTEM]:Connected to database
2020-09-24 10:41:24,017 [INFO:model_management_api] {get_all_model:297} [SYSTEM]:[admin] Created MLManagement object.
2020-09-24 10:41:24,017 [INFO:model_management_api] {get_all_model:298} [SYSTEM]:[admin] Call get_all_model function.
2020-09-24 10:41:24,018 [INFO:MLManager_obj] {get_all_model:131} [SYSTEM]:[admin] Getting all ML models.
2020-09-24 10:41:24,043 [INFO:MLManager_obj] {get_all_model:153} [SYSTEM]:[admin] Got all ML models.
2020-09-24 10:41:24,061 [INFO:model_management_api] {get_all_model:301} [SYSTEM]:[admin] Deleted MLManagement object.
2020-09-24 10:41:24,061 [INFO:model_management_api] {get_all_model:315} [SYSTEM]:[admin] Response data from get_all_model API
2020-09-24 10:41:24,598 [INFO:LogManager] {__init__:17} [SYSTEM]:Set log variable
2020-09-24 10:41:24,599 [INFO:user_management] {add_log:235} [USER]:[admin] Enter page /ref_management
2020-09-24 10:41:24,900 [INFO:model_management_api] {get_all_model:303} [SYSTEM]:[admin] Use get all ML model API.
2020-09-24 10:41:24,906 [INFO:model_management_api] {get_all_model:305} [SYSTEM]:[admin] Created RefManagement object.
2020-09-24 10:41:24,907 [INFO:model_management_api] {get_all_model:306} [SYSTEM]:[admin] Call get_all_model function.
2020-09-24 10:41:24,949 [INFO:model_management_api] {get_all_model:313} [SYSTEM]:[admin] Deleted RefManagement object.
2020-09-24 10:41:24,950 [INFO:model_management_api] {get_all_model:315} [SYSTEM]:[admin] Response data from get_all_model API
2020-09-24 10:41:25,207 [INFO:model_management_api] {get_all_unit:331} [SYSTEM]:[admin] Use get all units API.
2020-09-24 10:41:25,212 [INFO:model_management_api] {get_all_unit:333} [SYSTEM]:[admin] Created RefManagement object.
2020-09-24 10:41:25,213 [INFO:model_management_api] {get_all_unit:334} [SYSTEM]:[admin] Call get_all_model function.
2020-09-24 10:41:25,257 [INFO:model_management_api] {get_all_unit:341} [SYSTEM]:[admin] Deleted RefManagement object.
2020-09-24 10:41:25,257 [INFO:model_management_api] {get_all_unit:343} [SYSTEM]:[admin] Response data from get_all_model API
2020-09-24 10:41:26,508 [INFO:LogManager] {__init__:17} [SYSTEM]:Set log variable
2020-09-24 10:41:26,509 [INFO:user_management] {add_log:235} [USER]:[admin] Click switch active reference model button.
2020-09-24 10:41:27,055 [INFO:model_management_api] {change_active_model:216} [SYSTEM]:[admin] Use change active Ref model API.
2020-09-24 10:41:27,062 [INFO:model_management_api] {change_active_model:218} [SYSTEM]:[admin] Created RefManagement object.
2020-09-24 10:41:27,063 [INFO:model_management_api] {change_active_model:219} [SYSTEM]:[admin] Call change_active_model function.
2020-09-24 10:41:27,116 [INFO:model_management_api] {change_active_model:228} [SYSTEM]:[admin] Deleted RefManagement object.
2020-09-24 10:41:27,117 [INFO:model_management_api] {change_active_model:229} [SYSTEM]:[admin] Response data from change_active_model API
2020-09-24 10:41:27,446 [INFO:model_management_api] {get_all_model:303} [SYSTEM]:[admin] Use get all ML model API.
2020-09-24 10:41:27,451 [INFO:model_management_api] {get_all_model:305} [SYSTEM]:[admin] Created RefManagement object.
2020-09-24 10:41:27,451 [INFO:model_management_api] {get_all_model:306} [SYSTEM]:[admin] Call get_all_model function.
2020-09-24 10:41:27,498 [INFO:model_management_api] {get_all_model:313} [SYSTEM]:[admin] Deleted RefManagement object.
2020-09-24 10:41:27,498 [INFO:model_management_api] {get_all_model:315} [SYSTEM]:[admin] Response data from get_all_model API
2020-09-24 10:41:30,459 [INFO:LogManager] {__init__:17} [SYSTEM]:Set log variable
2020-09-24 10:41:30,461 [INFO:user_management] {add_log:235} [USER]:[admin] Enter page /upload
2020-09-24 10:41:32,358 [INFO:LogManager] {__init__:17} [SYSTEM]:Set log variable
2020-09-24 10:41:32,359 [INFO:user_management] {add_log:235} [USER]:[admin] Choosen image file.
2020-09-24 10:41:32,757 [INFO:LogManager] {__init__:17} [SYSTEM]:Set log variable
2020-09-24 10:41:32,758 [INFO:user_management] {add_log:235} [USER]:[admin] Selected measurement unit.
2020-09-24 10:41:33,262 [INFO:LogManager] {__init__:17} [SYSTEM]:Set log variable
2020-09-24 10:41:33,263 [INFO:user_management] {add_log:235} [USER]:[admin] Click upload image button.
2020-09-24 10:41:34,471 [INFO:image_processing_api] {upload_image:80} [SYSTEM]:[admin] Prepair image data to be measure.
2020-09-24 10:41:34,472 [INFO:image_processing_api] {upload_image:91} [SYSTEM]:[admin] Processing image...
2020-09-24 10:41:34,644 [INFO:image_processing_api] {upload_image:98} [SYSTEM]:[admin] Got measurement result
2020-09-24 10:41:34,686 [ERROR:image_measurement] {measure_obj_size:465} [SYSTEM]:OpenCV(4.3.0) C:\projects\opencv-python\opencv\modules\dnn\src\darknet\darknet_importer.cpp:207: error: (-212:Parsing error) Failed to parse NetParameter file: C:\Users\First-AP\Desktop\Homework\4th Year\CSI_project\Docker\Flask\app\db_file\ml_model\ml_model_config.cfg in function 'cv::dnn::dnn4_v20200310::readNetFromDarknet'
.
2020-09-24 10:41:34,692 [INFO:image_processing_api] {upload_image:101} [SYSTEM]:[admin] Prepair image date to be response.
2020-09-24 10:41:34,693 [ERROR:image_processing_api] {upload_image:127} [SYSTEM]:'img'.
2020-09-24 10:44:11,316 [INFO:LogManager] {__init__:17} [SYSTEM]:Set log variable
2020-09-24 10:44:11,317 [INFO:user_management] {add_log:235} [USER]:[admin] Choosen image file.
2020-09-24 10:44:12,073 [INFO:LogManager] {__init__:17} [SYSTEM]:Set log variable
2020-09-24 10:44:12,074 [INFO:user_management] {add_log:235} [USER]:[admin] Selected measurement unit.
2020-09-24 10:44:12,611 [INFO:LogManager] {__init__:17} [SYSTEM]:Set log variable
2020-09-24 10:44:12,613 [INFO:user_management] {add_log:235} [USER]:[admin] Click upload image button.
2020-09-24 10:44:13,681 [INFO:image_processing_api] {upload_image:80} [SYSTEM]:[admin] Prepair image data to be measure.
2020-09-24 10:44:13,682 [INFO:image_processing_api] {upload_image:91} [SYSTEM]:[admin] Processing image...
2020-09-24 10:44:13,872 [INFO:image_processing_api] {upload_image:98} [SYSTEM]:[admin] Got measurement result
2020-09-24 10:44:13,895 [ERROR:image_measurement] {measure_obj_size:465} [SYSTEM]:OpenCV(4.3.0) C:\projects\opencv-python\opencv\modules\dnn\src\darknet\darknet_importer.cpp:207: error: (-212:Parsing error) Failed to parse NetParameter file: C:\Users\First-AP\Desktop\Homework\4th Year\CSI_project\Docker\Flask\app\db_file\ml_model\ml_model_config.cfg in function 'cv::dnn::dnn4_v20200310::readNetFromDarknet'
.
2020-09-24 10:44:13,906 [INFO:image_processing_api] {upload_image:101} [SYSTEM]:[admin] Prepair image date to be response.
2020-09-24 10:44:13,907 [ERROR:image_processing_api] {upload_image:127} [SYSTEM]:'img'.
2020-09-24 10:45:44,231 [INFO:LogManager] {__init__:17} [SYSTEM]:Set log variable
2020-09-24 10:45:44,232 [INFO:user_management] {add_log:235} [USER]:[admin] Choosen image file.
2020-09-24 10:45:44,574 [INFO:LogManager] {__init__:17} [SYSTEM]:Set log variable
2020-09-24 10:45:44,575 [INFO:user_management] {add_log:235} [USER]:[admin] Selected measurement unit.
2020-09-24 10:45:45,141 [INFO:LogManager] {__init__:17} [SYSTEM]:Set log variable
2020-09-24 10:45:45,141 [INFO:user_management] {add_log:235} [USER]:[admin] Click upload image button.
2020-09-24 10:45:46,145 [INFO:image_processing_api] {upload_image:80} [SYSTEM]:[admin] Prepair image data to be measure.
2020-09-24 10:45:46,147 [INFO:image_processing_api] {upload_image:91} [SYSTEM]:[admin] Processing image...
2020-09-24 10:45:46,313 [INFO:image_processing_api] {upload_image:98} [SYSTEM]:[admin] Got measurement result
2020-09-24 10:45:50,923 [INFO:image_processing_api] {upload_image:101} [SYSTEM]:[admin] Prepair image date to be response.
2020-09-24 10:45:51,016 [INFO:image_processing_api] {upload_image:119} [SYSTEM]:[admin] Responsed measurement result.
2020-09-24 10:46:11,404 [INFO:LogManager] {__init__:17} [SYSTEM]:Set log variable
2020-09-24 10:46:11,405 [INFO:user_management] {add_log:235} [USER]:[admin] Click "Upload another image" button
2020-09-24 10:46:22,100 [INFO:LogManager] {__init__:17} [SYSTEM]:Set log variable
2020-09-24 10:46:22,101 [INFO:user_management] {add_log:235} [USER]:[admin] Choosen image file.
2020-09-24 10:46:22,667 [INFO:LogManager] {__init__:17} [SYSTEM]:Set log variable
2020-09-24 10:46:22,672 [INFO:user_management] {add_log:235} [USER]:[admin] Selected measurement unit.
2020-09-24 10:46:23,062 [INFO:LogManager] {__init__:17} [SYSTEM]:Set log variable
2020-09-24 10:46:23,063 [INFO:user_management] {add_log:235} [USER]:[admin] Click upload image button.
2020-09-24 10:46:23,354 [INFO:image_processing_api] {upload_image:80} [SYSTEM]:[admin] Prepair image data to be measure.
2020-09-24 10:46:23,355 [INFO:image_processing_api] {upload_image:91} [SYSTEM]:[admin] Processing image...
2020-09-24 10:46:23,386 [INFO:image_processing_api] {upload_image:98} [SYSTEM]:[admin] Got measurement result
2020-09-24 10:46:27,413 [INFO:image_processing_api] {upload_image:101} [SYSTEM]:[admin] Prepair image date to be response.
2020-09-24 10:46:27,551 [INFO:image_processing_api] {upload_image:119} [SYSTEM]:[admin] Responsed measurement result.
2020-09-24 10:47:13,424 [INFO:LogManager] {__init__:17} [SYSTEM]:Set log variable
2020-09-24 10:47:13,424 [INFO:user_management] {add_log:235} [USER]:[admin] Click "Upload another image" button
2020-09-24 10:47:16,753 [INFO:LogManager] {__init__:17} [SYSTEM]:Set log variable
2020-09-24 10:47:16,755 [INFO:user_management] {add_log:235} [USER]:[admin] Choosen image file.
2020-09-24 10:47:18,038 [INFO:LogManager] {__init__:17} [SYSTEM]:Set log variable
2020-09-24 10:47:18,039 [INFO:user_management] {add_log:235} [USER]:[admin] Selected measurement unit.
2020-09-24 10:47:18,289 [INFO:LogManager] {__init__:17} [SYSTEM]:Set log variable
2020-09-24 10:47:18,289 [INFO:user_management] {add_log:235} [USER]:[admin] Click upload image button.
2020-09-24 10:47:19,123 [INFO:image_processing_api] {upload_image:80} [SYSTEM]:[admin] Prepair image data to be measure.
2020-09-24 10:47:19,124 [INFO:image_processing_api] {upload_image:91} [SYSTEM]:[admin] Processing image...
2020-09-24 10:47:19,320 [INFO:image_processing_api] {upload_image:98} [SYSTEM]:[admin] Got measurement result
2020-09-24 10:47:23,890 [INFO:image_processing_api] {upload_image:101} [SYSTEM]:[admin] Prepair image date to be response.
2020-09-24 10:47:24,017 [INFO:image_processing_api] {upload_image:119} [SYSTEM]:[admin] Responsed measurement result.
2020-09-24 10:47:53,343 [INFO:LogManager] {__init__:17} [SYSTEM]:Set log variable
2020-09-24 10:47:53,343 [INFO:user_management] {add_log:235} [USER]:[admin] Click "Upload another image" button
2020-09-24 10:47:56,126 [INFO:LogManager] {__init__:17} [SYSTEM]:Set log variable
2020-09-24 10:47:56,128 [INFO:user_management] {add_log:235} [USER]:[admin] Choosen image file.
2020-09-24 10:47:57,441 [INFO:LogManager] {__init__:17} [SYSTEM]:Set log variable
2020-09-24 10:47:57,442 [INFO:user_management] {add_log:235} [USER]:[admin] Selected measurement unit.
2020-09-24 10:47:57,683 [INFO:LogManager] {__init__:17} [SYSTEM]:Set log variable
2020-09-24 10:47:57,685 [INFO:user_management] {add_log:235} [USER]:[admin] Click upload image button.
2020-09-24 10:47:58,459 [INFO:image_processing_api] {upload_image:80} [SYSTEM]:[admin] Prepair image data to be measure.
2020-09-24 10:47:58,460 [INFO:image_processing_api] {upload_image:91} [SYSTEM]:[admin] Processing image...
2020-09-24 10:47:58,649 [INFO:image_processing_api] {upload_image:98} [SYSTEM]:[admin] Got measurement result
2020-09-24 10:48:02,765 [INFO:image_processing_api] {upload_image:101} [SYSTEM]:[admin] Prepair image date to be response.
2020-09-24 10:48:02,880 [INFO:image_processing_api] {upload_image:119} [SYSTEM]:[admin] Responsed measurement result.
2020-09-24 10:48:08,789 [INFO:LogManager] {__init__:17} [SYSTEM]:Set log variable
2020-09-24 10:48:08,790 [INFO:user_management] {add_log:235} [USER]:[admin] Click "Upload another image" button
2020-09-24 10:48:16,154 [INFO:LogManager] {__init__:17} [SYSTEM]:Set log variable
2020-09-24 10:48:16,154 [INFO:user_management] {add_log:235} [USER]:[admin] Choosen image file.
2020-09-24 10:48:16,606 [INFO:LogManager] {__init__:17} [SYSTEM]:Set log variable
2020-09-24 10:48:16,607 [INFO:user_management] {add_log:235} [USER]:[admin] Selected measurement unit.
2020-09-24 10:48:18,811 [INFO:LogManager] {__init__:17} [SYSTEM]:Set log variable
2020-09-24 10:48:18,813 [INFO:user_management] {add_log:235} [USER]:[admin] Enter page /upload
2020-09-24 10:48:21,384 [INFO:LogManager] {__init__:17} [SYSTEM]:Set log variable
2020-09-24 10:48:21,385 [INFO:user_management] {add_log:235} [USER]:[admin] Choosen image file.
2020-09-24 10:48:21,801 [INFO:LogManager] {__init__:17} [SYSTEM]:Set log variable
2020-09-24 10:48:21,804 [INFO:user_management] {add_log:235} [USER]:[admin] Selected measurement unit.
2020-09-24 10:48:22,462 [INFO:LogManager] {__init__:17} [SYSTEM]:Set log variable
2020-09-24 10:48:22,464 [INFO:user_management] {add_log:235} [USER]:[admin] Click upload image button.
2020-09-24 10:48:23,355 [INFO:image_processing_api] {upload_image:80} [SYSTEM]:[admin] Prepair image data to be measure.
2020-09-24 10:48:23,357 [INFO:image_processing_api] {upload_image:91} [SYSTEM]:[admin] Processing image...
2020-09-24 10:48:23,532 [INFO:image_processing_api] {upload_image:98} [SYSTEM]:[admin] Got measurement result
2020-09-24 10:48:23,804 [INFO:LogManager] {__init__:17} [SYSTEM]:Set log variable
2020-09-24 10:48:23,805 [INFO:user_management] {add_log:235} [USER]:[admin] Click upload image button.
2020-09-24 10:48:26,750 [INFO:image_processing_api] {upload_image:80} [SYSTEM]:[admin] Prepair image data to be measure.
2020-09-24 10:48:26,753 [INFO:image_processing_api] {upload_image:91} [SYSTEM]:[admin] Processing image...
2020-09-24 10:48:27,063 [INFO:image_processing_api] {upload_image:98} [SYSTEM]:[admin] Got measurement result
2020-09-24 10:48:29,109 [INFO:image_processing_api] {upload_image:101} [SYSTEM]:[admin] Prepair image date to be response.
2020-09-24 10:48:29,279 [INFO:image_processing_api] {upload_image:119} [SYSTEM]:[admin] Responsed measurement result.
2020-09-24 10:48:32,889 [INFO:image_processing_api] {upload_image:101} [SYSTEM]:[admin] Prepair image date to be response.
2020-09-24 10:48:33,008 [INFO:image_processing_api] {upload_image:119} [SYSTEM]:[admin] Responsed measurement result.
2020-09-24 10:52:35,754 [INFO:main] {<module>:29} [SYSTEM]:Created flask app.
2020-09-24 10:52:35,756 [INFO:main] {<module>:31} [SYSTEM]:Registered image_processing_api blueprint 
2020-09-24 10:52:35,757 [INFO:main] {<module>:33} [SYSTEM]:Registered user_api blueprint 
2020-09-24 10:52:35,761 [INFO:main] {<module>:35} [SYSTEM]:Registered model_management_api blueprint 
2020-09-24 10:52:35,762 [INFO:main] {<module>:37} [SYSTEM]:Registered log_management_api blueprint 
2020-09-24 10:52:43,362 [INFO:main] {<module>:29} [SYSTEM]:Created flask app.
2020-09-24 10:52:43,363 [INFO:main] {<module>:31} [SYSTEM]:Registered image_processing_api blueprint 
2020-09-24 10:52:43,365 [INFO:main] {<module>:33} [SYSTEM]:Registered user_api blueprint 
2020-09-24 10:52:43,369 [INFO:main] {<module>:35} [SYSTEM]:Registered model_management_api blueprint 
2020-09-24 10:52:43,370 [INFO:main] {<module>:37} [SYSTEM]:Registered log_management_api blueprint 
2020-09-24 10:52:46,049 [INFO:main] {<module>:29} [SYSTEM]:Created flask app.
2020-09-24 10:52:46,050 [INFO:main] {<module>:31} [SYSTEM]:Registered image_processing_api blueprint 
2020-09-24 10:52:46,052 [INFO:main] {<module>:33} [SYSTEM]:Registered user_api blueprint 
2020-09-24 10:52:46,056 [INFO:main] {<module>:35} [SYSTEM]:Registered model_management_api blueprint 
2020-09-24 10:52:46,057 [INFO:main] {<module>:37} [SYSTEM]:Registered log_management_api blueprint 
2020-09-24 10:52:54,012 [INFO:main] {<module>:29} [SYSTEM]:Created flask app.
2020-09-24 10:52:54,014 [INFO:main] {<module>:31} [SYSTEM]:Registered image_processing_api blueprint 
2020-09-24 10:52:54,015 [INFO:main] {<module>:33} [SYSTEM]:Registered user_api blueprint 
2020-09-24 10:52:54,019 [INFO:main] {<module>:35} [SYSTEM]:Registered model_management_api blueprint 
2020-09-24 10:52:54,020 [INFO:main] {<module>:37} [SYSTEM]:Registered log_management_api blueprint 
2020-09-24 10:53:01,636 [INFO:main] {<module>:29} [SYSTEM]:Created flask app.
2020-09-24 10:53:01,638 [INFO:main] {<module>:31} [SYSTEM]:Registered image_processing_api blueprint 
2020-09-24 10:53:01,640 [INFO:main] {<module>:33} [SYSTEM]:Registered user_api blueprint 
2020-09-24 10:53:01,643 [INFO:main] {<module>:35} [SYSTEM]:Registered model_management_api blueprint 
2020-09-24 10:53:01,648 [INFO:main] {<module>:37} [SYSTEM]:Registered log_management_api blueprint 
2020-09-24 10:53:09,203 [INFO:LogManager] {__init__:17} [SYSTEM]:Set log variable
2020-09-24 10:53:09,204 [INFO:user_management] {add_log:235} [USER]:[admin] Click "Upload another image" button
2020-09-24 10:53:12,046 [INFO:LogManager] {__init__:17} [SYSTEM]:Set log variable
2020-09-24 10:53:12,047 [INFO:user_management] {add_log:235} [USER]:[admin] Choosen image file.
2020-09-24 10:53:12,505 [INFO:LogManager] {__init__:17} [SYSTEM]:Set log variable
2020-09-24 10:53:12,506 [INFO:user_management] {add_log:235} [USER]:[admin] Selected measurement unit.
2020-09-24 10:53:13,025 [INFO:LogManager] {__init__:17} [SYSTEM]:Set log variable
2020-09-24 10:53:13,025 [INFO:user_management] {add_log:235} [USER]:[admin] Click upload image button.
2020-09-24 10:53:14,489 [INFO:image_processing_api] {upload_image:80} [SYSTEM]:[admin] Prepair image data to be measure.
2020-09-24 10:53:14,490 [INFO:image_processing_api] {upload_image:91} [SYSTEM]:[admin] Processing image...
2020-09-24 10:53:14,745 [INFO:image_processing_api] {upload_image:98} [SYSTEM]:[admin] Got measurement result
2020-09-24 10:53:21,009 [INFO:image_processing_api] {upload_image:101} [SYSTEM]:[admin] Prepair image date to be response.
2020-09-24 10:53:21,156 [INFO:image_processing_api] {upload_image:121} [SYSTEM]:[admin] Responsed measurement result.
2020-09-24 10:53:49,584 [INFO:LogManager] {__init__:17} [SYSTEM]:Set log variable
2020-09-24 10:53:49,584 [INFO:user_management] {add_log:235} [USER]:[admin] Click "Upload another image" button
2020-09-24 10:53:51,862 [INFO:LogManager] {__init__:17} [SYSTEM]:Set log variable
2020-09-24 10:53:51,864 [INFO:user_management] {add_log:235} [USER]:[admin] Choosen image file.
2020-09-24 10:53:52,960 [INFO:LogManager] {__init__:17} [SYSTEM]:Set log variable
2020-09-24 10:53:52,960 [INFO:user_management] {add_log:235} [USER]:[admin] Selected measurement unit.
2020-09-24 10:53:53,144 [INFO:LogManager] {__init__:17} [SYSTEM]:Set log variable
2020-09-24 10:53:53,145 [INFO:user_management] {add_log:235} [USER]:[admin] Click upload image button.
2020-09-24 10:53:53,886 [INFO:image_processing_api] {upload_image:80} [SYSTEM]:[admin] Prepair image data to be measure.
2020-09-24 10:53:53,887 [INFO:image_processing_api] {upload_image:91} [SYSTEM]:[admin] Processing image...
2020-09-24 10:53:54,115 [INFO:image_processing_api] {upload_image:98} [SYSTEM]:[admin] Got measurement result
2020-09-24 10:53:58,476 [INFO:image_processing_api] {upload_image:101} [SYSTEM]:[admin] Prepair image date to be response.
2020-09-24 10:53:58,594 [INFO:image_processing_api] {upload_image:121} [SYSTEM]:[admin] Responsed measurement result.
2020-09-24 11:02:34,060 [INFO:main] {<module>:29} [SYSTEM]:Created flask app.
2020-09-24 11:02:34,061 [INFO:main] {<module>:31} [SYSTEM]:Registered image_processing_api blueprint 
2020-09-24 11:02:34,063 [INFO:main] {<module>:33} [SYSTEM]:Registered user_api blueprint 
2020-09-24 11:02:34,066 [INFO:main] {<module>:35} [SYSTEM]:Registered model_management_api blueprint 
2020-09-24 11:02:34,067 [INFO:main] {<module>:37} [SYSTEM]:Registered log_management_api blueprint 
2020-09-24 11:02:51,775 [INFO:main] {<module>:29} [SYSTEM]:Created flask app.
2020-09-24 11:02:51,777 [INFO:main] {<module>:31} [SYSTEM]:Registered image_processing_api blueprint 
2020-09-24 11:02:51,778 [INFO:main] {<module>:33} [SYSTEM]:Registered user_api blueprint 
2020-09-24 11:02:51,781 [INFO:main] {<module>:35} [SYSTEM]:Registered model_management_api blueprint 
2020-09-24 11:02:51,782 [INFO:main] {<module>:37} [SYSTEM]:Registered log_management_api blueprint 
2020-09-24 11:02:52,675 [INFO:main] {<module>:29} [SYSTEM]:Created flask app.
2020-09-24 11:02:52,676 [INFO:main] {<module>:31} [SYSTEM]:Registered image_processing_api blueprint 
2020-09-24 11:02:52,677 [INFO:main] {<module>:33} [SYSTEM]:Registered user_api blueprint 
2020-09-24 11:02:52,680 [INFO:main] {<module>:35} [SYSTEM]:Registered model_management_api blueprint 
2020-09-24 11:02:52,682 [INFO:main] {<module>:37} [SYSTEM]:Registered log_management_api blueprint 
2020-09-24 11:02:56,152 [INFO:LogManager] {__init__:17} [SYSTEM]:Set log variable
2020-09-24 11:02:56,152 [INFO:user_management] {add_log:235} [USER]:[admin] Click "Upload another image" button
2020-09-24 11:02:57,978 [INFO:LogManager] {__init__:17} [SYSTEM]:Set log variable
2020-09-24 11:02:57,979 [INFO:user_management] {add_log:235} [USER]:[admin] Choosen image file.
2020-09-24 11:02:59,105 [INFO:LogManager] {__init__:17} [SYSTEM]:Set log variable
2020-09-24 11:02:59,105 [INFO:user_management] {add_log:235} [USER]:[admin] Selected measurement unit.
2020-09-24 11:02:59,253 [INFO:LogManager] {__init__:17} [SYSTEM]:Set log variable
2020-09-24 11:02:59,254 [INFO:user_management] {add_log:235} [USER]:[admin] Click upload image button.
2020-09-24 11:03:00,551 [INFO:image_processing_api] {upload_image:81} [SYSTEM]:[admin] Prepair image data to be measure.
2020-09-24 11:03:00,551 [INFO:image_processing_api] {upload_image:92} [SYSTEM]:[admin] Processing image...
2020-09-24 11:03:00,812 [INFO:image_processing_api] {upload_image:99} [SYSTEM]:[admin] Got measurement result
2020-09-24 11:03:06,381 [INFO:image_processing_api] {upload_image:102} [SYSTEM]:[admin] Prepair image date to be response.
2020-09-24 11:03:06,527 [INFO:image_processing_api] {upload_image:120} [SYSTEM]:[admin] Responsed measurement result.
2020-09-24 11:03:32,661 [INFO:main] {<module>:29} [SYSTEM]:Created flask app.
2020-09-24 11:03:32,663 [INFO:main] {<module>:31} [SYSTEM]:Registered image_processing_api blueprint 
2020-09-24 11:03:32,665 [INFO:main] {<module>:33} [SYSTEM]:Registered user_api blueprint 
2020-09-24 11:03:32,669 [INFO:main] {<module>:35} [SYSTEM]:Registered model_management_api blueprint 
2020-09-24 11:03:32,671 [INFO:main] {<module>:37} [SYSTEM]:Registered log_management_api blueprint 
2020-09-24 11:03:37,202 [INFO:main] {<module>:29} [SYSTEM]:Created flask app.
2020-09-24 11:03:37,204 [INFO:main] {<module>:31} [SYSTEM]:Registered image_processing_api blueprint 
2020-09-24 11:03:37,205 [INFO:main] {<module>:33} [SYSTEM]:Registered user_api blueprint 
2020-09-24 11:03:37,208 [INFO:main] {<module>:35} [SYSTEM]:Registered model_management_api blueprint 
2020-09-24 11:03:37,210 [INFO:main] {<module>:37} [SYSTEM]:Registered log_management_api blueprint 
2020-09-24 11:03:58,853 [INFO:main] {<module>:29} [SYSTEM]:Created flask app.
2020-09-24 11:03:58,855 [INFO:main] {<module>:31} [SYSTEM]:Registered image_processing_api blueprint 
2020-09-24 11:03:58,856 [INFO:main] {<module>:33} [SYSTEM]:Registered user_api blueprint 
2020-09-24 11:03:58,860 [INFO:main] {<module>:35} [SYSTEM]:Registered model_management_api blueprint 
2020-09-24 11:03:58,861 [INFO:main] {<module>:37} [SYSTEM]:Registered log_management_api blueprint 
2020-09-24 11:04:04,533 [INFO:main] {<module>:29} [SYSTEM]:Created flask app.
2020-09-24 11:04:04,534 [INFO:main] {<module>:31} [SYSTEM]:Registered image_processing_api blueprint 
2020-09-24 11:04:04,536 [INFO:main] {<module>:33} [SYSTEM]:Registered user_api blueprint 
2020-09-24 11:04:04,540 [INFO:main] {<module>:35} [SYSTEM]:Registered model_management_api blueprint 
2020-09-24 11:04:04,541 [INFO:main] {<module>:37} [SYSTEM]:Registered log_management_api blueprint 
2020-09-24 11:04:13,566 [INFO:main] {<module>:29} [SYSTEM]:Created flask app.
2020-09-24 11:04:13,568 [INFO:main] {<module>:31} [SYSTEM]:Registered image_processing_api blueprint 
2020-09-24 11:04:13,569 [INFO:main] {<module>:33} [SYSTEM]:Registered user_api blueprint 
2020-09-24 11:04:13,573 [INFO:main] {<module>:35} [SYSTEM]:Registered model_management_api blueprint 
2020-09-24 11:04:13,575 [INFO:main] {<module>:37} [SYSTEM]:Registered log_management_api blueprint 
2020-09-24 11:04:17,203 [INFO:main] {<module>:29} [SYSTEM]:Created flask app.
2020-09-24 11:04:17,205 [INFO:main] {<module>:31} [SYSTEM]:Registered image_processing_api blueprint 
2020-09-24 11:04:17,206 [INFO:main] {<module>:33} [SYSTEM]:Registered user_api blueprint 
2020-09-24 11:04:17,210 [INFO:main] {<module>:35} [SYSTEM]:Registered model_management_api blueprint 
2020-09-24 11:04:17,211 [INFO:main] {<module>:37} [SYSTEM]:Registered log_management_api blueprint 
2020-09-24 11:04:32,442 [INFO:main] {<module>:29} [SYSTEM]:Created flask app.
2020-09-24 11:04:32,443 [INFO:main] {<module>:31} [SYSTEM]:Registered image_processing_api blueprint 
2020-09-24 11:04:32,445 [INFO:main] {<module>:33} [SYSTEM]:Registered user_api blueprint 
2020-09-24 11:04:32,448 [INFO:main] {<module>:35} [SYSTEM]:Registered model_management_api blueprint 
2020-09-24 11:04:32,450 [INFO:main] {<module>:37} [SYSTEM]:Registered log_management_api blueprint 
2020-09-24 11:04:36,958 [INFO:main] {<module>:29} [SYSTEM]:Created flask app.
2020-09-24 11:04:36,959 [INFO:main] {<module>:31} [SYSTEM]:Registered image_processing_api blueprint 
2020-09-24 11:04:36,961 [INFO:main] {<module>:33} [SYSTEM]:Registered user_api blueprint 
2020-09-24 11:04:36,964 [INFO:main] {<module>:35} [SYSTEM]:Registered model_management_api blueprint 
2020-09-24 11:04:36,966 [INFO:main] {<module>:37} [SYSTEM]:Registered log_management_api blueprint 
2020-09-24 11:04:48,472 [INFO:LogManager] {__init__:17} [SYSTEM]:Set log variable
2020-09-24 11:04:48,473 [INFO:user_management] {add_log:235} [USER]:[admin] Click "Upload another image" button
2020-09-24 11:04:51,318 [INFO:LogManager] {__init__:17} [SYSTEM]:Set log variable
2020-09-24 11:04:51,320 [INFO:user_management] {add_log:235} [USER]:[admin] Choosen image file.
2020-09-24 11:04:52,445 [INFO:LogManager] {__init__:17} [SYSTEM]:Set log variable
2020-09-24 11:04:52,446 [INFO:user_management] {add_log:235} [USER]:[admin] Selected measurement unit.
2020-09-24 11:04:52,597 [INFO:LogManager] {__init__:17} [SYSTEM]:Set log variable
2020-09-24 11:04:52,598 [INFO:user_management] {add_log:235} [USER]:[admin] Click upload image button.
2020-09-24 11:04:53,423 [INFO:image_processing_api] {upload_image:80} [SYSTEM]:[admin] Prepair image data to be measure.
2020-09-24 11:04:53,425 [INFO:image_processing_api] {upload_image:91} [SYSTEM]:[admin] Processing image...
2020-09-24 11:04:53,602 [INFO:image_processing_api] {upload_image:98} [SYSTEM]:[admin] Got measurement result
2020-09-24 11:04:58,668 [INFO:image_processing_api] {upload_image:101} [SYSTEM]:[admin] Prepair image date to be response.
2020-09-24 11:04:58,805 [ERROR:image_processing_api] {upload_image:134} [SYSTEM]:local variable 'retval' referenced before assignment.
2020-09-24 11:05:17,382 [INFO:main] {<module>:29} [SYSTEM]:Created flask app.
2020-09-24 11:05:17,386 [INFO:main] {<module>:31} [SYSTEM]:Registered image_processing_api blueprint 
2020-09-24 11:05:17,394 [INFO:main] {<module>:33} [SYSTEM]:Registered user_api blueprint 
2020-09-24 11:05:17,405 [INFO:main] {<module>:35} [SYSTEM]:Registered model_management_api blueprint 
2020-09-24 11:05:17,410 [INFO:main] {<module>:37} [SYSTEM]:Registered log_management_api blueprint 
2020-09-24 11:05:19,011 [INFO:LogManager] {__init__:17} [SYSTEM]:Set log variable
2020-09-24 11:05:19,011 [INFO:user_management] {add_log:235} [USER]:[admin] Choosen image file.
2020-09-24 11:05:20,228 [INFO:LogManager] {__init__:17} [SYSTEM]:Set log variable
2020-09-24 11:05:20,228 [INFO:user_management] {add_log:235} [USER]:[admin] Selected measurement unit.
2020-09-24 11:05:20,671 [INFO:LogManager] {__init__:17} [SYSTEM]:Set log variable
2020-09-24 11:05:20,674 [INFO:user_management] {add_log:235} [USER]:[admin] Click upload image button.
2020-09-24 11:05:21,667 [INFO:image_processing_api] {upload_image:80} [SYSTEM]:[admin] Prepair image data to be measure.
2020-09-24 11:05:21,670 [INFO:image_processing_api] {upload_image:91} [SYSTEM]:[admin] Processing image...
2020-09-24 11:05:21,838 [INFO:image_processing_api] {upload_image:98} [SYSTEM]:[admin] Got measurement result
2020-09-24 11:05:26,561 [INFO:image_processing_api] {upload_image:101} [SYSTEM]:[admin] Prepair image date to be response.
2020-09-24 11:05:26,736 [INFO:image_processing_api] {upload_image:125} [SYSTEM]:[admin] Responsed measurement result.
2020-09-24 11:06:47,725 [INFO:main] {<module>:29} [SYSTEM]:Created flask app.
2020-09-24 11:06:47,727 [INFO:main] {<module>:31} [SYSTEM]:Registered image_processing_api blueprint 
2020-09-24 11:06:47,729 [INFO:main] {<module>:33} [SYSTEM]:Registered user_api blueprint 
2020-09-24 11:06:47,732 [INFO:main] {<module>:35} [SYSTEM]:Registered model_management_api blueprint 
2020-09-24 11:06:47,734 [INFO:main] {<module>:37} [SYSTEM]:Registered log_management_api blueprint 
2020-09-24 11:06:54,686 [INFO:main] {<module>:29} [SYSTEM]:Created flask app.
2020-09-24 11:06:54,688 [INFO:main] {<module>:31} [SYSTEM]:Registered image_processing_api blueprint 
2020-09-24 11:06:54,690 [INFO:main] {<module>:33} [SYSTEM]:Registered user_api blueprint 
2020-09-24 11:06:54,693 [INFO:main] {<module>:35} [SYSTEM]:Registered model_management_api blueprint 
2020-09-24 11:06:54,695 [INFO:main] {<module>:37} [SYSTEM]:Registered log_management_api blueprint 
2020-09-24 11:06:57,274 [INFO:main] {<module>:29} [SYSTEM]:Created flask app.
2020-09-24 11:06:57,275 [INFO:main] {<module>:31} [SYSTEM]:Registered image_processing_api blueprint 
2020-09-24 11:06:57,277 [INFO:main] {<module>:33} [SYSTEM]:Registered user_api blueprint 
2020-09-24 11:06:57,280 [INFO:main] {<module>:35} [SYSTEM]:Registered model_management_api blueprint 
2020-09-24 11:06:57,282 [INFO:main] {<module>:37} [SYSTEM]:Registered log_management_api blueprint 
2020-09-24 11:07:02,996 [INFO:main] {<module>:29} [SYSTEM]:Created flask app.
2020-09-24 11:07:02,998 [INFO:main] {<module>:31} [SYSTEM]:Registered image_processing_api blueprint 
2020-09-24 11:07:03,999 [INFO:main] {<module>:33} [SYSTEM]:Registered user_api blueprint 
2020-09-24 11:07:03,002 [INFO:main] {<module>:35} [SYSTEM]:Registered model_management_api blueprint 
2020-09-24 11:07:03,005 [INFO:main] {<module>:37} [SYSTEM]:Registered log_management_api blueprint 
2020-09-24 11:08:15,601 [INFO:main] {<module>:29} [SYSTEM]:Created flask app.
2020-09-24 11:08:15,602 [INFO:main] {<module>:31} [SYSTEM]:Registered image_processing_api blueprint 
2020-09-24 11:08:15,603 [INFO:main] {<module>:33} [SYSTEM]:Registered user_api blueprint 
2020-09-24 11:08:15,606 [INFO:main] {<module>:35} [SYSTEM]:Registered model_management_api blueprint 
2020-09-24 11:08:15,608 [INFO:main] {<module>:37} [SYSTEM]:Registered log_management_api blueprint 
2020-09-24 11:08:16,521 [INFO:main] {<module>:29} [SYSTEM]:Created flask app.
2020-09-24 11:08:16,523 [INFO:main] {<module>:31} [SYSTEM]:Registered image_processing_api blueprint 
2020-09-24 11:08:16,524 [INFO:main] {<module>:33} [SYSTEM]:Registered user_api blueprint 
2020-09-24 11:08:16,527 [INFO:main] {<module>:35} [SYSTEM]:Registered model_management_api blueprint 
2020-09-24 11:08:16,528 [INFO:main] {<module>:37} [SYSTEM]:Registered log_management_api blueprint 
2020-09-24 11:08:19,674 [INFO:LogManager] {__init__:17} [SYSTEM]:Set log variable
2020-09-24 11:08:19,675 [INFO:user_management] {add_log:235} [USER]:[admin] Click "Upload another image" button
2020-09-24 11:08:21,397 [INFO:LogManager] {__init__:17} [SYSTEM]:Set log variable
2020-09-24 11:08:21,398 [INFO:user_management] {add_log:235} [USER]:[admin] Choosen image file.
2020-09-24 11:08:22,368 [INFO:LogManager] {__init__:17} [SYSTEM]:Set log variable
2020-09-24 11:08:22,368 [INFO:user_management] {add_log:235} [USER]:[admin] Selected measurement unit.
2020-09-24 11:08:22,528 [INFO:LogManager] {__init__:17} [SYSTEM]:Set log variable
2020-09-24 11:08:22,529 [INFO:user_management] {add_log:235} [USER]:[admin] Click upload image button.
2020-09-24 11:08:23,893 [INFO:image_processing_api] {upload_image:80} [SYSTEM]:[admin] Prepair image data to be measure.
2020-09-24 11:08:23,897 [INFO:image_processing_api] {upload_image:91} [SYSTEM]:[admin] Processing image...
2020-09-24 11:08:24,146 [INFO:image_processing_api] {upload_image:98} [SYSTEM]:[admin] Got measurement result
2020-09-24 11:08:28,995 [INFO:image_processing_api] {upload_image:101} [SYSTEM]:[admin] Prepair image date to be response.
2020-09-24 11:08:29,135 [INFO:image_processing_api] {upload_image:125} [SYSTEM]:[admin] Responsed measurement result.
2020-09-24 11:08:47,763 [INFO:main] {<module>:29} [SYSTEM]:Created flask app.
2020-09-24 11:08:47,765 [INFO:main] {<module>:31} [SYSTEM]:Registered image_processing_api blueprint 
2020-09-24 11:08:47,767 [INFO:main] {<module>:33} [SYSTEM]:Registered user_api blueprint 
2020-09-24 11:08:47,771 [INFO:main] {<module>:35} [SYSTEM]:Registered model_management_api blueprint 
2020-09-24 11:08:47,774 [INFO:main] {<module>:37} [SYSTEM]:Registered log_management_api blueprint 
2020-09-24 11:09:18,891 [INFO:main] {<module>:29} [SYSTEM]:Created flask app.
2020-09-24 11:09:18,893 [INFO:main] {<module>:31} [SYSTEM]:Registered image_processing_api blueprint 
2020-09-24 11:09:18,894 [INFO:main] {<module>:33} [SYSTEM]:Registered user_api blueprint 
2020-09-24 11:09:18,898 [INFO:main] {<module>:35} [SYSTEM]:Registered model_management_api blueprint 
2020-09-24 11:09:18,899 [INFO:main] {<module>:37} [SYSTEM]:Registered log_management_api blueprint 
2020-09-24 11:09:34,032 [INFO:main] {<module>:29} [SYSTEM]:Created flask app.
2020-09-24 11:09:34,034 [INFO:main] {<module>:31} [SYSTEM]:Registered image_processing_api blueprint 
2020-09-24 11:09:34,035 [INFO:main] {<module>:33} [SYSTEM]:Registered user_api blueprint 
2020-09-24 11:09:34,042 [INFO:main] {<module>:35} [SYSTEM]:Registered model_management_api blueprint 
2020-09-24 11:09:34,045 [INFO:main] {<module>:37} [SYSTEM]:Registered log_management_api blueprint 
2020-09-24 11:09:36,644 [INFO:main] {<module>:29} [SYSTEM]:Created flask app.
2020-09-24 11:09:36,646 [INFO:main] {<module>:31} [SYSTEM]:Registered image_processing_api blueprint 
2020-09-24 11:09:36,647 [INFO:main] {<module>:33} [SYSTEM]:Registered user_api blueprint 
2020-09-24 11:09:36,651 [INFO:main] {<module>:35} [SYSTEM]:Registered model_management_api blueprint 
2020-09-24 11:09:36,653 [INFO:main] {<module>:37} [SYSTEM]:Registered log_management_api blueprint 
2020-09-24 11:09:41,314 [INFO:main] {<module>:29} [SYSTEM]:Created flask app.
2020-09-24 11:09:41,316 [INFO:main] {<module>:31} [SYSTEM]:Registered image_processing_api blueprint 
2020-09-24 11:09:41,317 [INFO:main] {<module>:33} [SYSTEM]:Registered user_api blueprint 
2020-09-24 11:09:41,321 [INFO:main] {<module>:35} [SYSTEM]:Registered model_management_api blueprint 
2020-09-24 11:09:41,323 [INFO:main] {<module>:37} [SYSTEM]:Registered log_management_api blueprint 
2020-09-24 11:09:43,911 [INFO:Login_api] {refresh:132} [SYSTEM]: Refreshing token.
2020-09-24 11:09:43,912 [INFO:Login_api] {refresh:137} [SYSTEM]: Response new access token.
2020-09-24 11:09:44,262 [INFO:LogManager] {__init__:17} [SYSTEM]:Set log variable
2020-09-24 11:09:44,263 [INFO:user_management] {add_log:235} [USER]:[admin] Click "Upload another image" button
2020-09-24 11:09:47,621 [INFO:LogManager] {__init__:17} [SYSTEM]:Set log variable
2020-09-24 11:09:47,622 [INFO:user_management] {add_log:235} [USER]:[admin] Choosen image file.
2020-09-24 11:09:49,011 [INFO:LogManager] {__init__:17} [SYSTEM]:Set log variable
2020-09-24 11:09:49,012 [INFO:user_management] {add_log:235} [USER]:[admin] Selected measurement unit.
2020-09-24 11:09:49,229 [INFO:LogManager] {__init__:17} [SYSTEM]:Set log variable
2020-09-24 11:09:49,229 [INFO:user_management] {add_log:235} [USER]:[admin] Click upload image button.
2020-09-24 11:09:50,378 [INFO:image_processing_api] {upload_image:80} [SYSTEM]:[admin] Prepair image data to be measure.
2020-09-24 11:09:50,379 [INFO:image_processing_api] {upload_image:91} [SYSTEM]:[admin] Processing image...
2020-09-24 11:09:50,663 [INFO:image_processing_api] {upload_image:98} [SYSTEM]:[admin] Got measurement result
2020-09-24 11:10:00,513 [INFO:image_processing_api] {upload_image:101} [SYSTEM]:[admin] Prepair image date to be response.
2020-09-24 11:10:00,647 [INFO:image_processing_api] {upload_image:125} [SYSTEM]:[admin] Responsed measurement result.
2020-09-24 11:12:47,900 [INFO:LogManager] {__init__:17} [SYSTEM]:Set log variable
2020-09-24 11:12:47,900 [INFO:user_management] {add_log:235} [USER]:[admin] Click "Upload another image" button
2020-09-24 11:12:49,866 [INFO:LogManager] {__init__:17} [SYSTEM]:Set log variable
2020-09-24 11:12:49,866 [INFO:user_management] {add_log:235} [USER]:[admin] Choosen image file.
2020-09-24 11:12:50,896 [INFO:LogManager] {__init__:17} [SYSTEM]:Set log variable
2020-09-24 11:12:50,897 [INFO:user_management] {add_log:235} [USER]:[admin] Selected measurement unit.
2020-09-24 11:12:51,148 [INFO:LogManager] {__init__:17} [SYSTEM]:Set log variable
2020-09-24 11:12:51,148 [INFO:user_management] {add_log:235} [USER]:[admin] Click upload image button.
2020-09-24 11:12:52,152 [INFO:image_processing_api] {upload_image:80} [SYSTEM]:[admin] Prepair image data to be measure.
2020-09-24 11:12:52,153 [INFO:image_processing_api] {upload_image:91} [SYSTEM]:[admin] Processing image...
2020-09-24 11:12:52,400 [INFO:image_processing_api] {upload_image:98} [SYSTEM]:[admin] Got measurement result
2020-09-24 11:13:01,548 [INFO:image_processing_api] {upload_image:101} [SYSTEM]:[admin] Prepair image date to be response.
2020-09-24 11:13:01,646 [INFO:image_processing_api] {upload_image:125} [SYSTEM]:[admin] Responsed measurement result.
2020-09-24 11:13:02,367 [INFO:LogManager] {__init__:17} [SYSTEM]:Set log variable
2020-09-24 11:13:02,367 [INFO:user_management] {add_log:235} [USER]:[admin] Enter page /log
2020-09-24 11:13:02,372 [INFO:LogManager] {__init__:17} [SYSTEM]:Set log variable
2020-09-24 11:13:02,376 [INFO:LogManager] {get_min_max_date:201} [SYSTEM]:[admin] Prepair date data to query.
2020-09-24 11:13:02,381 [INFO:LogManager] {__init__:17} [SYSTEM]:Set log variable
2020-09-24 11:13:02,382 [INFO:LogManager] {get_today_log:67} [SYSTEM]:[admin] Prepair date data to query.
2020-09-24 11:13:02,385 [INFO:LogManager] {get_min_max_date:218} [SYSTEM]:[admin] Close log file.
2020-09-24 11:13:02,386 [INFO:LogManager] {get_min_max_date:219} [SYSTEM]:[admin] Got min and max date.
2020-09-24 11:13:02,403 [INFO:LogManager] {get_today_log:83} [SYSTEM]:[admin] Read log 2020-09-24.log .
2020-09-24 11:13:02,413 [INFO:LogManager] {get_today_log:103} [SYSTEM]:[admin] Close log file.
2020-09-24 11:13:02,414 [INFO:LogManager] {get_today_log:104} [SYSTEM]:[admin] Got all today logs.
2020-09-24 11:14:21,028 [INFO:LogManager] {__init__:17} [SYSTEM]:Set log variable
2020-09-24 11:14:21,028 [INFO:user_management] {add_log:235} [USER]:[admin] Click "Upload another image" button
2020-09-24 11:14:26,135 [INFO:LogManager] {__init__:17} [SYSTEM]:Set log variable
2020-09-24 11:14:26,136 [INFO:user_management] {add_log:235} [USER]:[admin] Choosen image file.
2020-09-24 11:14:26,803 [INFO:LogManager] {__init__:17} [SYSTEM]:Set log variable
2020-09-24 11:14:26,803 [INFO:user_management] {add_log:235} [USER]:[admin] Selected measurement unit.
2020-09-24 11:14:27,707 [INFO:LogManager] {__init__:17} [SYSTEM]:Set log variable
2020-09-24 11:14:27,708 [INFO:user_management] {add_log:235} [USER]:[admin] Click upload image button.
2020-09-24 11:14:28,906 [INFO:image_processing_api] {upload_image:80} [SYSTEM]:[admin] Prepair image data to be measure.
2020-09-24 11:14:28,908 [INFO:image_processing_api] {upload_image:91} [SYSTEM]:[admin] Processing image...
2020-09-24 11:14:29,189 [INFO:image_processing_api] {upload_image:98} [SYSTEM]:[admin] Got measurement result
2020-09-24 11:14:38,551 [INFO:image_processing_api] {upload_image:101} [SYSTEM]:[admin] Prepair image date to be response.
2020-09-24 11:14:38,683 [INFO:image_processing_api] {upload_image:125} [SYSTEM]:[admin] Responsed measurement result.
2020-09-24 11:15:07,312 [INFO:LogManager] {__init__:17} [SYSTEM]:Set log variable
2020-09-24 11:15:07,313 [INFO:user_management] {add_log:235} [USER]:[admin] Click "Upload another image" button
2020-09-24 11:15:12,618 [INFO:LogManager] {__init__:17} [SYSTEM]:Set log variable
2020-09-24 11:15:12,618 [INFO:user_management] {add_log:235} [USER]:[admin] Enter page /upload
2020-09-24 11:15:16,500 [INFO:LogManager] {__init__:17} [SYSTEM]:Set log variable
2020-09-24 11:15:16,501 [INFO:user_management] {add_log:235} [USER]:[admin] Choosen image file.
2020-09-24 11:15:18,362 [INFO:LogManager] {__init__:17} [SYSTEM]:Set log variable
2020-09-24 11:15:18,363 [INFO:user_management] {add_log:235} [USER]:[admin] Selected measurement unit.
2020-09-24 11:15:18,415 [INFO:LogManager] {__init__:17} [SYSTEM]:Set log variable
2020-09-24 11:15:18,416 [INFO:user_management] {add_log:235} [USER]:[admin] Click upload image button.
2020-09-24 11:15:19,615 [INFO:image_processing_api] {upload_image:80} [SYSTEM]:[admin] Prepair image data to be measure.
2020-09-24 11:15:19,616 [INFO:image_processing_api] {upload_image:91} [SYSTEM]:[admin] Processing image...
2020-09-24 11:15:19,915 [INFO:image_processing_api] {upload_image:98} [SYSTEM]:[admin] Got measurement result
2020-09-24 11:15:20,011 [INFO:LogManager] {__init__:17} [SYSTEM]:Set log variable
2020-09-24 11:15:20,033 [INFO:user_management] {add_log:235} [USER]:[admin] Choosen image file.
2020-09-24 11:15:21,345 [INFO:LogManager] {__init__:17} [SYSTEM]:Set log variable
2020-09-24 11:15:21,349 [INFO:user_management] {add_log:235} [USER]:[admin] Selected measurement unit.
2020-09-24 11:15:23,505 [INFO:LogManager] {__init__:17} [SYSTEM]:Set log variable
2020-09-24 11:15:23,558 [INFO:user_management] {add_log:235} [USER]:[admin] Click upload image button.
2020-09-24 11:15:25,233 [INFO:image_processing_api] {upload_image:80} [SYSTEM]:[admin] Prepair image data to be measure.
2020-09-24 11:15:25,239 [INFO:image_processing_api] {upload_image:91} [SYSTEM]:[admin] Processing image...
2020-09-24 11:15:25,554 [INFO:image_processing_api] {upload_image:98} [SYSTEM]:[admin] Got measurement result
2020-09-24 11:15:29,921 [INFO:image_processing_api] {upload_image:101} [SYSTEM]:[admin] Prepair image date to be response.
2020-09-24 11:15:30,230 [INFO:image_processing_api] {upload_image:125} [SYSTEM]:[admin] Responsed measurement result.
2020-09-24 11:15:37,305 [INFO:image_processing_api] {upload_image:101} [SYSTEM]:[admin] Prepair image date to be response.
2020-09-24 11:15:37,395 [INFO:image_processing_api] {upload_image:125} [SYSTEM]:[admin] Responsed measurement result.
2020-09-24 11:15:45,607 [INFO:LogManager] {__init__:17} [SYSTEM]:Set log variable
2020-09-24 11:15:45,608 [INFO:user_management] {add_log:235} [USER]:[admin] Enter page /upload
2020-09-24 11:16:21,593 [INFO:main] {<module>:29} [SYSTEM]:Created flask app.
2020-09-24 11:16:21,596 [INFO:main] {<module>:31} [SYSTEM]:Registered image_processing_api blueprint 
2020-09-24 11:16:21,598 [INFO:main] {<module>:33} [SYSTEM]:Registered user_api blueprint 
2020-09-24 11:16:21,605 [INFO:main] {<module>:35} [SYSTEM]:Registered model_management_api blueprint 
2020-09-24 11:16:21,610 [INFO:main] {<module>:37} [SYSTEM]:Registered log_management_api blueprint 
2020-09-24 11:16:26,023 [INFO:main] {<module>:29} [SYSTEM]:Created flask app.
2020-09-24 11:16:26,024 [INFO:main] {<module>:31} [SYSTEM]:Registered image_processing_api blueprint 
2020-09-24 11:16:26,026 [INFO:main] {<module>:33} [SYSTEM]:Registered user_api blueprint 
2020-09-24 11:16:26,029 [INFO:main] {<module>:35} [SYSTEM]:Registered model_management_api blueprint 
2020-09-24 11:16:26,031 [INFO:main] {<module>:37} [SYSTEM]:Registered log_management_api blueprint 
2020-09-24 11:16:59,207 [INFO:main] {<module>:29} [SYSTEM]:Created flask app.
2020-09-24 11:16:59,209 [INFO:main] {<module>:31} [SYSTEM]:Registered image_processing_api blueprint 
2020-09-24 11:16:59,211 [INFO:main] {<module>:33} [SYSTEM]:Registered user_api blueprint 
2020-09-24 11:16:59,215 [INFO:main] {<module>:35} [SYSTEM]:Registered model_management_api blueprint 
2020-09-24 11:16:59,217 [INFO:main] {<module>:37} [SYSTEM]:Registered log_management_api blueprint 
2020-09-24 11:17:04,561 [INFO:LogManager] {__init__:17} [SYSTEM]:Set log variable
2020-09-24 11:17:04,561 [INFO:user_management] {add_log:235} [USER]:[admin] Click "Upload another image" button
2020-09-24 11:17:05,718 [INFO:LogManager] {__init__:17} [SYSTEM]:Set log variable
2020-09-24 11:17:05,718 [INFO:user_management] {add_log:235} [USER]:[admin] Click "Upload another image" button
2020-09-24 11:17:09,365 [INFO:LogManager] {__init__:17} [SYSTEM]:Set log variable
2020-09-24 11:17:09,365 [INFO:user_management] {add_log:235} [USER]:[admin] Choosen image file.
2020-09-24 11:17:10,363 [INFO:LogManager] {__init__:17} [SYSTEM]:Set log variable
2020-09-24 11:17:10,364 [INFO:user_management] {add_log:235} [USER]:[admin] Selected measurement unit.
2020-09-24 11:17:10,614 [INFO:LogManager] {__init__:17} [SYSTEM]:Set log variable
2020-09-24 11:17:10,615 [INFO:user_management] {add_log:235} [USER]:[admin] Click upload image button.
2020-09-24 11:17:11,662 [INFO:image_processing_api] {upload_image:80} [SYSTEM]:[admin] Prepair image data to be measure.
2020-09-24 11:17:11,664 [INFO:image_processing_api] {upload_image:91} [SYSTEM]:[admin] Processing image...
2020-09-24 11:17:11,896 [INFO:image_processing_api] {upload_image:98} [SYSTEM]:[admin] Got measurement result
2020-09-24 11:17:13,347 [INFO:LogManager] {__init__:17} [SYSTEM]:Set log variable
2020-09-24 11:17:13,348 [INFO:user_management] {add_log:235} [USER]:[admin] Choosen image file.
2020-09-24 11:17:14,608 [INFO:LogManager] {__init__:17} [SYSTEM]:Set log variable
2020-09-24 11:17:14,609 [INFO:user_management] {add_log:235} [USER]:[admin] Selected measurement unit.
2020-09-24 11:17:14,626 [INFO:LogManager] {__init__:17} [SYSTEM]:Set log variable
2020-09-24 11:17:14,627 [INFO:user_management] {add_log:235} [USER]:[admin] Click upload image button.
2020-09-24 11:17:15,593 [INFO:image_processing_api] {upload_image:80} [SYSTEM]:[admin] Prepair image data to be measure.
2020-09-24 11:17:15,595 [INFO:image_processing_api] {upload_image:91} [SYSTEM]:[admin] Processing image...
2020-09-24 11:17:16,132 [INFO:image_processing_api] {upload_image:98} [SYSTEM]:[admin] Got measurement result
2020-09-24 11:17:17,335 [INFO:image_processing_api] {upload_image:101} [SYSTEM]:[admin] Prepair image date to be response.
2020-09-24 11:17:17,497 [INFO:image_processing_api] {upload_image:125} [SYSTEM]:[admin] Responsed measurement result.
2020-09-24 11:17:21,390 [INFO:image_processing_api] {upload_image:101} [SYSTEM]:[admin] Prepair image date to be response.
2020-09-24 11:17:21,483 [INFO:image_processing_api] {upload_image:125} [SYSTEM]:[admin] Responsed measurement result.
2020-09-24 11:17:35,862 [INFO:main] {<module>:29} [SYSTEM]:Created flask app.
2020-09-24 11:17:35,864 [INFO:main] {<module>:31} [SYSTEM]:Registered image_processing_api blueprint 
2020-09-24 11:17:35,866 [INFO:main] {<module>:33} [SYSTEM]:Registered user_api blueprint 
2020-09-24 11:17:35,871 [INFO:main] {<module>:35} [SYSTEM]:Registered model_management_api blueprint 
2020-09-24 11:17:35,875 [INFO:main] {<module>:37} [SYSTEM]:Registered log_management_api blueprint 
2020-09-24 11:17:38,419 [INFO:main] {<module>:29} [SYSTEM]:Created flask app.
2020-09-24 11:17:38,421 [INFO:main] {<module>:31} [SYSTEM]:Registered image_processing_api blueprint 
2020-09-24 11:17:38,423 [INFO:main] {<module>:33} [SYSTEM]:Registered user_api blueprint 
2020-09-24 11:17:38,427 [INFO:main] {<module>:35} [SYSTEM]:Registered model_management_api blueprint 
2020-09-24 11:17:38,429 [INFO:main] {<module>:37} [SYSTEM]:Registered log_management_api blueprint 
2020-09-24 11:17:42,213 [INFO:main] {<module>:29} [SYSTEM]:Created flask app.
2020-09-24 11:17:42,215 [INFO:main] {<module>:31} [SYSTEM]:Registered image_processing_api blueprint 
2020-09-24 11:17:42,217 [INFO:main] {<module>:33} [SYSTEM]:Registered user_api blueprint 
2020-09-24 11:17:42,221 [INFO:main] {<module>:35} [SYSTEM]:Registered model_management_api blueprint 
2020-09-24 11:17:42,223 [INFO:main] {<module>:37} [SYSTEM]:Registered log_management_api blueprint 
2020-09-24 11:17:44,851 [INFO:LogManager] {__init__:17} [SYSTEM]:Set log variable
2020-09-24 11:17:44,852 [INFO:user_management] {add_log:235} [USER]:[admin] Click "Upload another image" button
2020-09-24 11:17:46,439 [INFO:LogManager] {__init__:17} [SYSTEM]:Set log variable
2020-09-24 11:17:46,442 [INFO:user_management] {add_log:235} [USER]:[admin] Choosen image file.
2020-09-24 11:17:47,657 [INFO:LogManager] {__init__:17} [SYSTEM]:Set log variable
2020-09-24 11:17:47,658 [INFO:user_management] {add_log:235} [USER]:[admin] Selected measurement unit.
2020-09-24 11:17:47,833 [INFO:LogManager] {__init__:17} [SYSTEM]:Set log variable
2020-09-24 11:17:47,833 [INFO:user_management] {add_log:235} [USER]:[admin] Click upload image button.
2020-09-24 11:17:49,282 [INFO:image_processing_api] {upload_image:80} [SYSTEM]:[admin] Prepair image data to be measure.
2020-09-24 11:17:49,283 [INFO:image_processing_api] {upload_image:91} [SYSTEM]:[admin] Processing image...
2020-09-24 11:17:49,554 [INFO:image_processing_api] {upload_image:98} [SYSTEM]:[admin] Got measurement result
2020-09-24 11:17:55,021 [INFO:image_processing_api] {upload_image:101} [SYSTEM]:[admin] Prepair image date to be response.
2020-09-24 11:17:55,196 [INFO:image_processing_api] {upload_image:125} [SYSTEM]:[admin] Responsed measurement result.
2020-09-24 11:18:03,731 [INFO:LogManager] {__init__:17} [SYSTEM]:Set log variable
2020-09-24 11:18:03,732 [INFO:user_management] {add_log:235} [USER]:[admin] Click "Upload another image" button
2020-09-24 11:18:05,199 [INFO:LogManager] {__init__:17} [SYSTEM]:Set log variable
2020-09-24 11:18:05,203 [INFO:user_management] {add_log:235} [USER]:[admin] Choosen image file.
2020-09-24 11:18:06,197 [INFO:LogManager] {__init__:17} [SYSTEM]:Set log variable
2020-09-24 11:18:06,198 [INFO:user_management] {add_log:235} [USER]:[admin] Selected measurement unit.
2020-09-24 11:18:06,361 [INFO:LogManager] {__init__:17} [SYSTEM]:Set log variable
2020-09-24 11:18:06,362 [INFO:user_management] {add_log:235} [USER]:[admin] Click upload image button.
2020-09-24 11:18:07,484 [INFO:image_processing_api] {upload_image:80} [SYSTEM]:[admin] Prepair image data to be measure.
2020-09-24 11:18:07,487 [INFO:image_processing_api] {upload_image:91} [SYSTEM]:[admin] Processing image...
2020-09-24 11:18:07,741 [INFO:image_processing_api] {upload_image:98} [SYSTEM]:[admin] Got measurement result
2020-09-24 11:18:12,163 [INFO:image_processing_api] {upload_image:101} [SYSTEM]:[admin] Prepair image date to be response.
2020-09-24 11:18:12,312 [INFO:image_processing_api] {upload_image:125} [SYSTEM]:[admin] Responsed measurement result.
2020-09-24 11:18:15,485 [INFO:LogManager] {__init__:17} [SYSTEM]:Set log variable
2020-09-24 11:18:15,486 [INFO:user_management] {add_log:235} [USER]:[admin] Click "Upload another image" button
2020-09-24 11:18:17,216 [INFO:LogManager] {__init__:17} [SYSTEM]:Set log variable
2020-09-24 11:18:17,218 [INFO:user_management] {add_log:235} [USER]:[admin] Choosen image file.
2020-09-24 11:18:18,516 [INFO:LogManager] {__init__:17} [SYSTEM]:Set log variable
2020-09-24 11:18:18,517 [INFO:user_management] {add_log:235} [USER]:[admin] Selected measurement unit.
2020-09-24 11:18:18,673 [INFO:LogManager] {__init__:17} [SYSTEM]:Set log variable
2020-09-24 11:18:18,674 [INFO:user_management] {add_log:235} [USER]:[admin] Click upload image button.
2020-09-24 11:18:19,801 [INFO:image_processing_api] {upload_image:80} [SYSTEM]:[admin] Prepair image data to be measure.
2020-09-24 11:18:19,805 [INFO:image_processing_api] {upload_image:91} [SYSTEM]:[admin] Processing image...
2020-09-24 11:18:20,058 [INFO:image_processing_api] {upload_image:98} [SYSTEM]:[admin] Got measurement result
2020-09-24 11:18:24,612 [INFO:image_processing_api] {upload_image:101} [SYSTEM]:[admin] Prepair image date to be response.
2020-09-24 11:18:24,788 [INFO:image_processing_api] {upload_image:125} [SYSTEM]:[admin] Responsed measurement result.
2020-09-24 11:18:27,710 [INFO:LogManager] {__init__:17} [SYSTEM]:Set log variable
2020-09-24 11:18:27,712 [INFO:user_management] {add_log:235} [USER]:[admin] Click "Upload another image" button
2020-09-24 11:18:29,066 [INFO:LogManager] {__init__:17} [SYSTEM]:Set log variable
2020-09-24 11:18:29,067 [INFO:user_management] {add_log:235} [USER]:[admin] Choosen image file.
2020-09-24 11:18:30,116 [INFO:LogManager] {__init__:17} [SYSTEM]:Set log variable
2020-09-24 11:18:30,118 [INFO:user_management] {add_log:235} [USER]:[admin] Selected measurement unit.
2020-09-24 11:18:30,301 [INFO:LogManager] {__init__:17} [SYSTEM]:Set log variable
2020-09-24 11:18:30,303 [INFO:user_management] {add_log:235} [USER]:[admin] Click upload image button.
2020-09-24 11:18:31,116 [INFO:image_processing_api] {upload_image:80} [SYSTEM]:[admin] Prepair image data to be measure.
2020-09-24 11:18:31,118 [INFO:image_processing_api] {upload_image:91} [SYSTEM]:[admin] Processing image...
2020-09-24 11:18:31,293 [INFO:image_processing_api] {upload_image:98} [SYSTEM]:[admin] Got measurement result
2020-09-24 11:18:35,263 [INFO:image_processing_api] {upload_image:101} [SYSTEM]:[admin] Prepair image date to be response.
2020-09-24 11:18:35,381 [INFO:image_processing_api] {upload_image:125} [SYSTEM]:[admin] Responsed measurement result.
2020-09-24 11:18:38,365 [INFO:LogManager] {__init__:17} [SYSTEM]:Set log variable
2020-09-24 11:18:38,367 [INFO:user_management] {add_log:235} [USER]:[admin] Click "Upload another image" button
2020-09-24 11:18:40,458 [INFO:LogManager] {__init__:17} [SYSTEM]:Set log variable
2020-09-24 11:18:40,461 [INFO:user_management] {add_log:235} [USER]:[admin] Choosen image file.
2020-09-24 11:18:41,866 [INFO:LogManager] {__init__:17} [SYSTEM]:Set log variable
2020-09-24 11:18:41,867 [INFO:user_management] {add_log:235} [USER]:[admin] Selected measurement unit.
2020-09-24 11:18:42,030 [INFO:LogManager] {__init__:17} [SYSTEM]:Set log variable
2020-09-24 11:18:42,031 [INFO:user_management] {add_log:235} [USER]:[admin] Click upload image button.
2020-09-24 11:18:42,785 [INFO:image_processing_api] {upload_image:80} [SYSTEM]:[admin] Prepair image data to be measure.
2020-09-24 11:18:42,786 [INFO:image_processing_api] {upload_image:91} [SYSTEM]:[admin] Processing image...
2020-09-24 11:18:42,957 [INFO:image_processing_api] {upload_image:98} [SYSTEM]:[admin] Got measurement result
2020-09-24 11:18:46,916 [INFO:image_processing_api] {upload_image:101} [SYSTEM]:[admin] Prepair image date to be response.
2020-09-24 11:18:47,058 [INFO:image_processing_api] {upload_image:125} [SYSTEM]:[admin] Responsed measurement result.
2020-09-24 11:18:50,315 [INFO:LogManager] {__init__:17} [SYSTEM]:Set log variable
2020-09-24 11:18:50,316 [INFO:user_management] {add_log:235} [USER]:[admin] Click "Upload another image" button
2020-09-24 11:20:12,028 [INFO:LogManager] {__init__:17} [SYSTEM]:Set log variable
2020-09-24 11:20:12,028 [INFO:user_management] {add_log:235} [USER]:[admin] Choosen image file.
2020-09-24 11:20:12,169 [INFO:LogManager] {__init__:17} [SYSTEM]:Set log variable
2020-09-24 11:20:12,170 [INFO:user_management] {add_log:235} [USER]:[admin] Selected measurement unit.
2020-09-24 11:20:12,820 [INFO:LogManager] {__init__:17} [SYSTEM]:Set log variable
2020-09-24 11:20:12,822 [INFO:user_management] {add_log:235} [USER]:[admin] Click upload image button.
2020-09-24 11:20:13,932 [INFO:image_processing_api] {upload_image:80} [SYSTEM]:[admin] Prepair image data to be measure.
2020-09-24 11:20:13,933 [INFO:image_processing_api] {upload_image:91} [SYSTEM]:[admin] Processing image...
2020-09-24 11:20:14,084 [INFO:LogManager] {__init__:17} [SYSTEM]:Set log variable
2020-09-24 11:20:14,085 [INFO:user_management] {add_log:235} [USER]:[admin] Click "Upload another image" button
2020-09-24 11:20:14,115 [INFO:image_processing_api] {upload_image:98} [SYSTEM]:[admin] Got measurement result
2020-09-24 11:20:18,385 [INFO:LogManager] {__init__:17} [SYSTEM]:Set log variable
2020-09-24 11:20:18,386 [INFO:user_management] {add_log:235} [USER]:[admin] Choosen image file.
2020-09-24 11:20:19,022 [INFO:LogManager] {__init__:17} [SYSTEM]:Set log variable
2020-09-24 11:20:19,033 [INFO:user_management] {add_log:235} [USER]:[admin] Selected measurement unit.
2020-09-24 11:20:19,312 [INFO:image_processing_api] {upload_image:101} [SYSTEM]:[admin] Prepair image date to be response.
2020-09-24 11:20:19,402 [INFO:LogManager] {__init__:17} [SYSTEM]:Set log variable
2020-09-24 11:20:19,407 [INFO:user_management] {add_log:235} [USER]:[admin] Click upload image button.
2020-09-24 11:20:19,406 [INFO:image_processing_api] {upload_image:125} [SYSTEM]:[admin] Responsed measurement result.
2020-09-24 11:20:20,233 [INFO:image_processing_api] {upload_image:80} [SYSTEM]:[admin] Prepair image data to be measure.
2020-09-24 11:20:20,237 [INFO:image_processing_api] {upload_image:91} [SYSTEM]:[admin] Processing image...
2020-09-24 11:20:20,377 [INFO:image_processing_api] {upload_image:98} [SYSTEM]:[admin] Got measurement result
2020-09-24 11:20:24,306 [INFO:image_processing_api] {upload_image:101} [SYSTEM]:[admin] Prepair image date to be response.
2020-09-24 11:20:24,396 [INFO:image_processing_api] {upload_image:125} [SYSTEM]:[admin] Responsed measurement result.
2020-09-24 11:26:45,094 [INFO:main] {<module>:29} [SYSTEM]:Created flask app.
2020-09-24 11:26:45,095 [INFO:main] {<module>:31} [SYSTEM]:Registered image_processing_api blueprint 
2020-09-24 11:26:45,097 [INFO:main] {<module>:33} [SYSTEM]:Registered user_api blueprint 
2020-09-24 11:26:45,102 [INFO:main] {<module>:35} [SYSTEM]:Registered model_management_api blueprint 
2020-09-24 11:26:45,104 [INFO:main] {<module>:37} [SYSTEM]:Registered log_management_api blueprint 
2020-09-24 11:26:53,187 [INFO:main] {<module>:29} [SYSTEM]:Created flask app.
2020-09-24 11:26:53,189 [INFO:main] {<module>:31} [SYSTEM]:Registered image_processing_api blueprint 
2020-09-24 11:26:53,190 [INFO:main] {<module>:33} [SYSTEM]:Registered user_api blueprint 
2020-09-24 11:26:53,193 [INFO:main] {<module>:35} [SYSTEM]:Registered model_management_api blueprint 
2020-09-24 11:26:53,195 [INFO:main] {<module>:37} [SYSTEM]:Registered log_management_api blueprint 
2020-09-24 11:26:56,881 [INFO:main] {<module>:29} [SYSTEM]:Created flask app.
2020-09-24 11:26:56,882 [INFO:main] {<module>:31} [SYSTEM]:Registered image_processing_api blueprint 
2020-09-24 11:26:56,884 [INFO:main] {<module>:33} [SYSTEM]:Registered user_api blueprint 
2020-09-24 11:26:56,887 [INFO:main] {<module>:35} [SYSTEM]:Registered model_management_api blueprint 
2020-09-24 11:26:56,889 [INFO:main] {<module>:37} [SYSTEM]:Registered log_management_api blueprint 
2020-09-24 11:29:53,281 [INFO:main] {<module>:29} [SYSTEM]:Created flask app.
2020-09-24 11:29:53,283 [INFO:main] {<module>:31} [SYSTEM]:Registered image_processing_api blueprint 
2020-09-24 11:29:53,284 [INFO:main] {<module>:33} [SYSTEM]:Registered user_api blueprint 
2020-09-24 11:29:53,287 [INFO:main] {<module>:35} [SYSTEM]:Registered model_management_api blueprint 
2020-09-24 11:29:53,289 [INFO:main] {<module>:37} [SYSTEM]:Registered log_management_api blueprint 
