2020-08-29 17:38:32,922 [INFO:main] {<module>:16} [SYSTEM]:Created flask app.
2020-08-29 17:38:32,930 [INFO:main] {<module>:18} [SYSTEM]:Registered image_processing_api blueprint 
2020-08-29 17:38:32,937 [INFO:main] {<module>:20} [SYSTEM]:Registered user_api blueprint 
2020-08-29 17:38:32,941 [INFO:main] {<module>:22} [SYSTEM]:Registered model_management_api blueprint 
2020-08-29 17:38:32,942 [INFO:main] {<module>:24} [SYSTEM]:Registered log_management_api blueprint 
2020-08-29 17:38:33,684 [INFO:main] {<module>:16} [SYSTEM]:Created flask app.
2020-08-29 17:38:33,698 [INFO:main] {<module>:18} [SYSTEM]:Registered image_processing_api blueprint 
2020-08-29 17:38:33,699 [INFO:main] {<module>:20} [SYSTEM]:Registered user_api blueprint 
2020-08-29 17:38:33,702 [INFO:main] {<module>:22} [SYSTEM]:Registered model_management_api blueprint 
2020-08-29 17:38:33,707 [INFO:main] {<module>:24} [SYSTEM]:Registered log_management_api blueprint 
2020-08-29 17:40:41,322 [INFO:image_processing] {upload_image:40} [USER]:[Debug_user] Prepair image data to be measure.
2020-08-29 17:41:20,880 [INFO:image_processing] {upload_image:40} [USER]:[Debug_user] Prepair image data to be measure.
2020-08-29 18:17:51,364 [INFO:main] {<module>:16} [SYSTEM]:Created flask app.
2020-08-29 18:17:51,373 [INFO:main] {<module>:18} [SYSTEM]:Registered image_processing_api blueprint 
2020-08-29 18:17:51,374 [INFO:main] {<module>:20} [SYSTEM]:Registered user_api blueprint 
2020-08-29 18:17:51,377 [INFO:main] {<module>:22} [SYSTEM]:Registered model_management_api blueprint 
2020-08-29 18:17:51,378 [INFO:main] {<module>:24} [SYSTEM]:Registered log_management_api blueprint 
2020-08-29 18:18:23,910 [INFO:main] {<module>:16} [SYSTEM]:Created flask app.
2020-08-29 18:18:23,912 [INFO:main] {<module>:18} [SYSTEM]:Registered image_processing_api blueprint 
2020-08-29 18:18:23,913 [INFO:main] {<module>:20} [SYSTEM]:Registered user_api blueprint 
2020-08-29 18:18:23,915 [INFO:main] {<module>:22} [SYSTEM]:Registered model_management_api blueprint 
2020-08-29 18:18:23,916 [INFO:main] {<module>:24} [SYSTEM]:Registered log_management_api blueprint 
2020-08-29 18:18:26,426 [INFO:main] {<module>:16} [SYSTEM]:Created flask app.
2020-08-29 18:18:26,431 [INFO:main] {<module>:18} [SYSTEM]:Registered image_processing_api blueprint 
2020-08-29 18:18:26,432 [INFO:main] {<module>:20} [SYSTEM]:Registered user_api blueprint 
2020-08-29 18:18:26,441 [INFO:main] {<module>:22} [SYSTEM]:Registered model_management_api blueprint 
2020-08-29 18:18:26,442 [INFO:main] {<module>:24} [SYSTEM]:Registered log_management_api blueprint 
2020-08-29 18:18:28,972 [INFO:main] {<module>:16} [SYSTEM]:Created flask app.
2020-08-29 18:18:28,974 [INFO:main] {<module>:18} [SYSTEM]:Registered image_processing_api blueprint 
2020-08-29 18:18:28,975 [INFO:main] {<module>:20} [SYSTEM]:Registered user_api blueprint 
2020-08-29 18:18:28,984 [INFO:main] {<module>:22} [SYSTEM]:Registered model_management_api blueprint 
2020-08-29 18:18:28,985 [INFO:main] {<module>:24} [SYSTEM]:Registered log_management_api blueprint 
2020-08-29 18:18:49,473 [INFO:image_processing] {upload_image:40} [USER]:[Debug_user] Prepair image data to be measure.
2020-08-29 18:18:49,474 [INFO:image_processing] {upload_image:65} [USER]:[Debug_user] Processing image...
2020-08-29 18:18:49,494 [INFO:image_processing] {upload_image:72} [USER]:[Debug_user] Got measurement result
2020-08-29 18:19:19,487 [INFO:main] {<module>:16} [SYSTEM]:Created flask app.
2020-08-29 18:19:19,502 [INFO:main] {<module>:18} [SYSTEM]:Registered image_processing_api blueprint 
2020-08-29 18:19:19,503 [INFO:main] {<module>:20} [SYSTEM]:Registered user_api blueprint 
2020-08-29 18:19:19,511 [INFO:main] {<module>:22} [SYSTEM]:Registered model_management_api blueprint 
2020-08-29 18:19:19,511 [INFO:main] {<module>:24} [SYSTEM]:Registered log_management_api blueprint 
2020-08-29 18:19:20,217 [INFO:main] {<module>:16} [SYSTEM]:Created flask app.
2020-08-29 18:19:20,220 [INFO:main] {<module>:18} [SYSTEM]:Registered image_processing_api blueprint 
2020-08-29 18:19:20,222 [INFO:main] {<module>:20} [SYSTEM]:Registered user_api blueprint 
2020-08-29 18:19:20,225 [INFO:main] {<module>:22} [SYSTEM]:Registered model_management_api blueprint 
2020-08-29 18:19:20,225 [INFO:main] {<module>:24} [SYSTEM]:Registered log_management_api blueprint 
2020-08-29 18:19:22,897 [INFO:image_processing] {upload_image:40} [USER]:[Debug_user] Prepair image data to be measure.
2020-08-29 18:19:22,898 [INFO:image_processing] {upload_image:65} [USER]:[Debug_user] Processing image...
2020-08-29 18:19:22,910 [INFO:image_processing] {upload_image:72} [USER]:[Debug_user] Got measurement result
2020-08-29 18:19:26,890 [INFO:image_processing] {upload_image:40} [USER]:[Debug_user] Prepair image data to be measure.
2020-08-29 18:19:26,891 [INFO:image_processing] {upload_image:65} [USER]:[Debug_user] Processing image...
2020-08-29 18:19:26,902 [INFO:image_processing] {upload_image:72} [USER]:[Debug_user] Got measurement result
2020-08-29 18:19:31,413 [INFO:image_processing] {upload_image:40} [USER]:[Debug_user] Prepair image data to be measure.
2020-08-29 18:19:31,417 [INFO:image_processing] {upload_image:65} [USER]:[Debug_user] Processing image...
2020-08-29 18:19:31,427 [INFO:image_processing] {upload_image:72} [USER]:[Debug_user] Got measurement result
2020-08-29 18:19:35,711 [INFO:image_processing] {upload_image:40} [USER]:[Debug_user] Prepair image data to be measure.
2020-08-29 18:19:35,711 [INFO:image_processing] {upload_image:65} [USER]:[Debug_user] Processing image...
2020-08-29 18:19:35,723 [INFO:image_processing] {upload_image:72} [USER]:[Debug_user] Got measurement result
2020-08-29 18:23:02,523 [INFO:image_processing] {upload_image:40} [USER]:[Debug_user] Prepair image data to be measure.
2020-08-29 18:23:02,523 [INFO:image_processing] {upload_image:65} [USER]:[Debug_user] Processing image...
2020-08-29 18:23:02,538 [INFO:image_processing] {upload_image:72} [USER]:[Debug_user] Got measurement result
2020-08-29 18:23:04,780 [INFO:image_processing] {upload_image:75} [USER]:[Debug_user] Prepair image date to be response.
2020-08-29 18:23:04,806 [INFO:image_processing] {upload_image:79} [USER]:[Debug_user] Responsed measurement result.
2020-08-29 18:23:27,158 [INFO:image_processing] {upload_image:40} [USER]:[Debug_user] Prepair image data to be measure.
2020-08-29 18:23:27,159 [INFO:image_processing] {upload_image:65} [USER]:[Debug_user] Processing image...
2020-08-29 18:23:27,163 [INFO:image_processing] {upload_image:72} [USER]:[Debug_user] Got measurement result
2020-08-29 18:23:29,050 [INFO:image_processing] {upload_image:75} [USER]:[Debug_user] Prepair image date to be response.
2020-08-29 18:23:29,065 [INFO:image_processing] {upload_image:79} [USER]:[Debug_user] Responsed measurement result.
2020-08-29 18:23:43,286 [INFO:image_processing] {upload_image:40} [USER]:[Debug_user] Prepair image data to be measure.
2020-08-29 18:23:43,286 [INFO:image_processing] {upload_image:65} [USER]:[Debug_user] Processing image...
2020-08-29 18:23:43,296 [INFO:image_processing] {upload_image:72} [USER]:[Debug_user] Got measurement result
2020-08-29 18:23:44,763 [INFO:image_processing] {upload_image:75} [USER]:[Debug_user] Prepair image date to be response.
2020-08-29 18:23:44,794 [INFO:image_processing] {upload_image:79} [USER]:[Debug_user] Responsed measurement result.
2020-08-29 20:42:34,353 [INFO:main] {<module>:16} [SYSTEM]:Created flask app.
2020-08-29 20:42:34,355 [INFO:main] {<module>:18} [SYSTEM]:Registered image_processing_api blueprint 
2020-08-29 20:42:34,358 [INFO:main] {<module>:20} [SYSTEM]:Registered user_api blueprint 
2020-08-29 20:42:34,368 [INFO:main] {<module>:22} [SYSTEM]:Registered model_management_api blueprint 
2020-08-29 20:42:34,368 [INFO:main] {<module>:24} [SYSTEM]:Registered log_management_api blueprint 
2020-08-29 20:47:42,441 [INFO:main] {<module>:16} [SYSTEM]:Created flask app.
2020-08-29 20:47:42,443 [INFO:main] {<module>:18} [SYSTEM]:Registered image_processing_api blueprint 
2020-08-29 20:47:42,444 [INFO:main] {<module>:20} [SYSTEM]:Registered user_api blueprint 
2020-08-29 20:47:42,447 [INFO:main] {<module>:22} [SYSTEM]:Registered model_management_api blueprint 
2020-08-29 20:47:42,448 [INFO:main] {<module>:24} [SYSTEM]:Registered log_management_api blueprint 
2020-08-29 20:48:13,107 [INFO:main] {<module>:16} [SYSTEM]:Created flask app.
2020-08-29 20:48:13,109 [INFO:main] {<module>:18} [SYSTEM]:Registered image_processing_api blueprint 
2020-08-29 20:48:13,110 [INFO:main] {<module>:20} [SYSTEM]:Registered user_api blueprint 
2020-08-29 20:48:13,113 [INFO:main] {<module>:22} [SYSTEM]:Registered model_management_api blueprint 
2020-08-29 20:48:13,114 [INFO:main] {<module>:24} [SYSTEM]:Registered log_management_api blueprint 
2020-08-29 20:48:16,189 [INFO:main] {<module>:16} [SYSTEM]:Created flask app.
2020-08-29 20:48:16,191 [INFO:main] {<module>:18} [SYSTEM]:Registered image_processing_api blueprint 
2020-08-29 20:48:16,201 [INFO:main] {<module>:20} [SYSTEM]:Registered user_api blueprint 
2020-08-29 20:48:16,207 [INFO:main] {<module>:22} [SYSTEM]:Registered model_management_api blueprint 
2020-08-29 20:48:16,218 [INFO:main] {<module>:24} [SYSTEM]:Registered log_management_api blueprint 
2020-08-29 20:48:27,756 [INFO:main] {<module>:16} [SYSTEM]:Created flask app.
2020-08-29 20:48:27,758 [INFO:main] {<module>:18} [SYSTEM]:Registered image_processing_api blueprint 
2020-08-29 20:48:27,765 [INFO:main] {<module>:20} [SYSTEM]:Registered user_api blueprint 
2020-08-29 20:48:27,768 [INFO:main] {<module>:22} [SYSTEM]:Registered model_management_api blueprint 
2020-08-29 20:48:27,779 [INFO:main] {<module>:24} [SYSTEM]:Registered log_management_api blueprint 
2020-08-29 20:48:30,790 [INFO:main] {<module>:16} [SYSTEM]:Created flask app.
2020-08-29 20:48:30,792 [INFO:main] {<module>:18} [SYSTEM]:Registered image_processing_api blueprint 
2020-08-29 20:48:30,792 [INFO:main] {<module>:20} [SYSTEM]:Registered user_api blueprint 
2020-08-29 20:48:30,794 [INFO:main] {<module>:22} [SYSTEM]:Registered model_management_api blueprint 
2020-08-29 20:48:30,795 [INFO:main] {<module>:24} [SYSTEM]:Registered log_management_api blueprint 
2020-08-29 20:48:48,894 [INFO:main] {<module>:16} [SYSTEM]:Created flask app.
2020-08-29 20:48:48,896 [INFO:main] {<module>:18} [SYSTEM]:Registered image_processing_api blueprint 
2020-08-29 20:48:48,903 [INFO:main] {<module>:20} [SYSTEM]:Registered user_api blueprint 
2020-08-29 20:48:48,905 [INFO:main] {<module>:22} [SYSTEM]:Registered model_management_api blueprint 
2020-08-29 20:48:48,906 [INFO:main] {<module>:24} [SYSTEM]:Registered log_management_api blueprint 
2020-08-29 20:48:54,500 [INFO:main] {<module>:16} [SYSTEM]:Created flask app.
2020-08-29 20:48:54,502 [INFO:main] {<module>:18} [SYSTEM]:Registered image_processing_api blueprint 
2020-08-29 20:48:54,503 [INFO:main] {<module>:20} [SYSTEM]:Registered user_api blueprint 
2020-08-29 20:48:54,505 [INFO:main] {<module>:22} [SYSTEM]:Registered model_management_api blueprint 
2020-08-29 20:48:54,506 [INFO:main] {<module>:24} [SYSTEM]:Registered log_management_api blueprint 
2020-08-29 20:48:57,021 [INFO:main] {<module>:16} [SYSTEM]:Created flask app.
2020-08-29 20:48:57,023 [INFO:main] {<module>:18} [SYSTEM]:Registered image_processing_api blueprint 
2020-08-29 20:48:57,024 [INFO:main] {<module>:20} [SYSTEM]:Registered user_api blueprint 
2020-08-29 20:48:57,032 [INFO:main] {<module>:22} [SYSTEM]:Registered model_management_api blueprint 
2020-08-29 20:48:57,033 [INFO:main] {<module>:24} [SYSTEM]:Registered log_management_api blueprint 
2020-08-29 20:49:06,632 [INFO:main] {<module>:16} [SYSTEM]:Created flask app.
2020-08-29 20:49:06,634 [INFO:main] {<module>:18} [SYSTEM]:Registered image_processing_api blueprint 
2020-08-29 20:49:06,641 [INFO:main] {<module>:20} [SYSTEM]:Registered user_api blueprint 
2020-08-29 20:49:06,643 [INFO:main] {<module>:22} [SYSTEM]:Registered model_management_api blueprint 
2020-08-29 20:49:06,644 [INFO:main] {<module>:24} [SYSTEM]:Registered log_management_api blueprint 
2020-08-29 20:49:12,265 [INFO:main] {<module>:16} [SYSTEM]:Created flask app.
2020-08-29 20:49:12,267 [INFO:main] {<module>:18} [SYSTEM]:Registered image_processing_api blueprint 
2020-08-29 20:49:12,273 [INFO:main] {<module>:20} [SYSTEM]:Registered user_api blueprint 
2020-08-29 20:49:12,276 [INFO:main] {<module>:22} [SYSTEM]:Registered model_management_api blueprint 
2020-08-29 20:49:12,277 [INFO:main] {<module>:24} [SYSTEM]:Registered log_management_api blueprint 
2020-08-29 20:54:02,460 [INFO:main] {<module>:16} [SYSTEM]:Created flask app.
2020-08-29 20:54:02,462 [INFO:main] {<module>:18} [SYSTEM]:Registered image_processing_api blueprint 
2020-08-29 20:54:02,463 [INFO:main] {<module>:20} [SYSTEM]:Registered user_api blueprint 
2020-08-29 20:54:02,465 [INFO:main] {<module>:22} [SYSTEM]:Registered model_management_api blueprint 
2020-08-29 20:54:02,466 [INFO:main] {<module>:24} [SYSTEM]:Registered log_management_api blueprint 
2020-08-29 20:54:09,073 [INFO:main] {<module>:16} [SYSTEM]:Created flask app.
2020-08-29 20:54:09,075 [INFO:main] {<module>:18} [SYSTEM]:Registered image_processing_api blueprint 
2020-08-29 20:54:09,076 [INFO:main] {<module>:20} [SYSTEM]:Registered user_api blueprint 
2020-08-29 20:54:09,079 [INFO:main] {<module>:22} [SYSTEM]:Registered model_management_api blueprint 
2020-08-29 20:54:09,080 [INFO:main] {<module>:24} [SYSTEM]:Registered log_management_api blueprint 
2020-08-29 20:54:31,309 [INFO:main] {<module>:16} [SYSTEM]:Created flask app.
2020-08-29 20:54:31,311 [INFO:main] {<module>:18} [SYSTEM]:Registered image_processing_api blueprint 
2020-08-29 20:54:31,319 [INFO:main] {<module>:20} [SYSTEM]:Registered user_api blueprint 
2020-08-29 20:54:31,330 [INFO:main] {<module>:22} [SYSTEM]:Registered model_management_api blueprint 
2020-08-29 20:54:31,331 [INFO:main] {<module>:24} [SYSTEM]:Registered log_management_api blueprint 
2020-08-29 20:54:33,878 [INFO:main] {<module>:16} [SYSTEM]:Created flask app.
2020-08-29 20:54:33,880 [INFO:main] {<module>:18} [SYSTEM]:Registered image_processing_api blueprint 
2020-08-29 20:54:33,886 [INFO:main] {<module>:20} [SYSTEM]:Registered user_api blueprint 
2020-08-29 20:54:33,890 [INFO:main] {<module>:22} [SYSTEM]:Registered model_management_api blueprint 
2020-08-29 20:54:33,891 [INFO:main] {<module>:24} [SYSTEM]:Registered log_management_api blueprint 
2020-08-29 20:54:40,475 [INFO:main] {<module>:16} [SYSTEM]:Created flask app.
2020-08-29 20:54:40,477 [INFO:main] {<module>:18} [SYSTEM]:Registered image_processing_api blueprint 
2020-08-29 20:54:40,478 [INFO:main] {<module>:20} [SYSTEM]:Registered user_api blueprint 
2020-08-29 20:54:40,481 [INFO:main] {<module>:22} [SYSTEM]:Registered model_management_api blueprint 
2020-08-29 20:54:40,482 [INFO:main] {<module>:24} [SYSTEM]:Registered log_management_api blueprint 
2020-08-29 20:54:47,007 [INFO:main] {<module>:16} [SYSTEM]:Created flask app.
2020-08-29 20:54:47,009 [INFO:main] {<module>:18} [SYSTEM]:Registered image_processing_api blueprint 
2020-08-29 20:54:47,011 [INFO:main] {<module>:20} [SYSTEM]:Registered user_api blueprint 
2020-08-29 20:54:47,014 [INFO:main] {<module>:22} [SYSTEM]:Registered model_management_api blueprint 
2020-08-29 20:54:47,014 [INFO:main] {<module>:24} [SYSTEM]:Registered log_management_api blueprint 
2020-08-29 20:54:55,626 [INFO:main] {<module>:16} [SYSTEM]:Created flask app.
2020-08-29 20:54:55,628 [INFO:main] {<module>:18} [SYSTEM]:Registered image_processing_api blueprint 
2020-08-29 20:54:55,629 [INFO:main] {<module>:20} [SYSTEM]:Registered user_api blueprint 
2020-08-29 20:54:55,631 [INFO:main] {<module>:22} [SYSTEM]:Registered model_management_api blueprint 
2020-08-29 20:54:55,632 [INFO:main] {<module>:24} [SYSTEM]:Registered log_management_api blueprint 
2020-08-29 20:54:58,283 [INFO:main] {<module>:16} [SYSTEM]:Created flask app.
2020-08-29 20:54:58,285 [INFO:main] {<module>:18} [SYSTEM]:Registered image_processing_api blueprint 
2020-08-29 20:54:58,286 [INFO:main] {<module>:20} [SYSTEM]:Registered user_api blueprint 
2020-08-29 20:54:58,288 [INFO:main] {<module>:22} [SYSTEM]:Registered model_management_api blueprint 
2020-08-29 20:54:58,290 [INFO:main] {<module>:24} [SYSTEM]:Registered log_management_api blueprint 
2020-08-29 20:55:02,753 [INFO:main] {<module>:16} [SYSTEM]:Created flask app.
2020-08-29 20:55:02,755 [INFO:main] {<module>:18} [SYSTEM]:Registered image_processing_api blueprint 
2020-08-29 20:55:02,756 [INFO:main] {<module>:20} [SYSTEM]:Registered user_api blueprint 
2020-08-29 20:55:02,759 [INFO:main] {<module>:22} [SYSTEM]:Registered model_management_api blueprint 
2020-08-29 20:55:02,760 [INFO:main] {<module>:24} [SYSTEM]:Registered log_management_api blueprint 
2020-08-29 21:16:08,390 [INFO:main] {<module>:16} [SYSTEM]:Created flask app.
2020-08-29 21:16:08,392 [INFO:main] {<module>:18} [SYSTEM]:Registered image_processing_api blueprint 
2020-08-29 21:16:08,393 [INFO:main] {<module>:20} [SYSTEM]:Registered user_api blueprint 
2020-08-29 21:16:08,395 [INFO:main] {<module>:22} [SYSTEM]:Registered model_management_api blueprint 
2020-08-29 21:16:08,396 [INFO:main] {<module>:24} [SYSTEM]:Registered log_management_api blueprint 
2020-08-29 21:16:09,137 [INFO:main] {<module>:16} [SYSTEM]:Created flask app.
2020-08-29 21:16:09,139 [INFO:main] {<module>:18} [SYSTEM]:Registered image_processing_api blueprint 
2020-08-29 21:16:09,140 [INFO:main] {<module>:20} [SYSTEM]:Registered user_api blueprint 
2020-08-29 21:16:09,148 [INFO:main] {<module>:22} [SYSTEM]:Registered model_management_api blueprint 
2020-08-29 21:16:09,149 [INFO:main] {<module>:24} [SYSTEM]:Registered log_management_api blueprint 
2020-08-29 21:16:10,524 [INFO:image_processing] {upload_image:41} [USER]:[Debug_user] Prepair image data to be measure.
2020-08-29 21:16:10,524 [INFO:image_processing] {upload_image:68} [USER]:[Debug_user] Processing image...
2020-08-29 21:16:10,684 [INFO:image_processing] {upload_image:75} [USER]:[Debug_user] Got measurement result
2020-08-29 21:16:12,873 [INFO:image_processing] {upload_image:78} [USER]:[Debug_user] Prepair image date to be response.
2020-08-29 21:16:13,348 [INFO:image_processing] {upload_image:82} [USER]:[Debug_user] Responsed measurement result.
2020-08-29 21:22:43,080 [INFO:image_processing] {upload_image:41} [USER]:[Debug_user] Prepair image data to be measure.
2020-08-29 21:22:43,080 [INFO:image_processing] {upload_image:68} [USER]:[Debug_user] Processing image...
2020-08-29 21:22:43,244 [INFO:image_processing] {upload_image:75} [USER]:[Debug_user] Got measurement result
2020-08-29 21:22:45,173 [INFO:image_processing] {upload_image:78} [USER]:[Debug_user] Prepair image date to be response.
2020-08-29 21:22:45,650 [INFO:image_processing] {upload_image:82} [USER]:[Debug_user] Responsed measurement result.
2020-08-29 21:24:33,490 [INFO:image_processing] {upload_image:41} [USER]:[Debug_user] Prepair image data to be measure.
2020-08-29 21:24:33,491 [INFO:image_processing] {upload_image:68} [USER]:[Debug_user] Processing image...
2020-08-29 21:24:33,636 [INFO:image_processing] {upload_image:75} [USER]:[Debug_user] Got measurement result
2020-08-29 21:24:35,592 [INFO:image_processing] {upload_image:78} [USER]:[Debug_user] Prepair image date to be response.
2020-08-29 21:24:36,034 [INFO:image_processing] {upload_image:82} [USER]:[Debug_user] Responsed measurement result.
2020-08-29 21:25:38,301 [INFO:image_processing] {upload_image:41} [USER]:[Debug_user] Prepair image data to be measure.
2020-08-29 21:25:38,301 [INFO:image_processing] {upload_image:68} [USER]:[Debug_user] Processing image...
2020-08-29 21:25:38,458 [INFO:image_processing] {upload_image:75} [USER]:[Debug_user] Got measurement result
2020-08-29 21:25:40,357 [INFO:image_processing] {upload_image:78} [USER]:[Debug_user] Prepair image date to be response.
2020-08-29 21:25:40,821 [INFO:image_processing] {upload_image:82} [USER]:[Debug_user] Responsed measurement result.
2020-08-29 21:27:26,483 [INFO:image_processing] {upload_image:41} [USER]:[Debug_user] Prepair image data to be measure.
2020-08-29 21:27:26,484 [INFO:image_processing] {upload_image:68} [USER]:[Debug_user] Processing image...
2020-08-29 21:27:26,624 [INFO:image_processing] {upload_image:75} [USER]:[Debug_user] Got measurement result
2020-08-29 21:27:28,450 [INFO:image_processing] {upload_image:78} [USER]:[Debug_user] Prepair image date to be response.
2020-08-29 21:27:28,849 [INFO:image_processing] {upload_image:82} [USER]:[Debug_user] Responsed measurement result.
2020-08-29 21:57:17,009 [INFO:image_processing] {upload_image:41} [USER]:[Debug_user] Prepair image data to be measure.
2020-08-29 21:57:17,010 [INFO:image_processing] {upload_image:68} [USER]:[Debug_user] Processing image...
2020-08-29 21:57:17,163 [INFO:image_processing] {upload_image:75} [USER]:[Debug_user] Got measurement result
2020-08-29 21:57:19,300 [INFO:image_processing] {upload_image:78} [USER]:[Debug_user] Prepair image date to be response.
2020-08-29 21:57:19,758 [INFO:image_processing] {upload_image:82} [USER]:[Debug_user] Responsed measurement result.
2020-08-29 21:58:07,116 [INFO:image_processing] {upload_image:41} [USER]:[Debug_user] Prepair image data to be measure.
2020-08-29 21:58:07,116 [INFO:image_processing] {upload_image:68} [USER]:[Debug_user] Processing image...
2020-08-29 21:58:07,279 [INFO:image_processing] {upload_image:75} [USER]:[Debug_user] Got measurement result
2020-08-29 21:58:09,167 [INFO:image_processing] {upload_image:78} [USER]:[Debug_user] Prepair image date to be response.
2020-08-29 21:58:09,648 [INFO:image_processing] {upload_image:82} [USER]:[Debug_user] Responsed measurement result.
2020-08-29 21:59:39,521 [INFO:image_processing] {upload_image:41} [USER]:[Debug_user] Prepair image data to be measure.
2020-08-29 21:59:39,522 [INFO:image_processing] {upload_image:68} [USER]:[Debug_user] Processing image...
2020-08-29 21:59:39,673 [INFO:image_processing] {upload_image:75} [USER]:[Debug_user] Got measurement result
2020-08-29 21:59:41,636 [INFO:image_processing] {upload_image:78} [USER]:[Debug_user] Prepair image date to be response.
2020-08-29 21:59:42,036 [INFO:image_processing] {upload_image:82} [USER]:[Debug_user] Responsed measurement result.
2020-08-29 21:59:58,123 [INFO:image_processing] {upload_image:41} [USER]:[Debug_user] Prepair image data to be measure.
2020-08-29 21:59:58,123 [INFO:image_processing] {upload_image:68} [USER]:[Debug_user] Processing image...
2020-08-29 21:59:58,310 [INFO:image_processing] {upload_image:75} [USER]:[Debug_user] Got measurement result
2020-08-29 22:00:00,437 [INFO:image_processing] {upload_image:78} [USER]:[Debug_user] Prepair image date to be response.
2020-08-29 22:00:01,051 [INFO:image_processing] {upload_image:82} [USER]:[Debug_user] Responsed measurement result.
2020-08-29 22:01:21,603 [INFO:image_processing] {upload_image:41} [USER]:[Debug_user] Prepair image data to be measure.
2020-08-29 22:01:21,603 [INFO:image_processing] {upload_image:68} [USER]:[Debug_user] Processing image...
2020-08-29 22:01:21,782 [INFO:image_processing] {upload_image:75} [USER]:[Debug_user] Got measurement result
2020-08-29 22:01:23,875 [INFO:image_processing] {upload_image:78} [USER]:[Debug_user] Prepair image date to be response.
2020-08-29 22:01:24,477 [INFO:image_processing] {upload_image:82} [USER]:[Debug_user] Responsed measurement result.
2020-08-29 22:02:36,416 [INFO:image_processing] {upload_image:41} [USER]:[Debug_user] Prepair image data to be measure.
2020-08-29 22:02:36,417 [INFO:image_processing] {upload_image:68} [USER]:[Debug_user] Processing image...
2020-08-29 22:02:36,569 [INFO:image_processing] {upload_image:75} [USER]:[Debug_user] Got measurement result
2020-08-29 22:02:38,659 [INFO:image_processing] {upload_image:78} [USER]:[Debug_user] Prepair image date to be response.
2020-08-29 22:02:39,069 [INFO:image_processing] {upload_image:82} [USER]:[Debug_user] Responsed measurement result.
2020-08-29 22:05:31,496 [INFO:image_processing] {upload_image:41} [USER]:[Debug_user] Prepair image data to be measure.
2020-08-29 22:05:31,496 [INFO:image_processing] {upload_image:68} [USER]:[Debug_user] Processing image...
2020-08-29 22:05:31,637 [INFO:image_processing] {upload_image:75} [USER]:[Debug_user] Got measurement result
2020-08-29 22:05:33,587 [INFO:image_processing] {upload_image:78} [USER]:[Debug_user] Prepair image date to be response.
2020-08-29 22:05:33,991 [INFO:image_processing] {upload_image:82} [USER]:[Debug_user] Responsed measurement result.
2020-08-29 22:05:59,249 [INFO:image_processing] {upload_image:41} [USER]:[Debug_user] Prepair image data to be measure.
2020-08-29 22:05:59,249 [INFO:image_processing] {upload_image:68} [USER]:[Debug_user] Processing image...
2020-08-29 22:05:59,391 [INFO:image_processing] {upload_image:75} [USER]:[Debug_user] Got measurement result
2020-08-29 22:06:01,388 [INFO:image_processing] {upload_image:78} [USER]:[Debug_user] Prepair image date to be response.
2020-08-29 22:06:01,791 [INFO:image_processing] {upload_image:82} [USER]:[Debug_user] Responsed measurement result.
2020-08-29 22:07:43,683 [INFO:image_processing] {upload_image:41} [USER]:[Debug_user] Prepair image data to be measure.
2020-08-29 22:07:43,683 [INFO:image_processing] {upload_image:68} [USER]:[Debug_user] Processing image...
2020-08-29 22:07:43,824 [INFO:image_processing] {upload_image:75} [USER]:[Debug_user] Got measurement result
2020-08-29 22:07:45,792 [INFO:image_processing] {upload_image:78} [USER]:[Debug_user] Prepair image date to be response.
2020-08-29 22:07:46,198 [INFO:image_processing] {upload_image:82} [USER]:[Debug_user] Responsed measurement result.
2020-08-29 22:08:49,495 [INFO:image_processing] {upload_image:41} [USER]:[Debug_user] Prepair image data to be measure.
2020-08-29 22:08:49,509 [INFO:image_processing] {upload_image:68} [USER]:[Debug_user] Processing image...
2020-08-29 22:08:49,649 [INFO:image_processing] {upload_image:75} [USER]:[Debug_user] Got measurement result
2020-08-29 22:08:51,566 [INFO:image_processing] {upload_image:78} [USER]:[Debug_user] Prepair image date to be response.
2020-08-29 22:08:51,969 [INFO:image_processing] {upload_image:82} [USER]:[Debug_user] Responsed measurement result.
2020-08-29 22:12:17,202 [INFO:image_processing] {upload_image:41} [USER]:[Debug_user] Prepair image data to be measure.
2020-08-29 22:12:17,202 [INFO:image_processing] {upload_image:68} [USER]:[Debug_user] Processing image...
2020-08-29 22:12:17,351 [INFO:image_processing] {upload_image:75} [USER]:[Debug_user] Got measurement result
2020-08-29 22:12:19,421 [INFO:image_processing] {upload_image:78} [USER]:[Debug_user] Prepair image date to be response.
2020-08-29 22:12:19,876 [INFO:image_processing] {upload_image:82} [USER]:[Debug_user] Responsed measurement result.
2020-08-29 22:13:32,717 [INFO:image_processing] {upload_image:41} [USER]:[Debug_user] Prepair image data to be measure.
2020-08-29 22:13:32,717 [INFO:image_processing] {upload_image:68} [USER]:[Debug_user] Processing image...
2020-08-29 22:13:32,877 [INFO:image_processing] {upload_image:75} [USER]:[Debug_user] Got measurement result
2020-08-29 22:13:34,781 [INFO:image_processing] {upload_image:78} [USER]:[Debug_user] Prepair image date to be response.
2020-08-29 22:13:35,221 [INFO:image_processing] {upload_image:82} [USER]:[Debug_user] Responsed measurement result.
2020-08-29 22:13:46,921 [INFO:image_processing] {upload_image:41} [USER]:[Debug_user] Prepair image data to be measure.
2020-08-29 22:13:46,921 [INFO:image_processing] {upload_image:68} [USER]:[Debug_user] Processing image...
2020-08-29 22:13:47,065 [INFO:image_processing] {upload_image:75} [USER]:[Debug_user] Got measurement result
2020-08-29 22:13:49,033 [INFO:image_processing] {upload_image:78} [USER]:[Debug_user] Prepair image date to be response.
2020-08-29 22:13:49,480 [INFO:image_processing] {upload_image:82} [USER]:[Debug_user] Responsed measurement result.
2020-08-29 22:17:57,146 [INFO:image_processing] {upload_image:41} [USER]:[Debug_user] Prepair image data to be measure.
2020-08-29 22:17:57,146 [INFO:image_processing] {upload_image:68} [USER]:[Debug_user] Processing image...
2020-08-29 22:17:57,318 [INFO:image_processing] {upload_image:75} [USER]:[Debug_user] Got measurement result
2020-08-29 22:17:59,177 [INFO:image_processing] {upload_image:78} [USER]:[Debug_user] Prepair image date to be response.
2020-08-29 22:17:59,619 [INFO:image_processing] {upload_image:82} [USER]:[Debug_user] Responsed measurement result.
2020-08-29 22:18:19,548 [INFO:image_processing] {upload_image:41} [USER]:[Debug_user] Prepair image data to be measure.
2020-08-29 22:18:19,548 [INFO:image_processing] {upload_image:68} [USER]:[Debug_user] Processing image...
2020-08-29 22:18:19,695 [INFO:image_processing] {upload_image:75} [USER]:[Debug_user] Got measurement result
2020-08-29 22:18:21,771 [INFO:image_processing] {upload_image:78} [USER]:[Debug_user] Prepair image date to be response.
2020-08-29 22:18:22,232 [INFO:image_processing] {upload_image:82} [USER]:[Debug_user] Responsed measurement result.
2020-08-29 22:20:41,175 [INFO:image_processing] {upload_image:41} [USER]:[Debug_user] Prepair image data to be measure.
2020-08-29 22:20:41,175 [INFO:image_processing] {upload_image:68} [USER]:[Debug_user] Processing image...
2020-08-29 22:20:41,320 [INFO:image_processing] {upload_image:75} [USER]:[Debug_user] Got measurement result
2020-08-29 22:20:43,298 [INFO:image_processing] {upload_image:78} [USER]:[Debug_user] Prepair image date to be response.
2020-08-29 22:20:43,748 [INFO:image_processing] {upload_image:82} [USER]:[Debug_user] Responsed measurement result.
2020-08-29 22:21:57,815 [INFO:image_processing] {upload_image:41} [USER]:[Debug_user] Prepair image data to be measure.
2020-08-29 22:21:57,815 [INFO:image_processing] {upload_image:68} [USER]:[Debug_user] Processing image...
2020-08-29 22:21:57,960 [INFO:image_processing] {upload_image:75} [USER]:[Debug_user] Got measurement result
2020-08-29 22:21:59,903 [INFO:image_processing] {upload_image:78} [USER]:[Debug_user] Prepair image date to be response.
2020-08-29 22:22:00,344 [INFO:image_processing] {upload_image:82} [USER]:[Debug_user] Responsed measurement result.
2020-08-29 22:22:45,631 [INFO:image_processing] {upload_image:41} [USER]:[Debug_user] Prepair image data to be measure.
2020-08-29 22:22:45,631 [INFO:image_processing] {upload_image:68} [USER]:[Debug_user] Processing image...
2020-08-29 22:22:45,787 [INFO:image_processing] {upload_image:75} [USER]:[Debug_user] Got measurement result
2020-08-29 22:22:47,801 [INFO:image_processing] {upload_image:78} [USER]:[Debug_user] Prepair image date to be response.
2020-08-29 22:22:48,238 [INFO:image_processing] {upload_image:82} [USER]:[Debug_user] Responsed measurement result.
2020-08-29 22:23:03,039 [INFO:image_processing] {upload_image:41} [USER]:[Debug_user] Prepair image data to be measure.
2020-08-29 22:23:03,039 [INFO:image_processing] {upload_image:68} [USER]:[Debug_user] Processing image...
2020-08-29 22:23:03,180 [INFO:image_processing] {upload_image:75} [USER]:[Debug_user] Got measurement result
2020-08-29 22:23:05,049 [INFO:image_processing] {upload_image:78} [USER]:[Debug_user] Prepair image date to be response.
2020-08-29 22:23:05,499 [INFO:image_processing] {upload_image:82} [USER]:[Debug_user] Responsed measurement result.
2020-08-29 22:23:42,191 [INFO:image_processing] {upload_image:41} [USER]:[Debug_user] Prepair image data to be measure.
2020-08-29 22:23:42,191 [INFO:image_processing] {upload_image:68} [USER]:[Debug_user] Processing image...
2020-08-29 22:23:42,342 [INFO:image_processing] {upload_image:75} [USER]:[Debug_user] Got measurement result
2020-08-29 22:23:44,209 [INFO:image_processing] {upload_image:78} [USER]:[Debug_user] Prepair image date to be response.
2020-08-29 22:23:44,659 [INFO:image_processing] {upload_image:82} [USER]:[Debug_user] Responsed measurement result.
2020-08-29 22:25:01,559 [INFO:image_processing] {upload_image:41} [USER]:[Debug_user] Prepair image data to be measure.
2020-08-29 22:25:01,559 [INFO:image_processing] {upload_image:68} [USER]:[Debug_user] Processing image...
2020-08-29 22:25:01,713 [INFO:image_processing] {upload_image:75} [USER]:[Debug_user] Got measurement result
2020-08-29 22:25:03,658 [INFO:image_processing] {upload_image:78} [USER]:[Debug_user] Prepair image date to be response.
2020-08-29 22:25:04,108 [INFO:image_processing] {upload_image:82} [USER]:[Debug_user] Responsed measurement result.
2020-08-29 22:27:08,773 [INFO:image_processing] {upload_image:41} [USER]:[Debug_user] Prepair image data to be measure.
2020-08-29 22:27:08,774 [INFO:image_processing] {upload_image:68} [USER]:[Debug_user] Processing image...
2020-08-29 22:27:08,925 [INFO:image_processing] {upload_image:75} [USER]:[Debug_user] Got measurement result
2020-08-29 22:27:10,971 [INFO:image_processing] {upload_image:78} [USER]:[Debug_user] Prepair image date to be response.
2020-08-29 22:27:11,426 [INFO:image_processing] {upload_image:82} [USER]:[Debug_user] Responsed measurement result.
2020-08-29 22:31:22,422 [INFO:image_processing] {upload_image:41} [USER]:[Debug_user] Prepair image data to be measure.
2020-08-29 22:31:22,423 [INFO:image_processing] {upload_image:68} [USER]:[Debug_user] Processing image...
2020-08-29 22:31:22,572 [INFO:image_processing] {upload_image:75} [USER]:[Debug_user] Got measurement result
2020-08-29 22:31:24,621 [INFO:image_processing] {upload_image:78} [USER]:[Debug_user] Prepair image date to be response.
2020-08-29 22:31:25,071 [INFO:image_processing] {upload_image:82} [USER]:[Debug_user] Responsed measurement result.
2020-08-29 22:33:00,593 [INFO:image_processing] {upload_image:41} [USER]:[Debug_user] Prepair image data to be measure.
2020-08-29 22:33:00,593 [INFO:image_processing] {upload_image:68} [USER]:[Debug_user] Processing image...
2020-08-29 22:33:00,740 [INFO:image_processing] {upload_image:75} [USER]:[Debug_user] Got measurement result
2020-08-29 22:33:02,519 [INFO:image_processing] {upload_image:78} [USER]:[Debug_user] Prepair image date to be response.
2020-08-29 22:33:02,947 [INFO:image_processing] {upload_image:82} [USER]:[Debug_user] Responsed measurement result.
2020-08-29 22:33:39,076 [INFO:image_processing] {upload_image:41} [USER]:[Debug_user] Prepair image data to be measure.
2020-08-29 22:33:39,076 [INFO:image_processing] {upload_image:68} [USER]:[Debug_user] Processing image...
2020-08-29 22:33:39,209 [INFO:image_processing] {upload_image:75} [USER]:[Debug_user] Got measurement result
2020-08-29 22:33:41,107 [INFO:image_processing] {upload_image:78} [USER]:[Debug_user] Prepair image date to be response.
2020-08-29 22:33:41,545 [INFO:image_processing] {upload_image:82} [USER]:[Debug_user] Responsed measurement result.
2020-08-29 22:34:19,557 [INFO:image_processing] {upload_image:41} [USER]:[Debug_user] Prepair image data to be measure.
2020-08-29 22:34:19,557 [INFO:image_processing] {upload_image:68} [USER]:[Debug_user] Processing image...
2020-08-29 22:34:19,717 [INFO:image_processing] {upload_image:75} [USER]:[Debug_user] Got measurement result
2020-08-29 22:34:21,668 [INFO:image_processing] {upload_image:78} [USER]:[Debug_user] Prepair image date to be response.
2020-08-29 22:34:22,118 [INFO:image_processing] {upload_image:82} [USER]:[Debug_user] Responsed measurement result.
2020-08-29 22:34:46,889 [INFO:image_processing] {upload_image:41} [USER]:[Debug_user] Prepair image data to be measure.
2020-08-29 22:34:46,889 [INFO:image_processing] {upload_image:68} [USER]:[Debug_user] Processing image...
2020-08-29 22:34:47,038 [INFO:image_processing] {upload_image:75} [USER]:[Debug_user] Got measurement result
2020-08-29 22:34:49,008 [INFO:image_processing] {upload_image:78} [USER]:[Debug_user] Prepair image date to be response.
2020-08-29 22:34:49,462 [INFO:image_processing] {upload_image:82} [USER]:[Debug_user] Responsed measurement result.
2020-08-29 22:35:07,109 [INFO:image_processing] {upload_image:41} [USER]:[Debug_user] Prepair image data to be measure.
2020-08-29 22:35:07,110 [INFO:image_processing] {upload_image:68} [USER]:[Debug_user] Processing image...
2020-08-29 22:35:07,280 [INFO:image_processing] {upload_image:75} [USER]:[Debug_user] Got measurement result
2020-08-29 22:35:09,284 [INFO:image_processing] {upload_image:78} [USER]:[Debug_user] Prepair image date to be response.
2020-08-29 22:35:09,813 [INFO:image_processing] {upload_image:82} [USER]:[Debug_user] Responsed measurement result.
2020-08-29 22:35:42,653 [INFO:image_processing] {upload_image:41} [USER]:[Debug_user] Prepair image data to be measure.
2020-08-29 22:35:42,654 [INFO:image_processing] {upload_image:68} [USER]:[Debug_user] Processing image...
2020-08-29 22:35:42,797 [INFO:image_processing] {upload_image:75} [USER]:[Debug_user] Got measurement result
2020-08-29 22:35:44,748 [INFO:image_processing] {upload_image:78} [USER]:[Debug_user] Prepair image date to be response.
2020-08-29 22:35:45,208 [INFO:image_processing] {upload_image:82} [USER]:[Debug_user] Responsed measurement result.
2020-08-29 22:36:32,763 [INFO:image_processing] {upload_image:41} [USER]:[Debug_user] Prepair image data to be measure.
2020-08-29 22:36:32,764 [INFO:image_processing] {upload_image:68} [USER]:[Debug_user] Processing image...
2020-08-29 22:36:32,910 [INFO:image_processing] {upload_image:75} [USER]:[Debug_user] Got measurement result
2020-08-29 22:36:34,822 [INFO:image_processing] {upload_image:78} [USER]:[Debug_user] Prepair image date to be response.
2020-08-29 22:36:35,272 [INFO:image_processing] {upload_image:82} [USER]:[Debug_user] Responsed measurement result.
2020-08-29 22:38:40,561 [INFO:image_processing] {upload_image:41} [USER]:[Debug_user] Prepair image data to be measure.
2020-08-29 22:38:40,572 [INFO:image_processing] {upload_image:68} [USER]:[Debug_user] Processing image...
2020-08-29 22:38:40,718 [INFO:image_processing] {upload_image:75} [USER]:[Debug_user] Got measurement result
2020-08-29 22:38:42,610 [INFO:image_processing] {upload_image:78} [USER]:[Debug_user] Prepair image date to be response.
2020-08-29 22:38:43,049 [INFO:image_processing] {upload_image:82} [USER]:[Debug_user] Responsed measurement result.
2020-08-29 22:39:07,462 [INFO:image_processing] {upload_image:41} [USER]:[Debug_user] Prepair image data to be measure.
2020-08-29 22:39:07,462 [INFO:image_processing] {upload_image:68} [USER]:[Debug_user] Processing image...
2020-08-29 22:39:07,605 [INFO:image_processing] {upload_image:75} [USER]:[Debug_user] Got measurement result
2020-08-29 22:39:09,756 [INFO:image_processing] {upload_image:78} [USER]:[Debug_user] Prepair image date to be response.
2020-08-29 22:39:10,297 [INFO:image_processing] {upload_image:82} [USER]:[Debug_user] Responsed measurement result.
2020-08-29 22:40:17,079 [INFO:image_processing] {upload_image:41} [USER]:[Debug_user] Prepair image data to be measure.
2020-08-29 22:40:17,079 [INFO:image_processing] {upload_image:68} [USER]:[Debug_user] Processing image...
2020-08-29 22:40:17,233 [INFO:image_processing] {upload_image:75} [USER]:[Debug_user] Got measurement result
2020-08-29 22:40:19,076 [INFO:image_processing] {upload_image:78} [USER]:[Debug_user] Prepair image date to be response.
2020-08-29 22:40:19,534 [INFO:image_processing] {upload_image:82} [USER]:[Debug_user] Responsed measurement result.
2020-08-29 22:41:27,631 [INFO:image_processing] {upload_image:41} [USER]:[Debug_user] Prepair image data to be measure.
2020-08-29 22:41:27,632 [INFO:image_processing] {upload_image:68} [USER]:[Debug_user] Processing image...
2020-08-29 22:41:27,775 [INFO:image_processing] {upload_image:75} [USER]:[Debug_user] Got measurement result
2020-08-29 22:41:29,824 [INFO:image_processing] {upload_image:78} [USER]:[Debug_user] Prepair image date to be response.
2020-08-29 22:41:30,351 [INFO:image_processing] {upload_image:82} [USER]:[Debug_user] Responsed measurement result.
2020-08-29 22:42:11,756 [INFO:image_processing] {upload_image:41} [USER]:[Debug_user] Prepair image data to be measure.
2020-08-29 22:42:11,757 [INFO:image_processing] {upload_image:68} [USER]:[Debug_user] Processing image...
2020-08-29 22:42:11,901 [INFO:image_processing] {upload_image:75} [USER]:[Debug_user] Got measurement result
2020-08-29 22:42:13,904 [INFO:image_processing] {upload_image:78} [USER]:[Debug_user] Prepair image date to be response.
2020-08-29 22:42:14,374 [INFO:image_processing] {upload_image:82} [USER]:[Debug_user] Responsed measurement result.
2020-08-29 22:44:08,922 [INFO:image_processing] {upload_image:41} [USER]:[Debug_user] Prepair image data to be measure.
2020-08-29 22:44:08,922 [INFO:image_processing] {upload_image:68} [USER]:[Debug_user] Processing image...
2020-08-29 22:44:09,081 [INFO:image_processing] {upload_image:75} [USER]:[Debug_user] Got measurement result
2020-08-29 22:44:11,413 [INFO:image_processing] {upload_image:78} [USER]:[Debug_user] Prepair image date to be response.
2020-08-29 22:44:11,877 [INFO:image_processing] {upload_image:82} [USER]:[Debug_user] Responsed measurement result.
2020-08-29 22:45:46,122 [INFO:image_processing] {upload_image:41} [USER]:[Debug_user] Prepair image data to be measure.
2020-08-29 22:45:46,122 [INFO:image_processing] {upload_image:68} [USER]:[Debug_user] Processing image...
2020-08-29 22:45:46,272 [INFO:image_processing] {upload_image:75} [USER]:[Debug_user] Got measurement result
2020-08-29 22:45:48,283 [INFO:image_processing] {upload_image:78} [USER]:[Debug_user] Prepair image date to be response.
2020-08-29 22:45:48,773 [INFO:image_processing] {upload_image:82} [USER]:[Debug_user] Responsed measurement result.
2020-08-29 22:47:24,807 [INFO:image_processing] {upload_image:41} [USER]:[Debug_user] Prepair image data to be measure.
2020-08-29 22:47:24,807 [INFO:image_processing] {upload_image:68} [USER]:[Debug_user] Processing image...
2020-08-29 22:47:24,951 [INFO:image_processing] {upload_image:75} [USER]:[Debug_user] Got measurement result
2020-08-29 22:47:26,698 [INFO:image_processing] {upload_image:78} [USER]:[Debug_user] Prepair image date to be response.
2020-08-29 22:47:27,180 [INFO:image_processing] {upload_image:82} [USER]:[Debug_user] Responsed measurement result.
2020-08-29 22:48:19,246 [INFO:image_processing] {upload_image:41} [USER]:[Debug_user] Prepair image data to be measure.
2020-08-29 22:48:19,246 [INFO:image_processing] {upload_image:68} [USER]:[Debug_user] Processing image...
2020-08-29 22:48:19,396 [INFO:image_processing] {upload_image:75} [USER]:[Debug_user] Got measurement result
2020-08-29 22:48:21,357 [INFO:image_processing] {upload_image:78} [USER]:[Debug_user] Prepair image date to be response.
2020-08-29 22:48:21,817 [INFO:image_processing] {upload_image:82} [USER]:[Debug_user] Responsed measurement result.
2020-08-29 22:49:05,274 [INFO:image_processing] {upload_image:41} [USER]:[Debug_user] Prepair image data to be measure.
2020-08-29 22:49:05,275 [INFO:image_processing] {upload_image:68} [USER]:[Debug_user] Processing image...
2020-08-29 22:49:05,420 [INFO:image_processing] {upload_image:75} [USER]:[Debug_user] Got measurement result
2020-08-29 22:49:07,348 [INFO:image_processing] {upload_image:78} [USER]:[Debug_user] Prepair image date to be response.
2020-08-29 22:49:07,810 [INFO:image_processing] {upload_image:82} [USER]:[Debug_user] Responsed measurement result.
2020-08-29 22:49:44,704 [INFO:image_processing] {upload_image:41} [USER]:[Debug_user] Prepair image data to be measure.
2020-08-29 22:49:44,712 [INFO:image_processing] {upload_image:68} [USER]:[Debug_user] Processing image...
2020-08-29 22:49:44,847 [INFO:image_processing] {upload_image:75} [USER]:[Debug_user] Got measurement result
2020-08-29 22:49:46,763 [INFO:image_processing] {upload_image:78} [USER]:[Debug_user] Prepair image date to be response.
2020-08-29 22:49:47,216 [INFO:image_processing] {upload_image:82} [USER]:[Debug_user] Responsed measurement result.
2020-08-29 22:50:03,063 [INFO:image_processing] {upload_image:41} [USER]:[Debug_user] Prepair image data to be measure.
2020-08-29 22:50:03,064 [INFO:image_processing] {upload_image:68} [USER]:[Debug_user] Processing image...
2020-08-29 22:50:03,204 [INFO:image_processing] {upload_image:75} [USER]:[Debug_user] Got measurement result
2020-08-29 22:50:04,960 [INFO:image_processing] {upload_image:78} [USER]:[Debug_user] Prepair image date to be response.
2020-08-29 22:50:05,408 [INFO:image_processing] {upload_image:82} [USER]:[Debug_user] Responsed measurement result.
2020-08-29 22:50:30,295 [INFO:image_processing] {upload_image:41} [USER]:[Debug_user] Prepair image data to be measure.
2020-08-29 22:50:30,295 [INFO:image_processing] {upload_image:68} [USER]:[Debug_user] Processing image...
2020-08-29 22:50:30,468 [INFO:image_processing] {upload_image:75} [USER]:[Debug_user] Got measurement result
2020-08-29 22:50:32,382 [INFO:image_processing] {upload_image:78} [USER]:[Debug_user] Prepair image date to be response.
2020-08-29 22:50:32,829 [INFO:image_processing] {upload_image:82} [USER]:[Debug_user] Responsed measurement result.
2020-08-29 22:51:20,350 [INFO:image_processing] {upload_image:41} [USER]:[Debug_user] Prepair image data to be measure.
2020-08-29 22:51:20,350 [INFO:image_processing] {upload_image:68} [USER]:[Debug_user] Processing image...
2020-08-29 22:51:20,491 [INFO:image_processing] {upload_image:75} [USER]:[Debug_user] Got measurement result
2020-08-29 22:51:22,461 [INFO:image_processing] {upload_image:78} [USER]:[Debug_user] Prepair image date to be response.
2020-08-29 22:51:22,884 [INFO:image_processing] {upload_image:82} [USER]:[Debug_user] Responsed measurement result.
2020-08-29 22:51:59,310 [INFO:image_processing] {upload_image:41} [USER]:[Debug_user] Prepair image data to be measure.
2020-08-29 22:51:59,310 [INFO:image_processing] {upload_image:68} [USER]:[Debug_user] Processing image...
2020-08-29 22:51:59,463 [INFO:image_processing] {upload_image:75} [USER]:[Debug_user] Got measurement result
2020-08-29 22:52:01,453 [INFO:image_processing] {upload_image:78} [USER]:[Debug_user] Prepair image date to be response.
2020-08-29 22:52:01,904 [INFO:image_processing] {upload_image:82} [USER]:[Debug_user] Responsed measurement result.
2020-08-29 22:52:49,981 [INFO:image_processing] {upload_image:41} [USER]:[Debug_user] Prepair image data to be measure.
2020-08-29 22:52:49,981 [INFO:image_processing] {upload_image:68} [USER]:[Debug_user] Processing image...
2020-08-29 22:52:50,126 [INFO:image_processing] {upload_image:75} [USER]:[Debug_user] Got measurement result
2020-08-29 22:52:52,012 [INFO:image_processing] {upload_image:78} [USER]:[Debug_user] Prepair image date to be response.
2020-08-29 22:52:52,469 [INFO:image_processing] {upload_image:82} [USER]:[Debug_user] Responsed measurement result.
2020-08-29 22:53:12,424 [INFO:image_processing] {upload_image:41} [USER]:[Debug_user] Prepair image data to be measure.
2020-08-29 22:53:12,425 [INFO:image_processing] {upload_image:68} [USER]:[Debug_user] Processing image...
2020-08-29 22:53:12,563 [INFO:image_processing] {upload_image:75} [USER]:[Debug_user] Got measurement result
2020-08-29 22:53:14,516 [INFO:image_processing] {upload_image:78} [USER]:[Debug_user] Prepair image date to be response.
2020-08-29 22:53:14,968 [INFO:image_processing] {upload_image:82} [USER]:[Debug_user] Responsed measurement result.
2020-08-29 22:53:51,189 [INFO:image_processing] {upload_image:41} [USER]:[Debug_user] Prepair image data to be measure.
2020-08-29 22:53:51,189 [INFO:image_processing] {upload_image:68} [USER]:[Debug_user] Processing image...
2020-08-29 22:53:51,342 [INFO:image_processing] {upload_image:75} [USER]:[Debug_user] Got measurement result
2020-08-29 22:53:53,203 [INFO:image_processing] {upload_image:78} [USER]:[Debug_user] Prepair image date to be response.
2020-08-29 22:53:53,649 [INFO:image_processing] {upload_image:82} [USER]:[Debug_user] Responsed measurement result.
2020-08-29 22:54:40,297 [INFO:image_processing] {upload_image:41} [USER]:[Debug_user] Prepair image data to be measure.
2020-08-29 22:54:40,297 [INFO:image_processing] {upload_image:68} [USER]:[Debug_user] Processing image...
2020-08-29 22:54:40,440 [INFO:image_processing] {upload_image:75} [USER]:[Debug_user] Got measurement result
2020-08-29 22:54:42,356 [INFO:image_processing] {upload_image:78} [USER]:[Debug_user] Prepair image date to be response.
2020-08-29 22:54:42,825 [INFO:image_processing] {upload_image:82} [USER]:[Debug_user] Responsed measurement result.
2020-08-29 23:06:56,478 [INFO:main] {<module>:16} [SYSTEM]:Created flask app.
2020-08-29 23:06:56,480 [INFO:main] {<module>:18} [SYSTEM]:Registered image_processing_api blueprint 
2020-08-29 23:06:56,486 [INFO:main] {<module>:20} [SYSTEM]:Registered user_api blueprint 
2020-08-29 23:06:56,489 [INFO:main] {<module>:22} [SYSTEM]:Registered model_management_api blueprint 
2020-08-29 23:06:56,490 [INFO:main] {<module>:24} [SYSTEM]:Registered log_management_api blueprint 
2020-08-29 23:07:03,025 [INFO:main] {<module>:16} [SYSTEM]:Created flask app.
2020-08-29 23:07:03,041 [INFO:main] {<module>:18} [SYSTEM]:Registered image_processing_api blueprint 
2020-08-29 23:07:03,049 [INFO:main] {<module>:20} [SYSTEM]:Registered user_api blueprint 
2020-08-29 23:07:03,053 [INFO:main] {<module>:22} [SYSTEM]:Registered model_management_api blueprint 
2020-08-29 23:07:03,054 [INFO:main] {<module>:24} [SYSTEM]:Registered log_management_api blueprint 
2020-08-29 23:07:05,568 [INFO:main] {<module>:16} [SYSTEM]:Created flask app.
2020-08-29 23:07:05,570 [INFO:main] {<module>:18} [SYSTEM]:Registered image_processing_api blueprint 
2020-08-29 23:07:05,571 [INFO:main] {<module>:20} [SYSTEM]:Registered user_api blueprint 
2020-08-29 23:07:05,577 [INFO:main] {<module>:22} [SYSTEM]:Registered model_management_api blueprint 
2020-08-29 23:07:05,578 [INFO:main] {<module>:24} [SYSTEM]:Registered log_management_api blueprint 
2020-08-29 23:07:08,752 [INFO:main] {<module>:16} [SYSTEM]:Created flask app.
2020-08-29 23:07:08,754 [INFO:main] {<module>:18} [SYSTEM]:Registered image_processing_api blueprint 
2020-08-29 23:07:08,755 [INFO:main] {<module>:20} [SYSTEM]:Registered user_api blueprint 
2020-08-29 23:07:08,761 [INFO:main] {<module>:22} [SYSTEM]:Registered model_management_api blueprint 
2020-08-29 23:07:08,762 [INFO:main] {<module>:24} [SYSTEM]:Registered log_management_api blueprint 
2020-08-29 23:44:42,748 [INFO:main] {<module>:16} [SYSTEM]:Created flask app.
2020-08-29 23:44:42,757 [INFO:main] {<module>:18} [SYSTEM]:Registered image_processing_api blueprint 
2020-08-29 23:44:42,761 [INFO:main] {<module>:20} [SYSTEM]:Registered user_api blueprint 
2020-08-29 23:44:42,764 [INFO:main] {<module>:22} [SYSTEM]:Registered model_management_api blueprint 
2020-08-29 23:44:42,765 [INFO:main] {<module>:24} [SYSTEM]:Registered log_management_api blueprint 
2020-08-29 23:44:43,484 [INFO:main] {<module>:16} [SYSTEM]:Created flask app.
2020-08-29 23:44:43,491 [INFO:main] {<module>:18} [SYSTEM]:Registered image_processing_api blueprint 
2020-08-29 23:44:43,495 [INFO:main] {<module>:20} [SYSTEM]:Registered user_api blueprint 
2020-08-29 23:44:43,498 [INFO:main] {<module>:22} [SYSTEM]:Registered model_management_api blueprint 
2020-08-29 23:44:43,499 [INFO:main] {<module>:24} [SYSTEM]:Registered log_management_api blueprint 
2020-08-29 23:44:59,763 [INFO:main] {<module>:16} [SYSTEM]:Created flask app.
2020-08-29 23:44:59,765 [INFO:main] {<module>:18} [SYSTEM]:Registered image_processing_api blueprint 
2020-08-29 23:44:59,767 [INFO:main] {<module>:20} [SYSTEM]:Registered user_api blueprint 
2020-08-29 23:44:59,780 [INFO:main] {<module>:22} [SYSTEM]:Registered model_management_api blueprint 
2020-08-29 23:44:59,783 [INFO:main] {<module>:24} [SYSTEM]:Registered log_management_api blueprint 
2020-08-29 23:45:02,295 [INFO:main] {<module>:16} [SYSTEM]:Created flask app.
2020-08-29 23:45:02,302 [INFO:main] {<module>:18} [SYSTEM]:Registered image_processing_api blueprint 
2020-08-29 23:45:02,306 [INFO:main] {<module>:20} [SYSTEM]:Registered user_api blueprint 
2020-08-29 23:45:02,308 [INFO:main] {<module>:22} [SYSTEM]:Registered model_management_api blueprint 
2020-08-29 23:45:02,310 [INFO:main] {<module>:24} [SYSTEM]:Registered log_management_api blueprint 
2020-08-29 23:45:05,363 [INFO:main] {<module>:16} [SYSTEM]:Created flask app.
2020-08-29 23:45:05,366 [INFO:main] {<module>:18} [SYSTEM]:Registered image_processing_api blueprint 
2020-08-29 23:45:05,367 [INFO:main] {<module>:20} [SYSTEM]:Registered user_api blueprint 
2020-08-29 23:45:05,373 [INFO:main] {<module>:22} [SYSTEM]:Registered model_management_api blueprint 
2020-08-29 23:45:05,374 [INFO:main] {<module>:24} [SYSTEM]:Registered log_management_api blueprint 
2020-08-29 23:45:12,006 [INFO:main] {<module>:16} [SYSTEM]:Created flask app.
2020-08-29 23:45:12,009 [INFO:main] {<module>:18} [SYSTEM]:Registered image_processing_api blueprint 
2020-08-29 23:45:12,015 [INFO:main] {<module>:20} [SYSTEM]:Registered user_api blueprint 
2020-08-29 23:45:12,018 [INFO:main] {<module>:22} [SYSTEM]:Registered model_management_api blueprint 
2020-08-29 23:45:12,028 [INFO:main] {<module>:24} [SYSTEM]:Registered log_management_api blueprint 
2020-08-29 23:45:14,561 [INFO:main] {<module>:16} [SYSTEM]:Created flask app.
2020-08-29 23:45:14,563 [INFO:main] {<module>:18} [SYSTEM]:Registered image_processing_api blueprint 
2020-08-29 23:45:14,564 [INFO:main] {<module>:20} [SYSTEM]:Registered user_api blueprint 
2020-08-29 23:45:14,565 [INFO:main] {<module>:22} [SYSTEM]:Registered model_management_api blueprint 
2020-08-29 23:45:14,566 [INFO:main] {<module>:24} [SYSTEM]:Registered log_management_api blueprint 
2020-08-29 23:46:29,688 [INFO:main] {<module>:16} [SYSTEM]:Created flask app.
2020-08-29 23:46:29,690 [INFO:main] {<module>:18} [SYSTEM]:Registered image_processing_api blueprint 
2020-08-29 23:46:29,691 [INFO:main] {<module>:20} [SYSTEM]:Registered user_api blueprint 
2020-08-29 23:46:29,699 [INFO:main] {<module>:22} [SYSTEM]:Registered model_management_api blueprint 
2020-08-29 23:46:29,700 [INFO:main] {<module>:24} [SYSTEM]:Registered log_management_api blueprint 
2020-08-29 23:46:35,268 [INFO:main] {<module>:16} [SYSTEM]:Created flask app.
2020-08-29 23:46:35,270 [INFO:main] {<module>:18} [SYSTEM]:Registered image_processing_api blueprint 
2020-08-29 23:46:35,271 [INFO:main] {<module>:20} [SYSTEM]:Registered user_api blueprint 
2020-08-29 23:46:35,273 [INFO:main] {<module>:22} [SYSTEM]:Registered model_management_api blueprint 
2020-08-29 23:46:35,274 [INFO:main] {<module>:24} [SYSTEM]:Registered log_management_api blueprint 
2020-08-29 23:46:39,820 [INFO:main] {<module>:16} [SYSTEM]:Created flask app.
2020-08-29 23:46:39,823 [INFO:main] {<module>:18} [SYSTEM]:Registered image_processing_api blueprint 
2020-08-29 23:46:39,823 [INFO:main] {<module>:20} [SYSTEM]:Registered user_api blueprint 
2020-08-29 23:46:39,826 [INFO:main] {<module>:22} [SYSTEM]:Registered model_management_api blueprint 
2020-08-29 23:46:39,829 [INFO:main] {<module>:24} [SYSTEM]:Registered log_management_api blueprint 
2020-08-29 23:47:31,847 [INFO:main] {<module>:16} [SYSTEM]:Created flask app.
2020-08-29 23:47:31,849 [INFO:main] {<module>:18} [SYSTEM]:Registered image_processing_api blueprint 
2020-08-29 23:47:31,882 [INFO:main] {<module>:20} [SYSTEM]:Registered user_api blueprint 
2020-08-29 23:47:31,893 [INFO:main] {<module>:22} [SYSTEM]:Registered model_management_api blueprint 
2020-08-29 23:47:31,894 [INFO:main] {<module>:24} [SYSTEM]:Registered log_management_api blueprint 
2020-08-29 23:47:34,383 [INFO:main] {<module>:16} [SYSTEM]:Created flask app.
2020-08-29 23:47:34,385 [INFO:main] {<module>:18} [SYSTEM]:Registered image_processing_api blueprint 
2020-08-29 23:47:34,391 [INFO:main] {<module>:20} [SYSTEM]:Registered user_api blueprint 
2020-08-29 23:47:34,394 [INFO:main] {<module>:22} [SYSTEM]:Registered model_management_api blueprint 
2020-08-29 23:47:34,394 [INFO:main] {<module>:24} [SYSTEM]:Registered log_management_api blueprint 
2020-08-29 23:47:45,049 [INFO:main] {<module>:16} [SYSTEM]:Created flask app.
2020-08-29 23:47:45,051 [INFO:main] {<module>:18} [SYSTEM]:Registered image_processing_api blueprint 
2020-08-29 23:47:45,052 [INFO:main] {<module>:20} [SYSTEM]:Registered user_api blueprint 
2020-08-29 23:47:45,055 [INFO:main] {<module>:22} [SYSTEM]:Registered model_management_api blueprint 
2020-08-29 23:47:45,056 [INFO:main] {<module>:24} [SYSTEM]:Registered log_management_api blueprint 
2020-08-29 23:48:01,205 [INFO:main] {<module>:16} [SYSTEM]:Created flask app.
2020-08-29 23:48:01,207 [INFO:main] {<module>:18} [SYSTEM]:Registered image_processing_api blueprint 
2020-08-29 23:48:01,208 [INFO:main] {<module>:20} [SYSTEM]:Registered user_api blueprint 
2020-08-29 23:48:01,210 [INFO:main] {<module>:22} [SYSTEM]:Registered model_management_api blueprint 
2020-08-29 23:48:01,211 [INFO:main] {<module>:24} [SYSTEM]:Registered log_management_api blueprint 
2020-08-29 23:48:22,386 [INFO:main] {<module>:16} [SYSTEM]:Created flask app.
2020-08-29 23:48:22,388 [INFO:main] {<module>:18} [SYSTEM]:Registered image_processing_api blueprint 
2020-08-29 23:48:22,389 [INFO:main] {<module>:20} [SYSTEM]:Registered user_api blueprint 
2020-08-29 23:48:22,391 [INFO:main] {<module>:22} [SYSTEM]:Registered model_management_api blueprint 
2020-08-29 23:48:22,392 [INFO:main] {<module>:24} [SYSTEM]:Registered log_management_api blueprint 
2020-08-29 23:53:13,580 [INFO:main] {<module>:16} [SYSTEM]:Created flask app.
2020-08-29 23:53:13,590 [INFO:main] {<module>:18} [SYSTEM]:Registered image_processing_api blueprint 
2020-08-29 23:53:13,594 [INFO:main] {<module>:20} [SYSTEM]:Registered user_api blueprint 
2020-08-29 23:53:13,597 [INFO:main] {<module>:22} [SYSTEM]:Registered model_management_api blueprint 
2020-08-29 23:53:13,598 [INFO:main] {<module>:24} [SYSTEM]:Registered log_management_api blueprint 
2020-08-29 23:53:14,385 [INFO:main] {<module>:16} [SYSTEM]:Created flask app.
2020-08-29 23:53:14,387 [INFO:main] {<module>:18} [SYSTEM]:Registered image_processing_api blueprint 
2020-08-29 23:53:14,387 [INFO:main] {<module>:20} [SYSTEM]:Registered user_api blueprint 
2020-08-29 23:53:14,391 [INFO:main] {<module>:22} [SYSTEM]:Registered model_management_api blueprint 
2020-08-29 23:53:14,393 [INFO:main] {<module>:24} [SYSTEM]:Registered log_management_api blueprint 
2020-08-29 23:53:33,231 [INFO:image_processing] {upload_image:41} [USER]:[Debug_user] Prepair image data to be measure.
2020-08-29 23:53:33,231 [INFO:image_processing] {upload_image:68} [USER]:[Debug_user] Processing image...
2020-08-29 23:53:33,375 [INFO:image_processing] {upload_image:75} [USER]:[Debug_user] Got measurement result
2020-08-29 23:54:17,221 [INFO:main] {<module>:16} [SYSTEM]:Created flask app.
2020-08-29 23:54:17,223 [INFO:main] {<module>:18} [SYSTEM]:Registered image_processing_api blueprint 
2020-08-29 23:54:17,223 [INFO:main] {<module>:20} [SYSTEM]:Registered user_api blueprint 
2020-08-29 23:54:17,226 [INFO:main] {<module>:22} [SYSTEM]:Registered model_management_api blueprint 
2020-08-29 23:54:17,227 [INFO:main] {<module>:24} [SYSTEM]:Registered log_management_api blueprint 
2020-08-29 23:54:19,761 [INFO:main] {<module>:16} [SYSTEM]:Created flask app.
2020-08-29 23:54:19,763 [INFO:main] {<module>:18} [SYSTEM]:Registered image_processing_api blueprint 
2020-08-29 23:54:19,764 [INFO:main] {<module>:20} [SYSTEM]:Registered user_api blueprint 
2020-08-29 23:54:19,767 [INFO:main] {<module>:22} [SYSTEM]:Registered model_management_api blueprint 
2020-08-29 23:54:19,770 [INFO:main] {<module>:24} [SYSTEM]:Registered log_management_api blueprint 
2020-08-29 23:54:22,373 [INFO:main] {<module>:16} [SYSTEM]:Created flask app.
2020-08-29 23:54:22,375 [INFO:main] {<module>:18} [SYSTEM]:Registered image_processing_api blueprint 
2020-08-29 23:54:22,376 [INFO:main] {<module>:20} [SYSTEM]:Registered user_api blueprint 
2020-08-29 23:54:22,379 [INFO:main] {<module>:22} [SYSTEM]:Registered model_management_api blueprint 
2020-08-29 23:54:22,379 [INFO:main] {<module>:24} [SYSTEM]:Registered log_management_api blueprint 
2020-08-29 23:54:31,895 [INFO:image_processing] {upload_image:41} [USER]:[Debug_user] Prepair image data to be measure.
2020-08-29 23:54:31,896 [INFO:image_processing] {upload_image:68} [USER]:[Debug_user] Processing image...
2020-08-29 23:54:32,042 [INFO:image_processing] {upload_image:75} [USER]:[Debug_user] Got measurement result
2020-08-29 23:55:01,212 [INFO:main] {<module>:16} [SYSTEM]:Created flask app.
2020-08-29 23:55:01,214 [INFO:main] {<module>:18} [SYSTEM]:Registered image_processing_api blueprint 
2020-08-29 23:55:01,220 [INFO:main] {<module>:20} [SYSTEM]:Registered user_api blueprint 
2020-08-29 23:55:01,223 [INFO:main] {<module>:22} [SYSTEM]:Registered model_management_api blueprint 
2020-08-29 23:55:01,223 [INFO:main] {<module>:24} [SYSTEM]:Registered log_management_api blueprint 
2020-08-29 23:55:02,828 [INFO:image_processing] {upload_image:41} [USER]:[Debug_user] Prepair image data to be measure.
2020-08-29 23:55:02,829 [INFO:image_processing] {upload_image:68} [USER]:[Debug_user] Processing image...
2020-08-29 23:55:02,971 [INFO:image_processing] {upload_image:75} [USER]:[Debug_user] Got measurement result
2020-08-29 23:55:24,974 [INFO:main] {<module>:16} [SYSTEM]:Created flask app.
2020-08-29 23:55:24,976 [INFO:main] {<module>:18} [SYSTEM]:Registered image_processing_api blueprint 
2020-08-29 23:55:24,977 [INFO:main] {<module>:20} [SYSTEM]:Registered user_api blueprint 
2020-08-29 23:55:24,984 [INFO:main] {<module>:22} [SYSTEM]:Registered model_management_api blueprint 
2020-08-29 23:55:24,985 [INFO:main] {<module>:24} [SYSTEM]:Registered log_management_api blueprint 
2020-08-29 23:55:28,401 [INFO:image_processing] {upload_image:41} [USER]:[Debug_user] Prepair image data to be measure.
2020-08-29 23:55:28,401 [INFO:image_processing] {upload_image:68} [USER]:[Debug_user] Processing image...
2020-08-29 23:55:28,543 [INFO:image_processing] {upload_image:75} [USER]:[Debug_user] Got measurement result
2020-08-29 23:55:32,233 [DEBUG:image_processing] {measure_obj_size:225} [USER]:distance_list_of_ref_obj : [{'data': {'center_point': [2501.0, 1674.0], 'box': (array([2220., 1411.], dtype=float32), array([2779., 1408.], dtype=float32), array([2782., 1937.], dtype=float32), array([2223., 1940.], dtype=float32))}, 'distance': 17.029386365926403}]
2020-08-29 23:55:32,251 [INFO:image_processing] {upload_image:78} [USER]:[Debug_user] Prepair image date to be response.
2020-08-29 23:55:32,692 [INFO:image_processing] {upload_image:82} [USER]:[Debug_user] Responsed measurement result.
2020-08-29 23:59:59,833 [INFO:main] {<module>:16} [SYSTEM]:Created flask app.
2020-08-29 23:59:59,841 [INFO:main] {<module>:18} [SYSTEM]:Registered image_processing_api blueprint 
2020-08-29 23:59:59,842 [INFO:main] {<module>:20} [SYSTEM]:Registered user_api blueprint 
2020-08-29 23:59:59,845 [INFO:main] {<module>:22} [SYSTEM]:Registered model_management_api blueprint 
2020-08-29 23:59:59,845 [INFO:main] {<module>:24} [SYSTEM]:Registered log_management_api blueprint 
